==========================================================================================
Information: 
Exchange parameters generated by TB2J 0.9.0.1
Generation time: 25/06/02 22:34:20
 Input from non-collinear Siesta data.
 working directory: /Users/hexu/projects/TB2J_SIESTA_TUTORIAL/CrI3/scf/x
 fdf_fname: siesta.fdf.
Warning: The DMI component parallel to the spin orientation, the Jani which has the component of that orientation should be disregarded
 e.g. if the spins are along z, the xz, yz, zz, zx, zy components and the z component of DMI.
 If you need these component, try to do three calculations with spin along x, y, z,  or use structure with z rotated to x, y and z. And then use TB2J_merge.py to get the full set of parameters.

==========================================================================================
Cell (Angstrom):
-6.01281438  3.47150000  0.00000000
-6.01281438  -3.47150000  0.00000000
0.00000000  0.00000000  13.00000000

==========================================================================================
Atoms:  
(Note: charge and magmoms only count the wannier functions.)
Atom_number        x             y             z       w_charge    M(x)      M(y)      M(z)   
Cr1            -4.00854292    0.00000000    6.50000000   14.6031    3.5574    0.0000   -0.0000
Cr2            -8.01708584    0.00000000    6.50000000   14.6031    3.5574    0.0000   -0.0000
I1             -8.08994330   -2.27226905    4.89133207    6.7992   -0.1755   -0.0016    0.0017
I2             -2.07712892   -1.19923094    8.10866793    6.7992   -0.1755    0.0016   -0.0017
I3             -6.01281439    1.07303812    4.89133207    6.7984   -0.1784   -0.0000    0.0000
I4             -6.01281437   -1.07303812    8.10866793    6.7984   -0.1784    0.0000   -0.0000
I5             -9.94849984    1.19923094    4.89133207    6.7992   -0.1755    0.0016   -0.0017
I6             -3.93568546    2.27226905    8.10866793    6.7992   -0.1755   -0.0016    0.0017
Total                                                    70.0000    6.0560    0.0000   -0.0000

==========================================================================================
Exchange: 
    i      j          R        J_iso(meV)          vector          distance(A) 
----------------------------------------------------------------------------------------
   Cr1   Cr2   ( -1,   0,   0)  2.7101   ( 2.004, -3.471,  0.000)  4.009 
J_iso:  2.7101 
[Testing!] DMI: (-0.0000 -0.0000 -0.0000)
[Testing!]J_ani:
[[-10.549  -0.412   0.223]
 [ -0.412  -0.45    0.253]
 [  0.223   0.253  -0.552]]
----------------------------------------------------------------------------------------
   Cr1   Cr2   (  0,  -1,   0)  2.7101   ( 2.004,  3.471,  0.000)  4.009 
J_iso:  2.7101 
[Testing!] DMI: (-0.0000  0.0000  0.0000)
[Testing!]J_ani:
[[-10.549   0.412  -0.223]
 [  0.412  -0.45    0.253]
 [ -0.223   0.253  -0.552]]
----------------------------------------------------------------------------------------
   Cr2   Cr1   (  0,   1,   0)  2.7101   (-2.004, -3.471, -0.000)  4.009 
J_iso:  2.7101 
[Testing!] DMI: ( 0.0000 -0.0000 -0.0000)
[Testing!]J_ani:
[[-10.549   0.412  -0.223]
 [  0.412  -0.45    0.253]
 [ -0.223   0.253  -0.552]]
----------------------------------------------------------------------------------------
   Cr2   Cr1   (  1,   0,   0)  2.7101   (-2.004,  3.471, -0.000)  4.009 
J_iso:  2.7101 
[Testing!] DMI: ( 0.0000  0.0000  0.0000)
[Testing!]J_ani:
[[-10.549  -0.412   0.223]
 [ -0.412  -0.45    0.253]
 [  0.223   0.253  -0.552]]
----------------------------------------------------------------------------------------
   Cr1   Cr2   (  0,   0,   0)  2.4239   (-4.009,  0.000,  0.000)  4.009 
J_iso:  2.4239 
[Testing!] DMI: (-0.0000 -0.0000  0.0000)
[Testing!]J_ani:
[[-10.487  -0.      0.   ]
 [ -0.     -0.915  -0.504]
 [  0.     -0.504  -0.248]]
----------------------------------------------------------------------------------------
   Cr2   Cr1   (  0,   0,   0)  2.4239   ( 4.009,  0.000, -0.000)  4.009 
J_iso:  2.4239 
[Testing!] DMI: ( 0.0000  0.0000 -0.0000)
[Testing!]J_ani:
[[-10.487  -0.      0.   ]
 [ -0.     -0.915  -0.504]
 [  0.     -0.504  -0.248]]
----------------------------------------------------------------------------------------
   Cr1   Cr1   ( -1,   1,   0)  0.8741   ( 0.000, -6.943,  0.000)  6.943 
J_iso:  0.8741 
[Testing!] DMI: ( 0.0000 -0.0643  0.0100)
[Testing!]J_ani:
[[-2.437  0.    -0.   ]
 [ 0.    -0.13  -0.056]
 [-0.    -0.056 -0.118]]
----------------------------------------------------------------------------------------
   Cr2   Cr2   ( -1,   1,   0)  0.8741   ( 0.000, -6.943,  0.000)  6.943 
J_iso:  0.8741 
[Testing!] DMI: (-0.0000  0.0643 -0.0100)
[Testing!]J_ani:
[[-2.437 -0.    -0.   ]
 [-0.    -0.13  -0.056]
 [-0.    -0.056 -0.118]]
----------------------------------------------------------------------------------------
   Cr1   Cr1   (  1,  -1,   0)  0.8741   ( 0.000,  6.943,  0.000)  6.943 
J_iso:  0.8741 
[Testing!] DMI: (-0.0000  0.0643 -0.0100)
[Testing!]J_ani:
[[-2.437  0.    -0.   ]
 [ 0.    -0.13  -0.056]
 [-0.    -0.056 -0.118]]
----------------------------------------------------------------------------------------
   Cr2   Cr2   (  1,  -1,   0)  0.8741   ( 0.000,  6.943,  0.000)  6.943 
J_iso:  0.8741 
[Testing!] DMI: ( 0.0000 -0.0643  0.0100)
[Testing!]J_ani:
[[-2.437 -0.    -0.   ]
 [-0.    -0.13  -0.056]
 [-0.    -0.056 -0.118]]
----------------------------------------------------------------------------------------
   Cr2   Cr2   (  0,   1,   0)  0.8983   (-6.013, -3.471,  0.000)  6.943 
J_iso:  0.8983 
[Testing!] DMI: ( 0.0763  0.0289  0.0162)
[Testing!]J_ani:
[[-2.515 -0.049 -0.12 ]
 [-0.049 -0.064  0.027]
 [-0.12   0.027 -0.149]]
----------------------------------------------------------------------------------------
   Cr2   Cr2   (  1,   0,   0)  0.8983   (-6.013,  3.471,  0.000)  6.943 
J_iso:  0.8983 
[Testing!] DMI: ( 0.0763 -0.0289 -0.0162)
[Testing!]J_ani:
[[-2.515  0.049  0.12 ]
 [ 0.049 -0.064  0.027]
 [ 0.12   0.027 -0.149]]
----------------------------------------------------------------------------------------
   Cr1   Cr1   ( -1,   0,   0)  0.8983   ( 6.013, -3.471,  0.000)  6.943 
J_iso:  0.8983 
[Testing!] DMI: ( 0.0763 -0.0289 -0.0162)
[Testing!]J_ani:
[[-2.515  0.049  0.12 ]
 [ 0.049 -0.064  0.027]
 [ 0.12   0.027 -0.149]]
----------------------------------------------------------------------------------------
   Cr2   Cr2   ( -1,   0,   0)  0.8983   ( 6.013, -3.471,  0.000)  6.943 
J_iso:  0.8983 
[Testing!] DMI: (-0.0763  0.0289  0.0162)
[Testing!]J_ani:
[[-2.515  0.049  0.12 ]
 [ 0.049 -0.064  0.027]
 [ 0.12   0.027 -0.149]]
----------------------------------------------------------------------------------------
   Cr1   Cr1   (  0,  -1,   0)  0.8983   ( 6.013,  3.471,  0.000)  6.943 
J_iso:  0.8983 
[Testing!] DMI: ( 0.0763  0.0289  0.0162)
[Testing!]J_ani:
[[-2.515 -0.049 -0.12 ]
 [-0.049 -0.064  0.027]
 [-0.12   0.027 -0.149]]
----------------------------------------------------------------------------------------
   Cr2   Cr2   (  0,  -1,   0)  0.8983   ( 6.013,  3.471,  0.000)  6.943 
J_iso:  0.8983 
[Testing!] DMI: (-0.0763 -0.0289 -0.0162)
[Testing!]J_ani:
[[-2.515 -0.049 -0.12 ]
 [-0.049 -0.064  0.027]
 [-0.12   0.027 -0.149]]
----------------------------------------------------------------------------------------
   Cr1   Cr1   (  0,   1,   0)  0.8983   (-6.013, -3.471,  0.000)  6.943 
J_iso:  0.8983 
[Testing!] DMI: (-0.0763 -0.0289 -0.0162)
[Testing!]J_ani:
[[-2.515 -0.049 -0.12 ]
 [-0.049 -0.064  0.027]
 [-0.12   0.027 -0.149]]
----------------------------------------------------------------------------------------
   Cr1   Cr1   (  1,   0,   0)  0.8983   (-6.013,  3.471,  0.000)  6.943 
J_iso:  0.8983 
[Testing!] DMI: (-0.0763  0.0289  0.0162)
[Testing!]J_ani:
[[-2.515  0.049  0.12 ]
 [ 0.049 -0.064  0.027]
 [ 0.12   0.027 -0.149]]
----------------------------------------------------------------------------------------
   Cr1   Cr2   ( -1,   1,   0)  0.0821   (-4.009, -6.943,  0.000)  8.017 
J_iso:  0.0821 
[Testing!] DMI: (-0.0000 -0.0000  0.0000)
[Testing!]J_ani:
[[-0.455  0.029  0.012]
 [ 0.029 -0.046  0.015]
 [ 0.012  0.015 -0.059]]
----------------------------------------------------------------------------------------
   Cr2   Cr1   ( -1,   1,   0)  0.0821   ( 4.009, -6.943, -0.000)  8.017 
J_iso:  0.0821 
[Testing!] DMI: ( 0.0000 -0.0000  0.0000)
[Testing!]J_ani:
[[-0.455 -0.029 -0.012]
 [-0.029 -0.046  0.015]
 [-0.012  0.015 -0.059]]
----------------------------------------------------------------------------------------
   Cr1   Cr2   (  1,  -1,   0)  0.0821   (-4.009,  6.943,  0.000)  8.017 
J_iso:  0.0821 
[Testing!] DMI: (-0.0000  0.0000 -0.0000)
[Testing!]J_ani:
[[-0.455 -0.029 -0.012]
 [-0.029 -0.046  0.015]
 [-0.012  0.015 -0.059]]
----------------------------------------------------------------------------------------
   Cr2   Cr1   (  1,  -1,   0)  0.0821   ( 4.009,  6.943, -0.000)  8.017 
J_iso:  0.0821 
[Testing!] DMI: ( 0.0000  0.0000 -0.0000)
[Testing!]J_ani:
[[-0.455  0.029  0.012]
 [ 0.029 -0.046  0.015]
 [ 0.012  0.015 -0.059]]
----------------------------------------------------------------------------------------
   Cr1   Cr2   ( -1,  -1,   0)  0.0667   ( 8.017,  0.000,  0.000)  8.017 
J_iso:  0.0667 
[Testing!] DMI: ( 0.0000  0.0000  0.0000)
[Testing!]J_ani:
[[-0.461  0.     0.   ]
 [ 0.    -0.074 -0.024]
 [ 0.    -0.024 -0.046]]
----------------------------------------------------------------------------------------
   Cr2   Cr1   (  1,   1,   0)  0.0667   (-8.017,  0.000, -0.000)  8.017 
J_iso:  0.0667 
[Testing!] DMI: (-0.0000 -0.0000 -0.0000)
[Testing!]J_ani:
[[-0.461  0.     0.   ]
 [ 0.    -0.074 -0.024]
 [ 0.    -0.024 -0.046]]
----------------------------------------------------------------------------------------
   Cr1   Cr2   ( -2,   1,   0)  0.0220   ( 2.004, -10.415,  0.000) 10.606 
J_iso:  0.0220 
[Testing!] DMI: ( 0.0000  0.0000  0.0000)
[Testing!]J_ani:
[[-0.159  0.008  0.01 ]
 [ 0.008 -0.008 -0.   ]
 [ 0.01  -0.    -0.01 ]]
----------------------------------------------------------------------------------------
   Cr2   Cr1   ( -1,   2,   0)  0.0220   (-2.004, -10.415, -0.000) 10.606 
J_iso:  0.0220 
[Testing!] DMI: (-0.0000  0.0000  0.0000)
[Testing!]J_ani:
[[-0.159 -0.008 -0.01 ]
 [-0.008 -0.008 -0.   ]
 [-0.01  -0.    -0.01 ]]
----------------------------------------------------------------------------------------
   Cr1   Cr2   (  1,  -2,   0)  0.0220   ( 2.004, 10.415,  0.000) 10.606 
J_iso:  0.0220 
[Testing!] DMI: ( 0.0000 -0.0000 -0.0000)
[Testing!]J_ani:
[[-0.159 -0.008 -0.01 ]
 [-0.008 -0.008 -0.   ]
 [-0.01  -0.    -0.01 ]]
----------------------------------------------------------------------------------------
   Cr2   Cr1   (  2,  -1,   0)  0.0220   (-2.004, 10.415, -0.000) 10.606 
J_iso:  0.0220 
[Testing!] DMI: (-0.0000 -0.0000 -0.0000)
[Testing!]J_ani:
[[-0.159  0.008  0.01 ]
 [ 0.008 -0.008 -0.   ]
 [ 0.01  -0.    -0.01 ]]
----------------------------------------------------------------------------------------
   Cr1   Cr2   ( -2,   0,   0)  0.0142   ( 8.017, -6.943,  0.000) 10.606 
J_iso:  0.0142 
[Testing!] DMI: (-0.0000  0.0000 -0.0000)
[Testing!]J_ani:
[[-0.177 -0.011  0.01 ]
 [-0.011 -0.006  0.   ]
 [ 0.01   0.    -0.008]]
----------------------------------------------------------------------------------------
   Cr1   Cr2   (  0,  -2,   0)  0.0142   ( 8.017,  6.943,  0.000) 10.606 
J_iso:  0.0142 
[Testing!] DMI: (-0.0000 -0.0000  0.0000)
[Testing!]J_ani:
[[-0.177  0.011 -0.01 ]
 [ 0.011 -0.006  0.   ]
 [-0.01   0.    -0.008]]
----------------------------------------------------------------------------------------
   Cr2   Cr1   (  0,   2,   0)  0.0142   (-8.017, -6.943, -0.000) 10.606 
J_iso:  0.0142 
[Testing!] DMI: ( 0.0000  0.0000 -0.0000)
[Testing!]J_ani:
[[-0.177  0.011 -0.01 ]
 [ 0.011 -0.006  0.   ]
 [-0.01   0.    -0.008]]
----------------------------------------------------------------------------------------
   Cr2   Cr1   (  2,   0,   0)  0.0142   (-8.017,  6.943, -0.000) 10.606 
J_iso:  0.0142 
[Testing!] DMI: ( 0.0000 -0.0000  0.0000)
[Testing!]J_ani:
[[-0.177 -0.011  0.01 ]
 [-0.011 -0.006  0.   ]
 [ 0.01   0.    -0.008]]
----------------------------------------------------------------------------------------
   Cr2   Cr1   ( -1,   0,   0)  0.0195   (10.021, -3.471, -0.000) 10.606 
J_iso:  0.0195 
[Testing!] DMI: (-0.0000  0.0000 -0.0000)
[Testing!]J_ani:
[[-0.161  0.017 -0.002]
 [ 0.017 -0.011  0.   ]
 [-0.002  0.    -0.008]]
----------------------------------------------------------------------------------------
   Cr2   Cr1   (  0,  -1,   0)  0.0195   (10.021,  3.471, -0.000) 10.606 
J_iso:  0.0195 
[Testing!] DMI: (-0.0000 -0.0000  0.0000)
[Testing!]J_ani:
[[-0.161 -0.017  0.002]
 [-0.017 -0.011  0.   ]
 [ 0.002  0.    -0.008]]
----------------------------------------------------------------------------------------
   Cr1   Cr2   (  0,   1,   0)  0.0195   (-10.021, -3.471,  0.000) 10.606 
J_iso:  0.0195 
[Testing!] DMI: ( 0.0000  0.0000 -0.0000)
[Testing!]J_ani:
[[-0.161 -0.017  0.002]
 [-0.017 -0.011  0.   ]
 [ 0.002  0.    -0.008]]
----------------------------------------------------------------------------------------
   Cr1   Cr2   (  1,   0,   0)  0.0195   (-10.021,  3.471,  0.000) 10.606 
J_iso:  0.0195 
[Testing!] DMI: ( 0.0000 -0.0000  0.0000)
[Testing!]J_ani:
[[-0.161  0.017 -0.002]
 [ 0.017 -0.011  0.   ]
 [-0.002  0.    -0.008]]
----------------------------------------------------------------------------------------
   Cr1   Cr1   ( -2,   1,   0) -0.0333   ( 6.013, -10.415,  0.000) 12.026 
J_iso: -0.0333 
[Testing!] DMI: (-0.0045  0.0063 -0.0009)
[Testing!]J_ani:
[[-0.095  0.001  0.004]
 [ 0.001 -0.006 -0.002]
 [ 0.004 -0.002 -0.005]]
----------------------------------------------------------------------------------------
   Cr2   Cr2   ( -2,   1,   0) -0.0333   ( 6.013, -10.415,  0.000) 12.026 
J_iso: -0.0333 
[Testing!] DMI: ( 0.0045 -0.0063  0.0009)
[Testing!]J_ani:
[[-0.095  0.001  0.004]
 [ 0.001 -0.006 -0.002]
 [ 0.004 -0.002 -0.005]]
----------------------------------------------------------------------------------------
   Cr1   Cr1   ( -1,   2,   0) -0.0333   (-6.013, -10.415,  0.000) 12.026 
J_iso: -0.0333 
[Testing!] DMI: ( 0.0045  0.0063 -0.0009)
[Testing!]J_ani:
[[-0.095 -0.001 -0.004]
 [-0.001 -0.006 -0.002]
 [-0.004 -0.002 -0.005]]
----------------------------------------------------------------------------------------
   Cr2   Cr2   ( -1,   2,   0) -0.0333   (-6.013, -10.415,  0.000) 12.026 
J_iso: -0.0333 
[Testing!] DMI: (-0.0045 -0.0063  0.0009)
[Testing!]J_ani:
[[-0.095 -0.001 -0.004]
 [-0.001 -0.006 -0.002]
 [-0.004 -0.002 -0.005]]
----------------------------------------------------------------------------------------
   Cr1   Cr1   (  1,  -2,   0) -0.0333   ( 6.013, 10.415,  0.000) 12.026 
J_iso: -0.0333 
[Testing!] DMI: (-0.0045 -0.0063  0.0009)
[Testing!]J_ani:
[[-0.095 -0.001 -0.004]
 [-0.001 -0.006 -0.002]
 [-0.004 -0.002 -0.005]]
----------------------------------------------------------------------------------------
   Cr2   Cr2   (  1,  -2,   0) -0.0333   ( 6.013, 10.415,  0.000) 12.026 
J_iso: -0.0333 
[Testing!] DMI: ( 0.0045  0.0063 -0.0009)
[Testing!]J_ani:
[[-0.095 -0.001 -0.004]
 [-0.001 -0.006 -0.002]
 [-0.004 -0.002 -0.005]]
----------------------------------------------------------------------------------------
   Cr1   Cr1   (  2,  -1,   0) -0.0333   (-6.013, 10.415,  0.000) 12.026 
J_iso: -0.0333 
[Testing!] DMI: ( 0.0045 -0.0063  0.0009)
[Testing!]J_ani:
[[-0.095  0.001  0.004]
 [ 0.001 -0.006 -0.002]
 [ 0.004 -0.002 -0.005]]
----------------------------------------------------------------------------------------
   Cr2   Cr2   (  2,  -1,   0) -0.0333   (-6.013, 10.415,  0.000) 12.026 
J_iso: -0.0333 
[Testing!] DMI: (-0.0045  0.0063 -0.0009)
[Testing!]J_ani:
[[-0.095  0.001  0.004]
 [ 0.001 -0.006 -0.002]
 [ 0.004 -0.002 -0.005]]
----------------------------------------------------------------------------------------
   Cr1   Cr1   ( -1,  -1,   0) -0.0351   (12.026,  0.000,  0.000) 12.026 
J_iso: -0.0351 
[Testing!] DMI: (-0.0070 -0.0000 -0.0000)
[Testing!]J_ani:
[[-0.1   -0.     0.   ]
 [-0.    -0.007  0.003]
 [ 0.     0.003 -0.005]]
----------------------------------------------------------------------------------------
   Cr2   Cr2   ( -1,  -1,   0) -0.0351   (12.026,  0.000,  0.000) 12.026 
J_iso: -0.0351 
[Testing!] DMI: ( 0.0070  0.0000  0.0000)
[Testing!]J_ani:
[[-0.1   -0.    -0.   ]
 [-0.    -0.007  0.003]
 [-0.     0.003 -0.005]]
----------------------------------------------------------------------------------------
   Cr1   Cr1   (  1,   1,   0) -0.0351   (-12.026,  0.000,  0.000) 12.026 
J_iso: -0.0351 
[Testing!] DMI: ( 0.0070  0.0000  0.0000)
[Testing!]J_ani:
[[-0.1   -0.     0.   ]
 [-0.    -0.007  0.003]
 [ 0.     0.003 -0.005]]
----------------------------------------------------------------------------------------
   Cr2   Cr2   (  1,   1,   0) -0.0351   (-12.026,  0.000,  0.000) 12.026 
J_iso: -0.0351 
[Testing!] DMI: (-0.0070 -0.0000 -0.0000)
[Testing!]J_ani:
[[-0.1   -0.    -0.   ]
 [-0.    -0.007  0.003]
 [-0.     0.003 -0.005]]
----------------------------------------------------------------------------------------
   Cr1   Cr1   ( -2,   2,   0) -0.0064   ( 0.000, -13.886,  0.000) 13.886 
J_iso: -0.0064 
[Testing!] DMI: ( 0.0000  0.0010 -0.0021)
[Testing!]J_ani:
[[-0.005  0.    -0.   ]
 [ 0.    -0.002  0.   ]
 [-0.     0.    -0.001]]
----------------------------------------------------------------------------------------
   Cr2   Cr2   ( -2,   2,   0) -0.0064   ( 0.000, -13.886,  0.000) 13.886 
J_iso: -0.0064 
[Testing!] DMI: (-0.0000 -0.0010  0.0021)
[Testing!]J_ani:
[[-0.005 -0.    -0.   ]
 [-0.    -0.002  0.   ]
 [-0.     0.    -0.001]]
----------------------------------------------------------------------------------------
   Cr1   Cr1   (  2,  -2,   0) -0.0064   ( 0.000, 13.886,  0.000) 13.886 
J_iso: -0.0064 
[Testing!] DMI: (-0.0000 -0.0010  0.0021)
[Testing!]J_ani:
[[-0.005  0.    -0.   ]
 [ 0.    -0.002  0.   ]
 [-0.     0.    -0.001]]
----------------------------------------------------------------------------------------
   Cr2   Cr2   (  2,  -2,   0) -0.0064   ( 0.000, 13.886,  0.000) 13.886 
J_iso: -0.0064 
[Testing!] DMI: ( 0.0000  0.0010 -0.0021)
[Testing!]J_ani:
[[-0.005 -0.    -0.   ]
 [-0.    -0.002  0.   ]
 [-0.     0.    -0.001]]
----------------------------------------------------------------------------------------
   Cr1   Cr1   ( -2,   0,   0) -0.0061   (12.026, -6.943,  0.000) 13.886 
J_iso: -0.0061 
[Testing!] DMI: ( 0.0027  0.0002  0.0022)
[Testing!]J_ani:
[[-0.008  0.    -0.001]
 [ 0.    -0.002 -0.   ]
 [-0.001 -0.    -0.001]]
----------------------------------------------------------------------------------------
   Cr1   Cr1   (  0,  -2,   0) -0.0061   (12.026,  6.943,  0.000) 13.886 
J_iso: -0.0061 
[Testing!] DMI: ( 0.0027 -0.0002 -0.0022)
[Testing!]J_ani:
[[-0.008 -0.     0.001]
 [-0.    -0.002 -0.   ]
 [ 0.001 -0.    -0.001]]
----------------------------------------------------------------------------------------
   Cr2   Cr2   ( -2,   0,   0) -0.0061   (12.026, -6.943,  0.000) 13.886 
J_iso: -0.0061 
[Testing!] DMI: (-0.0027 -0.0002 -0.0022)
[Testing!]J_ani:
[[-0.008  0.    -0.001]
 [ 0.    -0.002 -0.   ]
 [-0.001 -0.    -0.001]]
----------------------------------------------------------------------------------------
   Cr2   Cr2   (  0,  -2,   0) -0.0061   (12.026,  6.943,  0.000) 13.886 
J_iso: -0.0061 
[Testing!] DMI: (-0.0027  0.0002  0.0022)
[Testing!]J_ani:
[[-0.008 -0.     0.001]
 [-0.    -0.002 -0.   ]
 [ 0.001 -0.    -0.001]]
----------------------------------------------------------------------------------------
   Cr1   Cr1   (  0,   2,   0) -0.0061   (-12.026, -6.943,  0.000) 13.886 
J_iso: -0.0061 
[Testing!] DMI: (-0.0027  0.0002  0.0022)
[Testing!]J_ani:
[[-0.008 -0.     0.001]
 [-0.    -0.002 -0.   ]
 [ 0.001 -0.    -0.001]]
----------------------------------------------------------------------------------------
   Cr2   Cr2   (  0,   2,   0) -0.0061   (-12.026, -6.943,  0.000) 13.886 
J_iso: -0.0061 
[Testing!] DMI: ( 0.0027 -0.0002 -0.0022)
[Testing!]J_ani:
[[-0.008 -0.     0.001]
 [-0.    -0.002 -0.   ]
 [ 0.001 -0.    -0.001]]
----------------------------------------------------------------------------------------
   Cr1   Cr1   (  2,   0,   0) -0.0061   (-12.026,  6.943,  0.000) 13.886 
J_iso: -0.0061 
[Testing!] DMI: (-0.0027 -0.0002 -0.0022)
[Testing!]J_ani:
[[-0.008  0.    -0.001]
 [ 0.    -0.002 -0.   ]
 [-0.001 -0.    -0.001]]
----------------------------------------------------------------------------------------
   Cr2   Cr2   (  2,   0,   0) -0.0061   (-12.026,  6.943,  0.000) 13.886 
J_iso: -0.0061 
[Testing!] DMI: ( 0.0027  0.0002  0.0022)
[Testing!]J_ani:
[[-0.008  0.    -0.001]
 [ 0.    -0.002 -0.   ]
 [-0.001 -0.    -0.001]]
----------------------------------------------------------------------------------------
   Cr1   Cr2   ( -2,   2,   0)  0.0016   (-4.009, -13.886,  0.000) 14.453 
J_iso:  0.0016 
[Testing!] DMI: (-0.0000  0.0000  0.0000)
[Testing!]J_ani:
[[-0.01  -0.002 -0.   ]
 [-0.002 -0.002 -0.   ]
 [-0.    -0.    -0.   ]]
----------------------------------------------------------------------------------------
   Cr2   Cr1   ( -2,   2,   0)  0.0016   ( 4.009, -13.886, -0.000) 14.453 
J_iso:  0.0016 
[Testing!] DMI: ( 0.0000  0.0000  0.0000)
[Testing!]J_ani:
[[-0.01   0.002  0.   ]
 [ 0.002 -0.002 -0.   ]
 [ 0.    -0.    -0.   ]]
----------------------------------------------------------------------------------------
   Cr1   Cr2   (  2,  -2,   0)  0.0016   (-4.009, 13.886,  0.000) 14.453 
J_iso:  0.0016 
[Testing!] DMI: (-0.0000 -0.0000 -0.0000)
[Testing!]J_ani:
[[-0.01   0.002  0.   ]
 [ 0.002 -0.002 -0.   ]
 [ 0.    -0.    -0.   ]]
----------------------------------------------------------------------------------------
   Cr2   Cr1   (  2,  -2,   0)  0.0016   ( 4.009, 13.886, -0.000) 14.453 
J_iso:  0.0016 
[Testing!] DMI: ( 0.0000 -0.0000 -0.0000)
[Testing!]J_ani:
[[-0.01  -0.002 -0.   ]
 [-0.002 -0.002 -0.   ]
 [-0.    -0.    -0.   ]]
----------------------------------------------------------------------------------------
   Cr2   Cr1   ( -2,   1,   0)  0.0018   (10.021, -10.415, -0.000) 14.453 
J_iso:  0.0018 
[Testing!] DMI: (-0.0000 -0.0000 -0.0000)
[Testing!]J_ani:
[[-0.009 -0.001  0.   ]
 [-0.001 -0.002  0.001]
 [ 0.     0.001 -0.001]]
----------------------------------------------------------------------------------------
   Cr1   Cr2   ( -1,   2,   0)  0.0018   (-10.021, -10.415,  0.000) 14.453 
J_iso:  0.0018 
[Testing!] DMI: ( 0.0000 -0.0000 -0.0000)
[Testing!]J_ani:
[[-0.009  0.001 -0.   ]
 [ 0.001 -0.002  0.001]
 [-0.     0.001 -0.001]]
----------------------------------------------------------------------------------------
   Cr2   Cr1   (  1,  -2,   0)  0.0018   (10.021, 10.415, -0.000) 14.453 
J_iso:  0.0018 
[Testing!] DMI: (-0.0000  0.0000  0.0000)
[Testing!]J_ani:
[[-0.009  0.001 -0.   ]
 [ 0.001 -0.002  0.001]
 [-0.     0.001 -0.001]]
----------------------------------------------------------------------------------------
   Cr1   Cr2   (  2,  -1,   0)  0.0018   (-10.021, 10.415,  0.000) 14.453 
J_iso:  0.0018 
[Testing!] DMI: ( 0.0000  0.0000  0.0000)
[Testing!]J_ani:
[[-0.009 -0.001  0.   ]
 [-0.001 -0.002  0.001]
 [ 0.     0.001 -0.001]]
----------------------------------------------------------------------------------------
   Cr1   Cr2   ( -2,  -1,   0)  0.0021   (14.030, -3.471,  0.000) 14.453 
J_iso:  0.0021 
[Testing!] DMI: ( 0.0000  0.0000 -0.0000)
[Testing!]J_ani:
[[-0.009  0.001 -0.   ]
 [ 0.001 -0.003 -0.001]
 [-0.    -0.001 -0.   ]]
----------------------------------------------------------------------------------------
   Cr1   Cr2   ( -1,  -2,   0)  0.0021   (14.030,  3.471,  0.000) 14.453 
J_iso:  0.0021 
[Testing!] DMI: ( 0.0000 -0.0000  0.0000)
[Testing!]J_ani:
[[-0.009 -0.001  0.   ]
 [-0.001 -0.003 -0.001]
 [ 0.    -0.001 -0.   ]]
----------------------------------------------------------------------------------------
   Cr2   Cr1   (  1,   2,   0)  0.0021   (-14.030, -3.471, -0.000) 14.453 
J_iso:  0.0021 
[Testing!] DMI: (-0.0000  0.0000 -0.0000)
[Testing!]J_ani:
[[-0.009 -0.001  0.   ]
 [-0.001 -0.003 -0.001]
 [ 0.    -0.001 -0.   ]]
----------------------------------------------------------------------------------------
   Cr2   Cr1   (  2,   1,   0)  0.0021   (-14.030,  3.471, -0.000) 14.453 
J_iso:  0.0021 
[Testing!] DMI: (-0.0000 -0.0000  0.0000)
[Testing!]J_ani:
[[-0.009  0.001 -0.   ]
 [ 0.001 -0.003 -0.001]
 [-0.    -0.001 -0.   ]]
----------------------------------------------------------------------------------------
   Cr1   Cr2   ( -3,   1,   0) -0.0049   ( 8.017, -13.886,  0.000) 16.034 
J_iso: -0.0049 
[Testing!] DMI: ( 0.0000 -0.0000 -0.0000)
[Testing!]J_ani:
[[-0.022 -0.     0.001]
 [-0.    -0.001 -0.   ]
 [ 0.001 -0.    -0.002]]
----------------------------------------------------------------------------------------
   Cr2   Cr1   ( -1,   3,   0) -0.0049   (-8.017, -13.886, -0.000) 16.034 
J_iso: -0.0049 
[Testing!] DMI: (-0.0000 -0.0000 -0.0000)
[Testing!]J_ani:
[[-0.022  0.    -0.001]
 [ 0.    -0.001 -0.   ]
 [-0.001 -0.    -0.002]]
----------------------------------------------------------------------------------------
   Cr1   Cr2   (  1,  -3,   0) -0.0049   ( 8.017, 13.886,  0.000) 16.034 
J_iso: -0.0049 
[Testing!] DMI: ( 0.0000  0.0000  0.0000)
[Testing!]J_ani:
[[-0.022  0.    -0.001]
 [ 0.    -0.001 -0.   ]
 [-0.001 -0.    -0.002]]
----------------------------------------------------------------------------------------
   Cr2   Cr1   (  3,  -1,   0) -0.0049   (-8.017, 13.886, -0.000) 16.034 
J_iso: -0.0049 
[Testing!] DMI: (-0.0000  0.0000  0.0000)
[Testing!]J_ani:
[[-0.022 -0.     0.001]
 [-0.    -0.001 -0.   ]
 [ 0.001 -0.    -0.002]]
----------------------------------------------------------------------------------------
   Cr2   Cr1   ( -1,  -1,   0) -0.0058   (16.034,  0.000, -0.000) 16.034 
J_iso: -0.0058 
[Testing!] DMI: ( 0.0000  0.0000  0.0000)
[Testing!]J_ani:
[[-0.021 -0.     0.   ]
 [-0.    -0.001  0.001]
 [ 0.     0.001 -0.001]]
----------------------------------------------------------------------------------------
   Cr1   Cr2   (  1,   1,   0) -0.0058   (-16.034,  0.000,  0.000) 16.034 
J_iso: -0.0058 
[Testing!] DMI: (-0.0000 -0.0000 -0.0000)
[Testing!]J_ani:
[[-0.021 -0.     0.   ]
 [-0.    -0.001  0.001]
 [ 0.     0.001 -0.001]]
----------------------------------------------------------------------------------------
   Cr2   Cr1   ( -2,   3,   0) -0.0005   (-2.004, -17.357, -0.000) 17.473 
J_iso: -0.0005 
[Testing!] DMI: (-0.0000 -0.0000 -0.0000)
[Testing!]J_ani:
[[-0.002 -0.     0.   ]
 [-0.    -0.    -0.   ]
 [ 0.    -0.    -0.   ]]
----------------------------------------------------------------------------------------
   Cr1   Cr2   (  2,  -3,   0) -0.0005   ( 2.004, 17.357,  0.000) 17.473 
J_iso: -0.0005 
[Testing!] DMI: ( 0.0000  0.0000  0.0000)
[Testing!]J_ani:
[[-0.002 -0.     0.   ]
 [-0.    -0.    -0.   ]
 [ 0.    -0.    -0.   ]]
----------------------------------------------------------------------------------------
   Cr1   Cr2   ( -3,   2,   0) -0.0005   ( 2.004, -17.358,  0.000) 17.473 
J_iso: -0.0005 
[Testing!] DMI: ( 0.0000 -0.0000 -0.0000)
[Testing!]J_ani:
[[-0.002  0.    -0.   ]
 [ 0.    -0.    -0.   ]
 [-0.    -0.    -0.   ]]
----------------------------------------------------------------------------------------
   Cr2   Cr1   (  3,  -2,   0) -0.0005   (-2.004, 17.358, -0.000) 17.473 
J_iso: -0.0005 
[Testing!] DMI: (-0.0000  0.0000  0.0000)
[Testing!]J_ani:
[[-0.002  0.    -0.   ]
 [ 0.    -0.    -0.   ]
 [-0.    -0.    -0.   ]]
----------------------------------------------------------------------------------------
   Cr1   Cr2   ( -3,   0,   0) -0.0003   (14.030, -10.415,  0.000) 17.473 
J_iso: -0.0003 
[Testing!] DMI: (-0.0000  0.0000  0.0000)
[Testing!]J_ani:
[[-0.003 -0.     0.   ]
 [-0.    -0.     0.   ]
 [ 0.     0.    -0.   ]]
----------------------------------------------------------------------------------------
   Cr1   Cr2   (  0,  -3,   0) -0.0003   (14.030, 10.415,  0.000) 17.473 
J_iso: -0.0003 
[Testing!] DMI: (-0.0000 -0.0000 -0.0000)
[Testing!]J_ani:
[[-0.003  0.    -0.   ]
 [ 0.    -0.     0.   ]
 [-0.     0.    -0.   ]]
----------------------------------------------------------------------------------------
   Cr2   Cr1   (  0,   3,   0) -0.0003   (-14.030, -10.415, -0.000) 17.473 
J_iso: -0.0003 
[Testing!] DMI: ( 0.0000  0.0000  0.0000)
[Testing!]J_ani:
[[-0.003  0.    -0.   ]
 [ 0.    -0.     0.   ]
 [-0.     0.    -0.   ]]
----------------------------------------------------------------------------------------
   Cr2   Cr1   (  3,   0,   0) -0.0003   (-14.030, 10.415, -0.000) 17.473 
J_iso: -0.0003 
[Testing!] DMI: ( 0.0000 -0.0000 -0.0000)
[Testing!]J_ani:
[[-0.003 -0.     0.   ]
 [-0.    -0.     0.   ]
 [ 0.     0.    -0.   ]]
----------------------------------------------------------------------------------------
   Cr2   Cr1   ( -2,   0,   0) -0.0004   (16.034, -6.943, -0.000) 17.473 
J_iso: -0.0004 
[Testing!] DMI: ( 0.0000 -0.0000  0.0000)
[Testing!]J_ani:
[[-0.002  0.     0.   ]
 [ 0.    -0.    -0.   ]
 [ 0.    -0.    -0.   ]]
----------------------------------------------------------------------------------------
   Cr2   Cr1   (  0,  -2,   0) -0.0004   (16.034,  6.943, -0.000) 17.473 
J_iso: -0.0004 
[Testing!] DMI: ( 0.0000  0.0000 -0.0000)
[Testing!]J_ani:
[[-0.002 -0.    -0.   ]
 [-0.    -0.    -0.   ]
 [-0.    -0.    -0.   ]]
----------------------------------------------------------------------------------------
   Cr1   Cr2   (  0,   2,   0) -0.0004   (-16.034, -6.943,  0.000) 17.473 
J_iso: -0.0004 
[Testing!] DMI: (-0.0000 -0.0000  0.0000)
[Testing!]J_ani:
[[-0.002 -0.    -0.   ]
 [-0.    -0.    -0.   ]
 [-0.    -0.    -0.   ]]
----------------------------------------------------------------------------------------
   Cr1   Cr2   (  2,   0,   0) -0.0004   (-16.034,  6.943,  0.000) 17.473 
J_iso: -0.0004 
[Testing!] DMI: (-0.0000  0.0000 -0.0000)
[Testing!]J_ani:
[[-0.002  0.     0.   ]
 [ 0.    -0.    -0.   ]
 [ 0.    -0.    -0.   ]]
----------------------------------------------------------------------------------------
   Cr1   Cr1   ( -2,   3,   0)  0.0005   (-6.013, -17.357,  0.000) 18.369 
J_iso:  0.0005 
[Testing!] DMI: ( 0.0000  0.0001 -0.0001)
[Testing!]J_ani:
[[-0.003 -0.     0.   ]
 [-0.    -0.     0.   ]
 [ 0.     0.    -0.   ]]
----------------------------------------------------------------------------------------
   Cr2   Cr2   ( -2,   3,   0)  0.0005   (-6.013, -17.357,  0.000) 18.369 
J_iso:  0.0005 
[Testing!] DMI: (-0.0000 -0.0001  0.0001)
[Testing!]J_ani:
[[-0.003 -0.     0.   ]
 [-0.    -0.     0.   ]
 [ 0.     0.    -0.   ]]
----------------------------------------------------------------------------------------
   Cr1   Cr1   (  2,  -3,   0)  0.0005   ( 6.013, 17.357,  0.000) 18.369 
J_iso:  0.0005 
[Testing!] DMI: (-0.0000 -0.0001  0.0001)
[Testing!]J_ani:
[[-0.003 -0.     0.   ]
 [-0.    -0.     0.   ]
 [ 0.     0.    -0.   ]]
----------------------------------------------------------------------------------------
   Cr2   Cr2   (  2,  -3,   0)  0.0005   ( 6.013, 17.357,  0.000) 18.369 
J_iso:  0.0005 
[Testing!] DMI: ( 0.0000  0.0001 -0.0001)
[Testing!]J_ani:
[[-0.003 -0.     0.   ]
 [-0.    -0.     0.   ]
 [ 0.     0.    -0.   ]]
----------------------------------------------------------------------------------------
   Cr1   Cr1   ( -3,   2,   0)  0.0005   ( 6.013, -17.358,  0.000) 18.369 
J_iso:  0.0005 
[Testing!] DMI: (-0.0000  0.0001 -0.0001)
[Testing!]J_ani:
[[-0.003  0.    -0.   ]
 [ 0.    -0.     0.   ]
 [-0.     0.    -0.   ]]
----------------------------------------------------------------------------------------
   Cr2   Cr2   ( -3,   2,   0)  0.0005   ( 6.013, -17.358,  0.000) 18.369 
J_iso:  0.0005 
[Testing!] DMI: ( 0.0000 -0.0001  0.0001)
[Testing!]J_ani:
[[-0.003  0.    -0.   ]
 [ 0.    -0.     0.   ]
 [-0.     0.    -0.   ]]
----------------------------------------------------------------------------------------
   Cr1   Cr1   (  3,  -2,   0)  0.0005   (-6.013, 17.358,  0.000) 18.369 
J_iso:  0.0005 
[Testing!] DMI: ( 0.0000 -0.0001  0.0001)
[Testing!]J_ani:
[[-0.003  0.    -0.   ]
 [ 0.    -0.     0.   ]
 [-0.     0.    -0.   ]]
----------------------------------------------------------------------------------------
   Cr2   Cr2   (  3,  -2,   0)  0.0005   (-6.013, 17.358,  0.000) 18.369 
J_iso:  0.0005 
[Testing!] DMI: (-0.0000  0.0001 -0.0001)
[Testing!]J_ani:
[[-0.003  0.    -0.   ]
 [ 0.    -0.     0.   ]
 [-0.     0.    -0.   ]]
----------------------------------------------------------------------------------------
   Cr1   Cr1   (  1,  -3,   0)  0.0005   (12.026, 13.886,  0.000) 18.369 
J_iso:  0.0005 
[Testing!] DMI: (-0.0000 -0.0001 -0.0002)
[Testing!]J_ani:
[[-0.003  0.    -0.   ]
 [ 0.    -0.     0.   ]
 [-0.     0.    -0.   ]]
----------------------------------------------------------------------------------------
   Cr1   Cr1   ( -3,   1,   0)  0.0005   (12.026, -13.886,  0.000) 18.369 
J_iso:  0.0005 
[Testing!] DMI: (-0.0000  0.0001  0.0002)
[Testing!]J_ani:
[[-0.003 -0.     0.   ]
 [-0.    -0.     0.   ]
 [ 0.     0.    -0.   ]]
----------------------------------------------------------------------------------------
   Cr2   Cr2   ( -3,   1,   0)  0.0005   (12.026, -13.886,  0.000) 18.369 
J_iso:  0.0005 
[Testing!] DMI: ( 0.0000 -0.0001 -0.0002)
[Testing!]J_ani:
[[-0.003 -0.     0.   ]
 [-0.    -0.     0.   ]
 [ 0.     0.    -0.   ]]
----------------------------------------------------------------------------------------
   Cr1   Cr1   ( -1,   3,   0)  0.0005   (-12.026, -13.886,  0.000) 18.369 
J_iso:  0.0005 
[Testing!] DMI: ( 0.0000  0.0001  0.0002)
[Testing!]J_ani:
[[-0.003  0.    -0.   ]
 [ 0.    -0.     0.   ]
 [-0.     0.    -0.   ]]
----------------------------------------------------------------------------------------
   Cr2   Cr2   ( -1,   3,   0)  0.0005   (-12.026, -13.886,  0.000) 18.369 
J_iso:  0.0005 
[Testing!] DMI: (-0.0000 -0.0001 -0.0002)
[Testing!]J_ani:
[[-0.003  0.    -0.   ]
 [ 0.    -0.     0.   ]
 [-0.     0.    -0.   ]]
----------------------------------------------------------------------------------------
   Cr2   Cr2   (  1,  -3,   0)  0.0005   (12.026, 13.886,  0.000) 18.369 
J_iso:  0.0005 
[Testing!] DMI: ( 0.0000  0.0001  0.0002)
[Testing!]J_ani:
[[-0.003  0.    -0.   ]
 [ 0.    -0.     0.   ]
 [-0.     0.    -0.   ]]
----------------------------------------------------------------------------------------
   Cr1   Cr1   (  3,  -1,   0)  0.0005   (-12.026, 13.886,  0.000) 18.369 
J_iso:  0.0005 
[Testing!] DMI: ( 0.0000 -0.0001 -0.0002)
[Testing!]J_ani:
[[-0.003 -0.     0.   ]
 [-0.    -0.     0.   ]
 [ 0.     0.    -0.   ]]
----------------------------------------------------------------------------------------
   Cr2   Cr2   (  3,  -1,   0)  0.0005   (-12.026, 13.886,  0.000) 18.369 
J_iso:  0.0005 
[Testing!] DMI: (-0.0000  0.0001  0.0002)
[Testing!]J_ani:
[[-0.003 -0.     0.   ]
 [-0.    -0.     0.   ]
 [ 0.     0.    -0.   ]]
----------------------------------------------------------------------------------------
   Cr1   Cr1   ( -2,  -1,   0)  0.0005   (18.038, -3.471,  0.000) 18.369 
J_iso:  0.0005 
[Testing!] DMI: (-0.0000  0.0000  0.0002)
[Testing!]J_ani:
[[-0.003  0.     0.   ]
 [ 0.    -0.    -0.   ]
 [ 0.    -0.    -0.   ]]
----------------------------------------------------------------------------------------
   Cr2   Cr2   ( -2,  -1,   0)  0.0005   (18.038, -3.471,  0.000) 18.369 
J_iso:  0.0005 
[Testing!] DMI: ( 0.0000 -0.0000 -0.0002)
[Testing!]J_ani:
[[-0.003  0.     0.   ]
 [ 0.    -0.    -0.   ]
 [ 0.    -0.    -0.   ]]
----------------------------------------------------------------------------------------
   Cr1   Cr1   ( -1,  -2,   0)  0.0005   (18.038,  3.471,  0.000) 18.369 
J_iso:  0.0005 
[Testing!] DMI: (-0.0000 -0.0000 -0.0002)
[Testing!]J_ani:
[[-0.003 -0.    -0.   ]
 [-0.    -0.    -0.   ]
 [-0.    -0.    -0.   ]]
----------------------------------------------------------------------------------------
   Cr2   Cr2   ( -1,  -2,   0)  0.0005   (18.038,  3.471,  0.000) 18.369 
J_iso:  0.0005 
[Testing!] DMI: ( 0.0000  0.0000  0.0002)
[Testing!]J_ani:
[[-0.003 -0.    -0.   ]
 [-0.    -0.    -0.   ]
 [-0.    -0.    -0.   ]]
----------------------------------------------------------------------------------------
   Cr1   Cr1   (  1,   2,   0)  0.0005   (-18.038, -3.471,  0.000) 18.369 
J_iso:  0.0005 
[Testing!] DMI: ( 0.0000  0.0000  0.0002)
[Testing!]J_ani:
[[-0.003 -0.    -0.   ]
 [-0.    -0.    -0.   ]
 [-0.    -0.    -0.   ]]
----------------------------------------------------------------------------------------
   Cr2   Cr2   (  1,   2,   0)  0.0005   (-18.038, -3.471,  0.000) 18.369 
J_iso:  0.0005 
[Testing!] DMI: (-0.0000 -0.0000 -0.0002)
[Testing!]J_ani:
[[-0.003 -0.    -0.   ]
 [-0.    -0.    -0.   ]
 [-0.    -0.    -0.   ]]
----------------------------------------------------------------------------------------
   Cr1   Cr1   (  2,   1,   0)  0.0005   (-18.038,  3.471,  0.000) 18.369 
J_iso:  0.0005 
[Testing!] DMI: ( 0.0000 -0.0000 -0.0002)
[Testing!]J_ani:
[[-0.003  0.     0.   ]
 [ 0.    -0.    -0.   ]
 [ 0.    -0.    -0.   ]]
----------------------------------------------------------------------------------------
   Cr2   Cr2   (  2,   1,   0)  0.0005   (-18.038,  3.471,  0.000) 18.369 
J_iso:  0.0005 
[Testing!] DMI: (-0.0000  0.0000  0.0002)
[Testing!]J_ani:
[[-0.003  0.     0.   ]
 [ 0.    -0.    -0.   ]
 [ 0.    -0.    -0.   ]]
----------------------------------------------------------------------------------------
   Cr1   Cr2   ( -2,   3,   0)  0.0004   (-10.021, -17.357,  0.000) 20.043 
J_iso:  0.0004 
[Testing!] DMI: ( 0.0000  0.0000 -0.0000)
[Testing!]J_ani:
[[-0.002  0.    -0.   ]
 [ 0.    -0.    -0.   ]
 [-0.    -0.    -0.   ]]
----------------------------------------------------------------------------------------
   Cr2   Cr1   (  2,  -3,   0)  0.0004   (10.021, 17.357, -0.000) 20.043 
J_iso:  0.0004 
[Testing!] DMI: (-0.0000 -0.0000  0.0000)
[Testing!]J_ani:
[[-0.002  0.    -0.   ]
 [ 0.    -0.    -0.   ]
 [-0.    -0.    -0.   ]]
----------------------------------------------------------------------------------------
   Cr2   Cr1   ( -3,   2,   0)  0.0004   (10.021, -17.358, -0.000) 20.043 
J_iso:  0.0004 
[Testing!] DMI: (-0.0000  0.0000 -0.0000)
[Testing!]J_ani:
[[-0.002 -0.     0.   ]
 [-0.    -0.    -0.   ]
 [ 0.    -0.    -0.   ]]
----------------------------------------------------------------------------------------
   Cr1   Cr2   (  3,  -2,   0)  0.0004   (-10.021, 17.358,  0.000) 20.043 
J_iso:  0.0004 
[Testing!] DMI: ( 0.0000 -0.0000  0.0000)
[Testing!]J_ani:
[[-0.002 -0.     0.   ]
 [-0.    -0.    -0.   ]
 [ 0.    -0.    -0.   ]]
----------------------------------------------------------------------------------------
   Cr1   Cr2   ( -2,  -2,   0)  0.0004   (20.043,  0.000,  0.000) 20.043 
J_iso:  0.0004 
[Testing!] DMI: (-0.0000  0.0000 -0.0000)
[Testing!]J_ani:
[[-0.002  0.    -0.   ]
 [ 0.    -0.     0.   ]
 [-0.     0.    -0.   ]]
----------------------------------------------------------------------------------------
   Cr2   Cr1   (  2,   2,   0)  0.0004   (-20.043,  0.000, -0.000) 20.043 
J_iso:  0.0004 
[Testing!] DMI: ( 0.0000 -0.0000  0.0000)
[Testing!]J_ani:
[[-0.002  0.    -0.   ]
 [ 0.    -0.     0.   ]
 [-0.     0.    -0.   ]]
----------------------------------------------------------------------------------------
   Cr1   Cr1   ( -3,   3,   0) -0.0001   ( 0.000, -20.829,  0.000) 20.829 
J_iso: -0.0001 
[Testing!] DMI: (-0.0000  0.0000 -0.0001)
[Testing!]J_ani:
[[-0.001 -0.     0.   ]
 [-0.    -0.    -0.   ]
 [ 0.    -0.    -0.   ]]
----------------------------------------------------------------------------------------
   Cr2   Cr2   ( -3,   3,   0) -0.0001   ( 0.000, -20.829,  0.000) 20.829 
J_iso: -0.0001 
[Testing!] DMI: ( 0.0000 -0.0000  0.0001)
[Testing!]J_ani:
[[-0.001 -0.     0.   ]
 [-0.    -0.    -0.   ]
 [ 0.    -0.    -0.   ]]
----------------------------------------------------------------------------------------
   Cr1   Cr1   (  3,  -3,   0) -0.0001   (-0.000, 20.829,  0.000) 20.829 
J_iso: -0.0001 
[Testing!] DMI: ( 0.0000 -0.0000  0.0001)
[Testing!]J_ani:
[[-0.001 -0.     0.   ]
 [-0.    -0.    -0.   ]
 [ 0.    -0.    -0.   ]]
----------------------------------------------------------------------------------------
   Cr2   Cr2   (  3,  -3,   0) -0.0001   ( 0.000, 20.829,  0.000) 20.829 
J_iso: -0.0001 
[Testing!] DMI: (-0.0000  0.0000 -0.0001)
[Testing!]J_ani:
[[-0.001 -0.     0.   ]
 [-0.    -0.    -0.   ]
 [ 0.    -0.    -0.   ]]
----------------------------------------------------------------------------------------
   Cr1   Cr1   ( -3,   0,   0) -0.0001   (18.038, -10.415,  0.000) 20.829 
J_iso: -0.0001 
[Testing!] DMI: (-0.0001  0.0000  0.0001)
[Testing!]J_ani:
[[-0.001 -0.     0.   ]
 [-0.    -0.     0.   ]
 [ 0.     0.    -0.   ]]
----------------------------------------------------------------------------------------
   Cr2   Cr2   ( -3,   0,   0) -0.0001   (18.038, -10.415,  0.000) 20.829 
J_iso: -0.0001 
[Testing!] DMI: ( 0.0001 -0.0000 -0.0001)
[Testing!]J_ani:
[[-0.001 -0.     0.   ]
 [-0.    -0.     0.   ]
 [ 0.     0.    -0.   ]]
----------------------------------------------------------------------------------------
   Cr1   Cr1   (  0,  -3,   0) -0.0001   (18.038, 10.415,  0.000) 20.829 
J_iso: -0.0001 
[Testing!] DMI: (-0.0001 -0.0000 -0.0001)
[Testing!]J_ani:
[[-0.001  0.    -0.   ]
 [ 0.    -0.     0.   ]
 [-0.     0.    -0.   ]]
----------------------------------------------------------------------------------------
   Cr2   Cr2   (  0,  -3,   0) -0.0001   (18.038, 10.415,  0.000) 20.829 
J_iso: -0.0001 
[Testing!] DMI: ( 0.0001  0.0000  0.0001)
[Testing!]J_ani:
[[-0.001  0.    -0.   ]
 [ 0.    -0.     0.   ]
 [-0.     0.    -0.   ]]
----------------------------------------------------------------------------------------
   Cr1   Cr1   (  0,   3,   0) -0.0001   (-18.038, -10.415,  0.000) 20.829 
J_iso: -0.0001 
[Testing!] DMI: ( 0.0001  0.0000  0.0001)
[Testing!]J_ani:
[[-0.001  0.    -0.   ]
 [ 0.    -0.     0.   ]
 [-0.     0.    -0.   ]]
----------------------------------------------------------------------------------------
   Cr2   Cr2   (  0,   3,   0) -0.0001   (-18.038, -10.415,  0.000) 20.829 
J_iso: -0.0001 
[Testing!] DMI: (-0.0001 -0.0000 -0.0001)
[Testing!]J_ani:
[[-0.001  0.    -0.   ]
 [ 0.    -0.     0.   ]
 [-0.     0.    -0.   ]]
----------------------------------------------------------------------------------------
   Cr1   Cr1   (  3,   0,   0) -0.0001   (-18.038, 10.415,  0.000) 20.829 
J_iso: -0.0001 
[Testing!] DMI: ( 0.0001 -0.0000 -0.0001)
[Testing!]J_ani:
[[-0.001 -0.     0.   ]
 [-0.    -0.     0.   ]
 [ 0.     0.    -0.   ]]
----------------------------------------------------------------------------------------
   Cr2   Cr2   (  3,   0,   0) -0.0001   (-18.038, 10.415,  0.000) 20.829 
J_iso: -0.0001 
[Testing!] DMI: (-0.0001  0.0000  0.0001)
[Testing!]J_ani:
[[-0.001 -0.     0.   ]
 [-0.    -0.     0.   ]
 [ 0.     0.    -0.   ]]
----------------------------------------------------------------------------------------
   Cr1   Cr2   ( -3,   3,   0) -0.0000   (-4.009, -20.829,  0.000) 21.211 
J_iso: -0.0000 
[Testing!] DMI: ( 0.0000  0.0000  0.0000)
[Testing!]J_ani:
[[-0. -0. -0.]
 [-0. -0. -0.]
 [-0. -0. -0.]]
----------------------------------------------------------------------------------------
   Cr2   Cr1   ( -3,   3,   0) -0.0000   ( 4.009, -20.829, -0.000) 21.211 
J_iso: -0.0000 
[Testing!] DMI: (-0.0000  0.0000  0.0000)
[Testing!]J_ani:
[[-0.  0.  0.]
 [ 0. -0. -0.]
 [ 0. -0. -0.]]
----------------------------------------------------------------------------------------
   Cr1   Cr2   (  3,  -3,   0) -0.0000   (-4.009, 20.829,  0.000) 21.211 
J_iso: -0.0000 
[Testing!] DMI: ( 0.0000 -0.0000 -0.0000)
[Testing!]J_ani:
[[-0.  0.  0.]
 [ 0. -0. -0.]
 [ 0. -0. -0.]]
----------------------------------------------------------------------------------------
   Cr2   Cr1   (  3,  -3,   0) -0.0000   ( 4.009, 20.829, -0.000) 21.211 
J_iso: -0.0000 
[Testing!] DMI: (-0.0000 -0.0000 -0.0000)
[Testing!]J_ani:
[[-0. -0. -0.]
 [-0. -0. -0.]
 [-0. -0. -0.]]
----------------------------------------------------------------------------------------
   Cr2   Cr1   (  1,  -3,   0) -0.0001   (16.034, 13.886, -0.000) 21.211 
J_iso: -0.0001 
[Testing!] DMI: ( 0.0000  0.0000  0.0000)
[Testing!]J_ani:
[[-0.  0.  0.]
 [ 0. -0.  0.]
 [ 0.  0. -0.]]
----------------------------------------------------------------------------------------
   Cr2   Cr1   ( -3,   1,   0) -0.0001   (16.034, -13.886, -0.000) 21.211 
J_iso: -0.0001 
[Testing!] DMI: ( 0.0000 -0.0000 -0.0000)
[Testing!]J_ani:
[[-0. -0. -0.]
 [-0. -0.  0.]
 [-0.  0. -0.]]
----------------------------------------------------------------------------------------
   Cr1   Cr2   ( -1,   3,   0) -0.0001   (-16.034, -13.886,  0.000) 21.211 
J_iso: -0.0001 
[Testing!] DMI: (-0.0000 -0.0000 -0.0000)
[Testing!]J_ani:
[[-0.  0.  0.]
 [ 0. -0.  0.]
 [ 0.  0. -0.]]
----------------------------------------------------------------------------------------
   Cr1   Cr2   (  3,  -1,   0) -0.0001   (-16.034, 13.886,  0.000) 21.211 
J_iso: -0.0001 
[Testing!] DMI: (-0.0000  0.0000  0.0000)
[Testing!]J_ani:
[[-0. -0. -0.]
 [-0. -0.  0.]
 [-0.  0. -0.]]
----------------------------------------------------------------------------------------
   Cr1   Cr2   ( -1,  -3,   0) -0.0001   (20.043,  6.943,  0.000) 21.211 
J_iso: -0.0001 
[Testing!] DMI: (-0.0000 -0.0000  0.0000)
[Testing!]J_ani:
[[-0. -0.  0.]
 [-0. -0.  0.]
 [ 0.  0. -0.]]
----------------------------------------------------------------------------------------
   Cr2   Cr1   (  1,   3,   0) -0.0001   (-20.043, -6.943, -0.000) 21.211 
J_iso: -0.0001 
[Testing!] DMI: ( 0.0000  0.0000 -0.0000)
[Testing!]J_ani:
[[-0. -0.  0.]
 [-0. -0.  0.]
 [ 0.  0. -0.]]
----------------------------------------------------------------------------------------
   Cr1   Cr2   ( -3,  -1,   0) -0.0001   (20.043, -6.943,  0.000) 21.211 
J_iso: -0.0001 
[Testing!] DMI: (-0.0000  0.0000 -0.0000)
[Testing!]J_ani:
[[-0.  0. -0.]
 [ 0. -0.  0.]
 [-0.  0. -0.]]
----------------------------------------------------------------------------------------
   Cr2   Cr1   (  3,   1,   0) -0.0001   (-20.043,  6.943, -0.000) 21.211 
J_iso: -0.0001 
[Testing!] DMI: ( 0.0000 -0.0000  0.0000)
[Testing!]J_ani:
[[-0.  0. -0.]
 [ 0. -0.  0.]
 [-0.  0. -0.]]
----------------------------------------------------------------------------------------
   Cr2   Cr1   ( -2,  -1,   0) -0.0000   (22.047, -3.471, -0.000) 22.319 
J_iso: -0.0000 
[Testing!] DMI: (-0.0000  0.0000  0.0000)
[Testing!]J_ani:
[[-0.001  0.     0.   ]
 [ 0.    -0.    -0.   ]
 [ 0.    -0.    -0.   ]]
----------------------------------------------------------------------------------------
   Cr2   Cr1   ( -1,  -2,   0) -0.0000   (22.047,  3.471, -0.000) 22.319 
J_iso: -0.0000 
[Testing!] DMI: (-0.0000 -0.0000 -0.0000)
[Testing!]J_ani:
[[-0.001 -0.    -0.   ]
 [-0.    -0.    -0.   ]
 [-0.    -0.    -0.   ]]
----------------------------------------------------------------------------------------
   Cr1   Cr2   (  1,   2,   0) -0.0000   (-22.047, -3.471,  0.000) 22.319 
J_iso: -0.0000 
[Testing!] DMI: ( 0.0000  0.0000  0.0000)
[Testing!]J_ani:
[[-0.001 -0.    -0.   ]
 [-0.    -0.    -0.   ]
 [-0.    -0.    -0.   ]]
----------------------------------------------------------------------------------------
   Cr1   Cr2   (  2,   1,   0) -0.0000   (-22.047,  3.471,  0.000) 22.319 
J_iso: -0.0000 
[Testing!] DMI: ( 0.0000 -0.0000 -0.0000)
[Testing!]J_ani:
[[-0.001  0.     0.   ]
 [ 0.    -0.    -0.   ]
 [ 0.    -0.    -0.   ]]
----------------------------------------------------------------------------------------
   Cr1   Cr1   ( -2,  -2,   0)  0.0000   (24.051,  0.000,  0.000) 24.051 
J_iso:  0.0000 
[Testing!] DMI: ( 0.0000 -0.0000 -0.0000)
[Testing!]J_ani:
[[-0.001  0.     0.   ]
 [ 0.    -0.    -0.   ]
 [ 0.    -0.    -0.   ]]
----------------------------------------------------------------------------------------
   Cr2   Cr2   ( -2,  -2,   0)  0.0000   (24.051,  0.000,  0.000) 24.051 
J_iso:  0.0000 
[Testing!] DMI: (-0.0000  0.0000  0.0000)
[Testing!]J_ani:
[[-0.001  0.     0.   ]
 [ 0.    -0.    -0.   ]
 [ 0.    -0.    -0.   ]]
----------------------------------------------------------------------------------------
   Cr1   Cr1   (  2,   2,   0)  0.0000   (-24.051,  0.000,  0.000) 24.051 
J_iso:  0.0000 
[Testing!] DMI: (-0.0000  0.0000  0.0000)
[Testing!]J_ani:
[[-0.001  0.     0.   ]
 [ 0.    -0.    -0.   ]
 [ 0.    -0.    -0.   ]]
----------------------------------------------------------------------------------------
   Cr2   Cr2   (  2,   2,   0)  0.0000   (-24.051,  0.000,  0.000) 24.051 
J_iso:  0.0000 
[Testing!] DMI: ( 0.0000 -0.0000 -0.0000)
[Testing!]J_ani:
[[-0.001  0.     0.   ]
 [ 0.    -0.    -0.   ]
 [ 0.    -0.    -0.   ]]
----------------------------------------------------------------------------------------
   Cr2   Cr1   ( -3,   0,   0)  0.0000   (22.047, -10.415, -0.000) 24.383 
J_iso:  0.0000 
[Testing!] DMI: ( 0.0000 -0.0000  0.0000)
[Testing!]J_ani:
[[-0. -0.  0.]
 [-0. -0.  0.]
 [ 0.  0. -0.]]
----------------------------------------------------------------------------------------
   Cr2   Cr1   (  0,  -3,   0)  0.0000   (22.047, 10.415, -0.000) 24.383 
J_iso:  0.0000 
[Testing!] DMI: ( 0.0000  0.0000 -0.0000)
[Testing!]J_ani:
[[-0.  0. -0.]
 [ 0. -0.  0.]
 [-0.  0. -0.]]
----------------------------------------------------------------------------------------
   Cr1   Cr2   (  0,   3,   0)  0.0000   (-22.047, -10.415,  0.000) 24.383 
J_iso:  0.0000 
[Testing!] DMI: (-0.0000 -0.0000  0.0000)
[Testing!]J_ani:
[[-0.  0. -0.]
 [ 0. -0.  0.]
 [-0.  0. -0.]]
----------------------------------------------------------------------------------------
   Cr1   Cr2   (  3,   0,   0)  0.0000   (-22.047, 10.415,  0.000) 24.383 
J_iso:  0.0000 
[Testing!] DMI: (-0.0000  0.0000 -0.0000)
[Testing!]J_ani:
[[-0. -0.  0.]
 [-0. -0.  0.]
 [ 0.  0. -0.]]
----------------------------------------------------------------------------------------
   Cr1   Cr1   ( -3,  -1,   0)  0.0001   (24.051, -6.943,  0.000) 25.033 
J_iso:  0.0001 
[Testing!] DMI: ( 0.0000  0.0000 -0.0000)
[Testing!]J_ani:
[[-0. -0.  0.]
 [-0. -0.  0.]
 [ 0.  0. -0.]]
----------------------------------------------------------------------------------------
   Cr2   Cr2   ( -3,  -1,   0)  0.0001   (24.051, -6.943,  0.000) 25.033 
J_iso:  0.0001 
[Testing!] DMI: (-0.0000 -0.0000  0.0000)
[Testing!]J_ani:
[[-0. -0.  0.]
 [-0. -0.  0.]
 [ 0.  0. -0.]]
----------------------------------------------------------------------------------------
   Cr1   Cr1   ( -1,  -3,   0)  0.0001   (24.051,  6.943,  0.000) 25.033 
J_iso:  0.0001 
[Testing!] DMI: ( 0.0000 -0.0000  0.0000)
[Testing!]J_ani:
[[-0.  0. -0.]
 [ 0. -0.  0.]
 [-0.  0. -0.]]
----------------------------------------------------------------------------------------
   Cr2   Cr2   ( -1,  -3,   0)  0.0001   (24.051,  6.943,  0.000) 25.033 
J_iso:  0.0001 
[Testing!] DMI: (-0.0000  0.0000 -0.0000)
[Testing!]J_ani:
[[-0.  0. -0.]
 [ 0. -0.  0.]
 [-0.  0. -0.]]
----------------------------------------------------------------------------------------
   Cr1   Cr1   (  1,   3,   0)  0.0001   (-24.051, -6.943,  0.000) 25.033 
J_iso:  0.0001 
[Testing!] DMI: (-0.0000  0.0000 -0.0000)
[Testing!]J_ani:
[[-0.  0. -0.]
 [ 0. -0.  0.]
 [-0.  0. -0.]]
----------------------------------------------------------------------------------------
   Cr2   Cr2   (  1,   3,   0)  0.0001   (-24.051, -6.943,  0.000) 25.033 
J_iso:  0.0001 
[Testing!] DMI: ( 0.0000 -0.0000  0.0000)
[Testing!]J_ani:
[[-0.  0. -0.]
 [ 0. -0.  0.]
 [-0.  0. -0.]]
----------------------------------------------------------------------------------------
   Cr1   Cr1   (  3,   1,   0)  0.0001   (-24.051,  6.943,  0.000) 25.033 
J_iso:  0.0001 
[Testing!] DMI: (-0.0000 -0.0000  0.0000)
[Testing!]J_ani:
[[-0. -0.  0.]
 [-0. -0.  0.]
 [ 0.  0. -0.]]
----------------------------------------------------------------------------------------
   Cr2   Cr2   (  3,   1,   0)  0.0001   (-24.051,  6.943,  0.000) 25.033 
J_iso:  0.0001 
[Testing!] DMI: ( 0.0000  0.0000 -0.0000)
[Testing!]J_ani:
[[-0. -0.  0.]
 [-0. -0.  0.]
 [ 0.  0. -0.]]
----------------------------------------------------------------------------------------
   Cr1   Cr2   ( -2,  -3,   0)  0.0000   (26.056,  3.471,  0.000) 26.286 
J_iso:  0.0000 
[Testing!] DMI: ( 0.0000  0.0000 -0.0000)
[Testing!]J_ani:
[[-0. -0. -0.]
 [-0.  0.  0.]
 [-0.  0. -0.]]
----------------------------------------------------------------------------------------
   Cr1   Cr2   ( -3,  -2,   0)  0.0000   (26.056, -3.472,  0.000) 26.286 
J_iso:  0.0000 
[Testing!] DMI: ( 0.0000 -0.0000  0.0000)
[Testing!]J_ani:
[[-0.  0.  0.]
 [ 0.  0.  0.]
 [ 0.  0. -0.]]
----------------------------------------------------------------------------------------
   Cr2   Cr1   (  2,   3,   0)  0.0000   (-26.056, -3.471, -0.000) 26.286 
J_iso:  0.0000 
[Testing!] DMI: (-0.0000 -0.0000  0.0000)
[Testing!]J_ani:
[[-0. -0. -0.]
 [-0.  0.  0.]
 [-0.  0. -0.]]
----------------------------------------------------------------------------------------
   Cr2   Cr1   (  3,   2,   0)  0.0000   (-26.056,  3.472, -0.000) 26.286 
J_iso:  0.0000 
[Testing!] DMI: (-0.0000  0.0000 -0.0000)
[Testing!]J_ani:
[[-0.  0.  0.]
 [ 0.  0.  0.]
 [ 0.  0. -0.]]
----------------------------------------------------------------------------------------
   Cr2   Cr1   ( -2,  -2,   0) -0.0001   (28.060,  0.000, -0.000) 28.060 
J_iso: -0.0001 
[Testing!] DMI: ( 0.0000  0.0000  0.0000)
[Testing!]J_ani:
[[-0.001 -0.    -0.   ]
 [-0.     0.    -0.   ]
 [-0.    -0.    -0.   ]]
----------------------------------------------------------------------------------------
   Cr1   Cr2   (  2,   2,   0) -0.0001   (-28.060,  0.000,  0.000) 28.060 
J_iso: -0.0001 
[Testing!] DMI: (-0.0000 -0.0000 -0.0000)
[Testing!]J_ani:
[[-0.001 -0.    -0.   ]
 [-0.     0.    -0.   ]
 [-0.    -0.    -0.   ]]
----------------------------------------------------------------------------------------
   Cr2   Cr1   ( -3,  -1,   0) -0.0000   (28.060, -6.943, -0.000) 28.906 
J_iso: -0.0000 
[Testing!] DMI: ( 0.0000  0.0000 -0.0000)
[Testing!]J_ani:
[[-0.001 -0.     0.   ]
 [-0.    -0.     0.   ]
 [ 0.     0.    -0.   ]]
----------------------------------------------------------------------------------------
   Cr2   Cr1   ( -1,  -3,   0) -0.0000   (28.060,  6.943, -0.000) 28.906 
J_iso: -0.0000 
[Testing!] DMI: ( 0.0000 -0.0000  0.0000)
[Testing!]J_ani:
[[-0.001  0.    -0.   ]
 [ 0.    -0.     0.   ]
 [-0.     0.    -0.   ]]
----------------------------------------------------------------------------------------
   Cr1   Cr2   (  1,   3,   0) -0.0000   (-28.060, -6.943,  0.000) 28.906 
J_iso: -0.0000 
[Testing!] DMI: (-0.0000  0.0000 -0.0000)
[Testing!]J_ani:
[[-0.001  0.    -0.   ]
 [ 0.    -0.     0.   ]
 [-0.     0.    -0.   ]]
----------------------------------------------------------------------------------------
   Cr1   Cr2   (  3,   1,   0) -0.0000   (-28.060,  6.943,  0.000) 28.906 
J_iso: -0.0000 
[Testing!] DMI: (-0.0000 -0.0000  0.0000)
[Testing!]J_ani:
[[-0.001 -0.     0.   ]
 [-0.    -0.     0.   ]
 [ 0.     0.    -0.   ]]
----------------------------------------------------------------------------------------
   Cr1   Cr1   ( -2,  -3,   0)  0.0000   (30.064,  3.471,  0.000) 30.264 
J_iso:  0.0000 
[Testing!] DMI: (-0.0000  0.0000  0.0000)
[Testing!]J_ani:
[[-0.001  0.    -0.   ]
 [ 0.    -0.     0.   ]
 [-0.     0.    -0.   ]]
----------------------------------------------------------------------------------------
   Cr2   Cr2   ( -2,  -3,   0)  0.0000   (30.064,  3.471,  0.000) 30.264 
J_iso:  0.0000 
[Testing!] DMI: ( 0.0000 -0.0000 -0.0000)
[Testing!]J_ani:
[[-0.001  0.    -0.   ]
 [ 0.    -0.     0.   ]
 [-0.     0.    -0.   ]]
----------------------------------------------------------------------------------------
   Cr2   Cr2   (  2,   3,   0)  0.0000   (-30.064, -3.471,  0.000) 30.264 
J_iso:  0.0000 
[Testing!] DMI: (-0.0000  0.0000  0.0000)
[Testing!]J_ani:
[[-0.001  0.    -0.   ]
 [ 0.    -0.     0.   ]
 [-0.     0.    -0.   ]]
----------------------------------------------------------------------------------------
   Cr1   Cr1   ( -3,  -2,   0)  0.0000   (30.064, -3.472,  0.000) 30.264 
J_iso:  0.0000 
[Testing!] DMI: (-0.0000 -0.0000 -0.0000)
[Testing!]J_ani:
[[-0.001 -0.     0.   ]
 [-0.    -0.     0.   ]
 [ 0.     0.    -0.   ]]
----------------------------------------------------------------------------------------
   Cr2   Cr2   ( -3,  -2,   0)  0.0000   (30.064, -3.472,  0.000) 30.264 
J_iso:  0.0000 
[Testing!] DMI: ( 0.0000  0.0000  0.0000)
[Testing!]J_ani:
[[-0.001 -0.     0.   ]
 [-0.    -0.     0.   ]
 [ 0.     0.    -0.   ]]
----------------------------------------------------------------------------------------
   Cr1   Cr1   (  2,   3,   0)  0.0000   (-30.064, -3.471,  0.000) 30.264 
J_iso:  0.0000 
[Testing!] DMI: ( 0.0000 -0.0000 -0.0000)
[Testing!]J_ani:
[[-0.001  0.    -0.   ]
 [ 0.    -0.     0.   ]
 [-0.     0.    -0.   ]]
----------------------------------------------------------------------------------------
   Cr1   Cr1   (  3,   2,   0)  0.0000   (-30.064,  3.472,  0.000) 30.264 
J_iso:  0.0000 
[Testing!] DMI: ( 0.0000  0.0000  0.0000)
[Testing!]J_ani:
[[-0.001 -0.     0.   ]
 [-0.    -0.     0.   ]
 [ 0.     0.    -0.   ]]
----------------------------------------------------------------------------------------
   Cr2   Cr2   (  3,   2,   0)  0.0000   (-30.064,  3.472,  0.000) 30.264 
J_iso:  0.0000 
[Testing!] DMI: (-0.0000 -0.0000 -0.0000)
[Testing!]J_ani:
[[-0.001 -0.     0.   ]
 [-0.    -0.     0.   ]
 [ 0.     0.    -0.   ]]
----------------------------------------------------------------------------------------
   Cr1   Cr2   ( -3,  -3,   0)  0.0000   (32.068, -0.000,  0.000) 32.068 
J_iso:  0.0000 
[Testing!] DMI: (-0.0000 -0.0000 -0.0000)
[Testing!]J_ani:
[[-0. -0.  0.]
 [-0. -0. -0.]
 [ 0. -0. -0.]]
----------------------------------------------------------------------------------------
   Cr2   Cr1   (  3,   3,   0)  0.0000   (-32.068,  0.000, -0.000) 32.068 
J_iso:  0.0000 
[Testing!] DMI: ( 0.0000  0.0000  0.0000)
[Testing!]J_ani:
[[-0. -0.  0.]
 [-0. -0. -0.]
 [ 0. -0. -0.]]
----------------------------------------------------------------------------------------
   Cr2   Cr1   ( -3,  -2,   0) -0.0000   (34.073, -3.472, -0.000) 34.249 
J_iso: -0.0000 
[Testing!] DMI: ( 0.0000  0.0000  0.0000)
[Testing!]J_ani:
[[-0.001  0.    -0.   ]
 [ 0.    -0.     0.   ]
 [-0.     0.    -0.   ]]
----------------------------------------------------------------------------------------
   Cr2   Cr1   ( -2,  -3,   0) -0.0000   (34.073,  3.471, -0.000) 34.249 
J_iso: -0.0000 
[Testing!] DMI: ( 0.0000 -0.0000 -0.0000)
[Testing!]J_ani:
[[-0.001 -0.     0.   ]
 [-0.    -0.     0.   ]
 [ 0.     0.    -0.   ]]
----------------------------------------------------------------------------------------
   Cr1   Cr2   (  2,   3,   0) -0.0000   (-34.073, -3.471,  0.000) 34.249 
J_iso: -0.0000 
[Testing!] DMI: (-0.0000  0.0000  0.0000)
[Testing!]J_ani:
[[-0.001 -0.     0.   ]
 [-0.    -0.     0.   ]
 [ 0.     0.    -0.   ]]
----------------------------------------------------------------------------------------
   Cr1   Cr2   (  3,   2,   0) -0.0000   (-34.073,  3.472,  0.000) 34.249 
J_iso: -0.0000 
[Testing!] DMI: (-0.0000 -0.0000 -0.0000)
[Testing!]J_ani:
[[-0.001  0.    -0.   ]
 [ 0.    -0.     0.   ]
 [-0.     0.    -0.   ]]
----------------------------------------------------------------------------------------
   Cr1   Cr1   ( -3,  -3,   0)  0.0001   (36.077, -0.000,  0.000) 36.077 
J_iso:  0.0001 
[Testing!] DMI: (-0.0000 -0.0000  0.0000)
[Testing!]J_ani:
[[-0. -0.  0.]
 [-0. -0. -0.]
 [ 0. -0. -0.]]
----------------------------------------------------------------------------------------
   Cr2   Cr2   ( -3,  -3,   0)  0.0001   (36.077, -0.000,  0.000) 36.077 
J_iso:  0.0001 
[Testing!] DMI: ( 0.0000 -0.0000 -0.0000)
[Testing!]J_ani:
[[-0. -0. -0.]
 [-0. -0. -0.]
 [-0. -0. -0.]]
----------------------------------------------------------------------------------------
   Cr1   Cr1   (  3,   3,   0)  0.0001   (-36.077,  0.000,  0.000) 36.077 
J_iso:  0.0001 
[Testing!] DMI: ( 0.0000  0.0000 -0.0000)
[Testing!]J_ani:
[[-0. -0.  0.]
 [-0. -0. -0.]
 [ 0. -0. -0.]]
----------------------------------------------------------------------------------------
   Cr2   Cr2   (  3,   3,   0)  0.0001   (-36.077,  0.000,  0.000) 36.077 
J_iso:  0.0001 
[Testing!] DMI: (-0.0000  0.0000  0.0000)
[Testing!]J_ani:
[[-0. -0. -0.]
 [-0. -0. -0.]
 [-0. -0. -0.]]
----------------------------------------------------------------------------------------
   Cr2   Cr1   ( -3,  -3,   0)  0.0000   (40.085, -0.000, -0.000) 40.085 
J_iso:  0.0000 
[Testing!] DMI: (-0.0000 -0.0000  0.0000)
[Testing!]J_ani:
[[-0. -0.  0.]
 [-0. -0. -0.]
 [ 0. -0. -0.]]
----------------------------------------------------------------------------------------
   Cr1   Cr2   (  3,   3,   0)  0.0000   (-40.085,  0.000,  0.000) 40.085 
J_iso:  0.0000 
[Testing!] DMI: ( 0.0000  0.0000 -0.0000)
[Testing!]J_ani:
[[-0. -0.  0.]
 [-0. -0. -0.]
 [ 0. -0. -0.]]
