==========================================================================================
Information: 
Exchange parameters generated by TB2J 0.9.0.1
Generation time: 25/06/03 00:44:15
Calculated with TB2J.==========================================================================================
Cell (Angstrom):
2.46654077  0.00000000  0.00000000
-0.82218026  2.32547694  0.00000000
-0.82218026  -1.16273847  2.01392211

==========================================================================================
Atoms:  
(Note: charge and magmoms only count the wannier functions.)
Atom number        x             y             z       w_charge  w_magmom 
Fe1             0.00000000    0.00000000    0.00000000   16.0000    2.3207
Total                                                    16.0000    2.3207

==========================================================================================
Orbitals used in decomposition: 
The name of the orbitals for the decomposition: 
Fe1 : ('3dxy', '3dyz', '3dz2', '3dxz', '3dx2-y2')

==========================================================================================
Exchange: 
    i      j          R        J_iso(meV)          vector          distance(A) 
----------------------------------------------------------------------------------------
   Fe1   Fe1   ( -1,   0,   0) 18.8040   (-2.467,  0.000,  0.000)  2.467 
J_iso: 18.8040 
----------------------------------------------------------------------------------------
   Fe1   Fe1   (  0,  -1,   0) 18.8041   ( 0.822, -2.325,  0.000)  2.467 
J_iso: 18.8041 
----------------------------------------------------------------------------------------
   Fe1   Fe1   (  0,   0,  -1) 18.8041   ( 0.822,  1.163, -2.014)  2.467 
J_iso: 18.8041 
----------------------------------------------------------------------------------------
   Fe1   Fe1   (  0,   0,   1) 18.8041   (-0.822, -1.163,  2.014)  2.467 
J_iso: 18.8041 
----------------------------------------------------------------------------------------
   Fe1   Fe1   (  0,   1,   0) 18.8041   (-0.822,  2.325,  0.000)  2.467 
J_iso: 18.8041 
----------------------------------------------------------------------------------------
   Fe1   Fe1   (  1,   0,   0) 18.8040   ( 2.467,  0.000,  0.000)  2.467 
J_iso: 18.8040 
----------------------------------------------------------------------------------------
   Fe1   Fe1   ( -1,  -1,  -1) 18.9276   (-0.822, -1.163, -2.014)  2.467 
J_iso: 18.9276 
----------------------------------------------------------------------------------------
   Fe1   Fe1   (  1,   1,   1) 18.9276   ( 0.822,  1.163,  2.014)  2.467 
J_iso: 18.9276 
----------------------------------------------------------------------------------------
   Fe1   Fe1   (  0,  -1,  -1) 12.4501   ( 1.644, -1.163, -2.014)  2.848 
J_iso: 12.4501 
----------------------------------------------------------------------------------------
   Fe1   Fe1   (  0,   1,   1) 12.4501   (-1.644,  1.163,  2.014)  2.848 
J_iso: 12.4501 
----------------------------------------------------------------------------------------
   Fe1   Fe1   ( -1,  -1,   0) 12.4501   (-1.644, -2.325,  0.000)  2.848 
J_iso: 12.4501 
----------------------------------------------------------------------------------------
   Fe1   Fe1   ( -1,   0,  -1) 12.4501   (-1.644,  1.163, -2.014)  2.848 
J_iso: 12.4501 
----------------------------------------------------------------------------------------
   Fe1   Fe1   (  1,   0,   1) 12.4501   ( 1.644, -1.163,  2.014)  2.848 
J_iso: 12.4501 
----------------------------------------------------------------------------------------
   Fe1   Fe1   (  1,   1,   0) 12.4501   ( 1.644,  2.325,  0.000)  2.848 
J_iso: 12.4501 
----------------------------------------------------------------------------------------
   Fe1   Fe1   ( -1,   0,   1) -0.0636   (-3.289, -1.163,  2.014)  4.028 
J_iso: -0.0636 
----------------------------------------------------------------------------------------
   Fe1   Fe1   ( -1,   1,   0) -0.0636   (-3.289,  2.325,  0.000)  4.028 
J_iso: -0.0636 
----------------------------------------------------------------------------------------
   Fe1   Fe1   (  0,  -1,   1) -0.0635   ( 0.000, -3.488,  2.014)  4.028 
J_iso: -0.0635 
----------------------------------------------------------------------------------------
   Fe1   Fe1   (  0,   1,  -1) -0.0635   ( 0.000,  3.488, -2.014)  4.028 
J_iso: -0.0635 
----------------------------------------------------------------------------------------
   Fe1   Fe1   (  1,  -1,   0) -0.0636   ( 3.289, -2.325,  0.000)  4.028 
J_iso: -0.0636 
----------------------------------------------------------------------------------------
   Fe1   Fe1   (  1,   0,  -1) -0.0636   ( 3.289,  1.163, -2.014)  4.028 
J_iso: -0.0636 
----------------------------------------------------------------------------------------
   Fe1   Fe1   ( -2,  -1,  -1) -0.0531   (-3.289, -1.163, -2.014)  4.028 
J_iso: -0.0531 
----------------------------------------------------------------------------------------
   Fe1   Fe1   ( -1,  -2,  -1) -0.0531   (-0.000, -3.488, -2.014)  4.028 
J_iso: -0.0531 
----------------------------------------------------------------------------------------
   Fe1   Fe1   ( -1,  -1,  -2) -0.0531   (-0.000, -0.000, -4.028)  4.028 
J_iso: -0.0531 
----------------------------------------------------------------------------------------
   Fe1   Fe1   (  1,   1,   2) -0.0531   ( 0.000,  0.000,  4.028)  4.028 
J_iso: -0.0531 
----------------------------------------------------------------------------------------
   Fe1   Fe1   (  1,   2,   1) -0.0531   ( 0.000,  3.488,  2.014)  4.028 
J_iso: -0.0531 
----------------------------------------------------------------------------------------
   Fe1   Fe1   (  2,   1,   1) -0.0531   ( 3.289,  1.163,  2.014)  4.028 
J_iso: -0.0531 
----------------------------------------------------------------------------------------
   Fe1   Fe1   ( -1,  -1,   1) -0.0872   (-2.467, -3.488,  2.014)  4.723 
J_iso: -0.0872 
----------------------------------------------------------------------------------------
   Fe1   Fe1   ( -1,   1,  -1) -0.0872   (-2.467,  3.488, -2.014)  4.723 
J_iso: -0.0872 
----------------------------------------------------------------------------------------
   Fe1   Fe1   ( -1,   1,   1) -0.0871   (-4.111,  1.163,  2.014)  4.723 
J_iso: -0.0871 
----------------------------------------------------------------------------------------
   Fe1   Fe1   (  1,  -1,  -1) -0.0871   ( 4.111, -1.163, -2.014)  4.723 
J_iso: -0.0871 
----------------------------------------------------------------------------------------
   Fe1   Fe1   (  1,  -1,   1) -0.0872   ( 2.467, -3.488,  2.014)  4.723 
J_iso: -0.0872 
----------------------------------------------------------------------------------------
   Fe1   Fe1   (  1,   1,  -1) -0.0872   ( 2.467,  3.488, -2.014)  4.723 
J_iso: -0.0872 
----------------------------------------------------------------------------------------
   Fe1   Fe1   (  0,  -1,  -2) -0.0628   ( 2.467, -0.000, -4.028)  4.723 
J_iso: -0.0628 
----------------------------------------------------------------------------------------
   Fe1   Fe1   (  0,   1,   2) -0.0628   (-2.467,  0.000,  4.028)  4.723 
J_iso: -0.0628 
----------------------------------------------------------------------------------------
   Fe1   Fe1   ( -2,  -1,   0) -0.0628   (-4.111, -2.325,  0.000)  4.723 
J_iso: -0.0628 
----------------------------------------------------------------------------------------
   Fe1   Fe1   ( -2,   0,  -1) -0.0628   (-4.111,  1.163, -2.014)  4.723 
J_iso: -0.0628 
----------------------------------------------------------------------------------------
   Fe1   Fe1   ( -1,  -2,   0) -0.0628   (-0.822, -4.651,  0.000)  4.723 
J_iso: -0.0628 
----------------------------------------------------------------------------------------
   Fe1   Fe1   ( -1,   0,  -2) -0.0628   (-0.822,  2.325, -4.028)  4.723 
J_iso: -0.0628 
----------------------------------------------------------------------------------------
   Fe1   Fe1   (  0,  -2,  -1) -0.0628   ( 2.467, -3.488, -2.014)  4.723 
J_iso: -0.0628 
----------------------------------------------------------------------------------------
   Fe1   Fe1   (  0,   2,   1) -0.0628   (-2.467,  3.488,  2.014)  4.723 
J_iso: -0.0628 
----------------------------------------------------------------------------------------
   Fe1   Fe1   (  1,   0,   2) -0.0628   ( 0.822, -2.325,  4.028)  4.723 
J_iso: -0.0628 
----------------------------------------------------------------------------------------
   Fe1   Fe1   (  1,   2,   0) -0.0628   ( 0.822,  4.651,  0.000)  4.723 
J_iso: -0.0628 
----------------------------------------------------------------------------------------
   Fe1   Fe1   (  2,   0,   1) -0.0628   ( 4.111, -1.163,  2.014)  4.723 
J_iso: -0.0628 
----------------------------------------------------------------------------------------
   Fe1   Fe1   (  2,   1,   0) -0.0628   ( 4.111,  2.325,  0.000)  4.723 
J_iso: -0.0628 
----------------------------------------------------------------------------------------
   Fe1   Fe1   ( -2,  -2,  -1) -0.0755   (-2.467, -3.488, -2.014)  4.723 
J_iso: -0.0755 
----------------------------------------------------------------------------------------
   Fe1   Fe1   ( -2,  -1,  -2) -0.0755   (-2.467, -0.000, -4.028)  4.723 
J_iso: -0.0755 
----------------------------------------------------------------------------------------
   Fe1   Fe1   ( -1,  -2,  -2) -0.0755   ( 0.822, -2.325, -4.028)  4.723 
J_iso: -0.0755 
----------------------------------------------------------------------------------------
   Fe1   Fe1   (  1,   2,   2) -0.0755   (-0.822,  2.325,  4.028)  4.723 
J_iso: -0.0755 
----------------------------------------------------------------------------------------
   Fe1   Fe1   (  2,   1,   2) -0.0755   ( 2.467,  0.000,  4.028)  4.723 
J_iso: -0.0755 
----------------------------------------------------------------------------------------
   Fe1   Fe1   (  2,   2,   1) -0.0755   ( 2.467,  3.488,  2.014)  4.723 
J_iso: -0.0755 
----------------------------------------------------------------------------------------
   Fe1   Fe1   ( -2,   0,   0) -0.2663   (-4.933,  0.000,  0.000)  4.933 
J_iso: -0.2663 
----------------------------------------------------------------------------------------
   Fe1   Fe1   (  0,  -2,   0) -0.2663   ( 1.644, -4.651,  0.000)  4.933 
J_iso: -0.2663 
----------------------------------------------------------------------------------------
   Fe1   Fe1   (  0,   0,  -2) -0.2663   ( 1.644,  2.325, -4.028)  4.933 
J_iso: -0.2663 
----------------------------------------------------------------------------------------
   Fe1   Fe1   (  0,   0,   2) -0.2663   (-1.644, -2.325,  4.028)  4.933 
J_iso: -0.2663 
----------------------------------------------------------------------------------------
   Fe1   Fe1   (  0,   2,   0) -0.2663   (-1.644,  4.651,  0.000)  4.933 
J_iso: -0.2663 
----------------------------------------------------------------------------------------
   Fe1   Fe1   (  2,   0,   0) -0.2663   ( 4.933,  0.000,  0.000)  4.933 
J_iso: -0.2663 
----------------------------------------------------------------------------------------
   Fe1   Fe1   ( -2,  -2,  -2) -0.3194   (-1.644, -2.325, -4.028)  4.933 
J_iso: -0.3194 
----------------------------------------------------------------------------------------
   Fe1   Fe1   (  2,   2,   2) -0.3194   ( 1.644,  2.325,  4.028)  4.933 
J_iso: -0.3194 
----------------------------------------------------------------------------------------
   Fe1   Fe1   (  0,  -2,  -2)  0.5829   ( 3.289, -2.325, -4.028)  5.696 
J_iso:  0.5829 
----------------------------------------------------------------------------------------
   Fe1   Fe1   (  0,   2,   2)  0.5829   (-3.289,  2.325,  4.028)  5.696 
J_iso:  0.5829 
----------------------------------------------------------------------------------------
   Fe1   Fe1   ( -2,  -2,   0)  0.5829   (-3.289, -4.651,  0.000)  5.696 
J_iso:  0.5829 
----------------------------------------------------------------------------------------
   Fe1   Fe1   ( -2,   0,  -2)  0.5829   (-3.289,  2.325, -4.028)  5.696 
J_iso:  0.5829 
----------------------------------------------------------------------------------------
   Fe1   Fe1   (  2,   0,   2)  0.5829   ( 3.289, -2.325,  4.028)  5.696 
J_iso:  0.5829 
----------------------------------------------------------------------------------------
   Fe1   Fe1   (  2,   2,   0)  0.5829   ( 3.289,  4.651,  0.000)  5.696 
J_iso:  0.5829 
----------------------------------------------------------------------------------------
   Fe1   Fe1   ( -1,   0,   2) -0.6528   (-4.111, -2.325,  4.028)  6.207 
J_iso: -0.6528 
----------------------------------------------------------------------------------------
   Fe1   Fe1   (  1,   0,  -2) -0.6528   ( 4.111,  2.325, -4.028)  6.207 
J_iso: -0.6528 
----------------------------------------------------------------------------------------
   Fe1   Fe1   ( -2,   0,   1) -0.6528   (-5.755, -1.163,  2.014)  6.207 
J_iso: -0.6528 
----------------------------------------------------------------------------------------
   Fe1   Fe1   ( -2,   1,   0) -0.6528   (-5.755,  2.325,  0.000)  6.207 
J_iso: -0.6528 
----------------------------------------------------------------------------------------
   Fe1   Fe1   ( -1,   2,   0) -0.6528   (-4.111,  4.651,  0.000)  6.207 
J_iso: -0.6528 
----------------------------------------------------------------------------------------
   Fe1   Fe1   (  0,  -2,   1) -0.6528   ( 0.822, -5.814,  2.014)  6.207 
J_iso: -0.6528 
----------------------------------------------------------------------------------------
   Fe1   Fe1   (  0,  -1,   2) -0.6528   (-0.822, -4.651,  4.028)  6.207 
J_iso: -0.6528 
----------------------------------------------------------------------------------------
   Fe1   Fe1   (  0,   1,  -2) -0.6528   ( 0.822,  4.651, -4.028)  6.207 
J_iso: -0.6528 
----------------------------------------------------------------------------------------
   Fe1   Fe1   (  0,   2,  -1) -0.6528   (-0.822,  5.814, -2.014)  6.207 
J_iso: -0.6528 
----------------------------------------------------------------------------------------
   Fe1   Fe1   (  1,  -2,   0) -0.6528   ( 4.111, -4.651,  0.000)  6.207 
J_iso: -0.6528 
----------------------------------------------------------------------------------------
   Fe1   Fe1   (  2,  -1,   0) -0.6528   ( 5.755, -2.325,  0.000)  6.207 
J_iso: -0.6528 
----------------------------------------------------------------------------------------
   Fe1   Fe1   (  2,   0,  -1) -0.6528   ( 5.755,  1.163, -2.014)  6.207 
J_iso: -0.6528 
----------------------------------------------------------------------------------------
   Fe1   Fe1   ( -1,  -1,  -3) -0.6650   ( 0.822,  1.163, -6.042)  6.207 
J_iso: -0.6650 
----------------------------------------------------------------------------------------
   Fe1   Fe1   (  1,   1,   3) -0.6650   (-0.822, -1.163,  6.042)  6.207 
J_iso: -0.6650 
----------------------------------------------------------------------------------------
   Fe1   Fe1   ( -3,  -1,  -1) -0.6650   (-5.755, -1.163, -2.014)  6.207 
J_iso: -0.6650 
----------------------------------------------------------------------------------------
   Fe1   Fe1   ( -1,  -3,  -1) -0.6650   ( 0.822, -5.814, -2.014)  6.207 
J_iso: -0.6650 
----------------------------------------------------------------------------------------
   Fe1   Fe1   (  1,   3,   1) -0.6650   (-0.822,  5.814,  2.014)  6.207 
J_iso: -0.6650 
----------------------------------------------------------------------------------------
   Fe1   Fe1   (  3,   1,   1) -0.6650   ( 5.755,  1.163,  2.014)  6.207 
J_iso: -0.6650 
----------------------------------------------------------------------------------------
   Fe1   Fe1   ( -3,  -2,  -2) -0.6803   (-4.111, -2.325, -4.028)  6.207 
J_iso: -0.6803 
----------------------------------------------------------------------------------------
   Fe1   Fe1   ( -2,  -2,  -3) -0.6803   (-0.822, -1.163, -6.042)  6.207 
J_iso: -0.6803 
----------------------------------------------------------------------------------------
   Fe1   Fe1   (  2,   2,   3) -0.6803   ( 0.822,  1.163,  6.042)  6.207 
J_iso: -0.6803 
----------------------------------------------------------------------------------------
   Fe1   Fe1   (  3,   2,   2) -0.6803   ( 4.111,  2.325,  4.028)  6.207 
J_iso: -0.6803 
----------------------------------------------------------------------------------------
   Fe1   Fe1   ( -2,  -3,  -2) -0.6803   (-0.822, -4.651, -4.028)  6.207 
J_iso: -0.6803 
----------------------------------------------------------------------------------------
   Fe1   Fe1   (  2,   3,   2) -0.6803   ( 0.822,  4.651,  4.028)  6.207 
J_iso: -0.6803 
----------------------------------------------------------------------------------------
   Fe1   Fe1   ( -2,  -1,   1)  0.9052   (-4.933, -3.488,  2.014)  6.369 
J_iso:  0.9052 
----------------------------------------------------------------------------------------
   Fe1   Fe1   ( -2,   1,  -1)  0.9052   (-4.933,  3.488, -2.014)  6.369 
J_iso:  0.9052 
----------------------------------------------------------------------------------------
   Fe1   Fe1   (  2,  -1,   1)  0.9052   ( 4.933, -3.488,  2.014)  6.369 
J_iso:  0.9052 
----------------------------------------------------------------------------------------
   Fe1   Fe1   (  2,   1,  -1)  0.9052   ( 4.933,  3.488, -2.014)  6.369 
J_iso:  0.9052 
----------------------------------------------------------------------------------------
   Fe1   Fe1   ( -1,   1,  -2)  0.9052   (-1.644,  4.651, -4.028)  6.369 
J_iso:  0.9052 
----------------------------------------------------------------------------------------
   Fe1   Fe1   ( -1,   1,   2)  0.9052   (-4.933,  0.000,  4.028)  6.369 
J_iso:  0.9052 
----------------------------------------------------------------------------------------
   Fe1   Fe1   ( -1,   2,   1)  0.9052   (-4.933,  3.488,  2.014)  6.369 
J_iso:  0.9052 
----------------------------------------------------------------------------------------
   Fe1   Fe1   (  1,  -2,  -1)  0.9052   ( 4.933, -3.488, -2.014)  6.369 
J_iso:  0.9052 
----------------------------------------------------------------------------------------
   Fe1   Fe1   (  1,  -1,  -2)  0.9052   ( 4.933, -0.000, -4.028)  6.369 
J_iso:  0.9052 
----------------------------------------------------------------------------------------
   Fe1   Fe1   (  1,  -1,   2)  0.9052   ( 1.644, -4.651,  4.028)  6.369 
J_iso:  0.9052 
----------------------------------------------------------------------------------------
   Fe1   Fe1   ( -1,  -2,   1)  0.9052   (-1.644, -5.814,  2.014)  6.369 
J_iso:  0.9052 
----------------------------------------------------------------------------------------
   Fe1   Fe1   (  1,   2,  -1)  0.9052   ( 1.644,  5.814, -2.014)  6.369 
J_iso:  0.9052 
----------------------------------------------------------------------------------------
   Fe1   Fe1   ( -2,  -1,  -3)  0.9099   (-1.644,  1.163, -6.042)  6.369 
J_iso:  0.9099 
----------------------------------------------------------------------------------------
   Fe1   Fe1   ( -1,  -2,  -3)  0.9099   ( 1.644, -1.163, -6.042)  6.369 
J_iso:  0.9099 
----------------------------------------------------------------------------------------
   Fe1   Fe1   (  1,   2,   3)  0.9099   (-1.644,  1.163,  6.042)  6.369 
J_iso:  0.9099 
----------------------------------------------------------------------------------------
   Fe1   Fe1   (  2,   1,   3)  0.9099   ( 1.644, -1.163,  6.042)  6.369 
J_iso:  0.9099 
----------------------------------------------------------------------------------------
   Fe1   Fe1   ( -3,  -2,  -1)  0.9099   (-4.933, -3.488, -2.014)  6.369 
J_iso:  0.9099 
----------------------------------------------------------------------------------------
   Fe1   Fe1   ( -3,  -1,  -2)  0.9099   (-4.933, -0.000, -4.028)  6.369 
J_iso:  0.9099 
----------------------------------------------------------------------------------------
   Fe1   Fe1   ( -1,  -3,  -2)  0.9099   ( 1.644, -4.651, -4.028)  6.369 
J_iso:  0.9099 
----------------------------------------------------------------------------------------
   Fe1   Fe1   (  1,   3,   2)  0.9099   (-1.644,  4.651,  4.028)  6.369 
J_iso:  0.9099 
----------------------------------------------------------------------------------------
   Fe1   Fe1   (  3,   1,   2)  0.9099   ( 4.933,  0.000,  4.028)  6.369 
J_iso:  0.9099 
----------------------------------------------------------------------------------------
   Fe1   Fe1   (  3,   2,   1)  0.9099   ( 4.933,  3.488,  2.014)  6.369 
J_iso:  0.9099 
----------------------------------------------------------------------------------------
   Fe1   Fe1   ( -2,  -3,  -1)  0.9099   (-1.644, -5.814, -2.014)  6.369 
J_iso:  0.9099 
----------------------------------------------------------------------------------------
   Fe1   Fe1   (  2,   3,   1)  0.9099   ( 1.644,  5.814,  2.014)  6.369 
J_iso:  0.9099 
----------------------------------------------------------------------------------------
   Fe1   Fe1   ( -2,   1,   1) -0.2686   (-6.577,  1.163,  2.014)  6.976 
J_iso: -0.2686 
----------------------------------------------------------------------------------------
   Fe1   Fe1   ( -1,  -1,   2) -0.2686   (-3.289, -4.651,  4.028)  6.976 
J_iso: -0.2686 
----------------------------------------------------------------------------------------
   Fe1   Fe1   (  1,   1,  -2) -0.2686   ( 3.289,  4.651, -4.028)  6.976 
J_iso: -0.2686 
----------------------------------------------------------------------------------------
   Fe1   Fe1   (  2,  -1,  -1) -0.2686   ( 6.577, -1.163, -2.014)  6.976 
J_iso: -0.2686 
----------------------------------------------------------------------------------------
   Fe1   Fe1   ( -1,   2,  -1) -0.2686   (-3.289,  5.814, -2.014)  6.976 
J_iso: -0.2686 
----------------------------------------------------------------------------------------
   Fe1   Fe1   (  1,  -2,   1) -0.2686   ( 3.289, -5.814,  2.014)  6.976 
J_iso: -0.2686 
----------------------------------------------------------------------------------------
   Fe1   Fe1   (  0,  -1,  -3) -0.2761   ( 3.289,  1.163, -6.042)  6.976 
J_iso: -0.2761 
----------------------------------------------------------------------------------------
   Fe1   Fe1   (  0,   1,   3) -0.2761   (-3.289, -1.163,  6.042)  6.976 
J_iso: -0.2761 
----------------------------------------------------------------------------------------
   Fe1   Fe1   ( -3,  -1,   0) -0.2761   (-6.577, -2.325,  0.000)  6.976 
J_iso: -0.2761 
----------------------------------------------------------------------------------------
   Fe1   Fe1   ( -3,   0,  -1) -0.2761   (-6.577,  1.163, -2.014)  6.976 
J_iso: -0.2761 
----------------------------------------------------------------------------------------
   Fe1   Fe1   ( -1,   0,  -3) -0.2761   (-0.000,  3.488, -6.042)  6.976 
J_iso: -0.2761 
----------------------------------------------------------------------------------------
   Fe1   Fe1   (  0,  -3,  -1) -0.2761   ( 3.289, -5.814, -2.014)  6.976 
J_iso: -0.2761 
----------------------------------------------------------------------------------------
   Fe1   Fe1   (  0,   3,   1) -0.2761   (-3.289,  5.814,  2.014)  6.976 
J_iso: -0.2761 
----------------------------------------------------------------------------------------
   Fe1   Fe1   (  1,   0,   3) -0.2761   ( 0.000, -3.488,  6.042)  6.976 
J_iso: -0.2761 
----------------------------------------------------------------------------------------
   Fe1   Fe1   (  3,   0,   1) -0.2761   ( 6.577, -1.163,  2.014)  6.976 
J_iso: -0.2761 
----------------------------------------------------------------------------------------
   Fe1   Fe1   (  3,   1,   0) -0.2761   ( 6.577,  2.325,  0.000)  6.976 
J_iso: -0.2761 
----------------------------------------------------------------------------------------
   Fe1   Fe1   ( -1,  -3,   0) -0.2761   (-0.000, -6.976,  0.000)  6.976 
J_iso: -0.2761 
----------------------------------------------------------------------------------------
   Fe1   Fe1   (  1,   3,   0) -0.2761   ( 0.000,  6.976,  0.000)  6.976 
J_iso: -0.2761 
----------------------------------------------------------------------------------------
   Fe1   Fe1   ( -3,  -2,  -3) -0.2683   (-3.289, -1.163, -6.042)  6.976 
J_iso: -0.2683 
----------------------------------------------------------------------------------------
   Fe1   Fe1   (  3,   2,   3) -0.2683   ( 3.289,  1.163,  6.042)  6.976 
J_iso: -0.2683 
----------------------------------------------------------------------------------------
   Fe1   Fe1   ( -3,  -3,  -2) -0.2683   (-3.289, -4.651, -4.028)  6.976 
J_iso: -0.2683 
----------------------------------------------------------------------------------------
   Fe1   Fe1   ( -2,  -3,  -3) -0.2683   (-0.000, -3.488, -6.042)  6.976 
J_iso: -0.2683 
----------------------------------------------------------------------------------------
   Fe1   Fe1   (  2,   3,   3) -0.2683   ( 0.000,  3.488,  6.042)  6.976 
J_iso: -0.2683 
----------------------------------------------------------------------------------------
   Fe1   Fe1   (  3,   3,   2) -0.2683   ( 3.289,  4.651,  4.028)  6.976 
J_iso: -0.2683 
----------------------------------------------------------------------------------------
   Fe1   Fe1   (  0,   0,  -3)  1.7737   ( 2.467,  3.488, -6.042)  7.400 
J_iso:  1.7737 
----------------------------------------------------------------------------------------
   Fe1   Fe1   (  0,   0,   3)  1.7737   (-2.467, -3.488,  6.042)  7.400 
J_iso:  1.7737 
----------------------------------------------------------------------------------------
   Fe1   Fe1   ( -3,   0,   0)  1.7738   (-7.400,  0.000,  0.000)  7.400 
J_iso:  1.7738 
----------------------------------------------------------------------------------------
   Fe1   Fe1   ( -2,   1,  -2) -0.2904   (-4.111,  4.651, -4.028)  7.400 
J_iso: -0.2904 
----------------------------------------------------------------------------------------
   Fe1   Fe1   ( -1,   2,   2) -0.2904   (-5.755,  2.325,  4.028)  7.400 
J_iso: -0.2904 
----------------------------------------------------------------------------------------
   Fe1   Fe1   (  1,  -2,  -2) -0.2904   ( 5.755, -2.325, -4.028)  7.400 
J_iso: -0.2904 
----------------------------------------------------------------------------------------
   Fe1   Fe1   (  2,  -1,   2) -0.2904   ( 4.111, -4.651,  4.028)  7.400 
J_iso: -0.2904 
----------------------------------------------------------------------------------------
   Fe1   Fe1   (  3,   0,   0)  1.7738   ( 7.400,  0.000,  0.000)  7.400 
J_iso:  1.7738 
----------------------------------------------------------------------------------------
   Fe1   Fe1   ( -2,  -2,   1) -0.2904   (-4.111, -5.814,  2.014)  7.400 
J_iso: -0.2904 
----------------------------------------------------------------------------------------
   Fe1   Fe1   (  0,  -3,   0)  1.7737   ( 2.467, -6.976,  0.000)  7.400 
J_iso:  1.7737 
----------------------------------------------------------------------------------------
   Fe1   Fe1   (  0,   3,   0)  1.7737   (-2.467,  6.976,  0.000)  7.400 
J_iso:  1.7737 
----------------------------------------------------------------------------------------
   Fe1   Fe1   (  2,   2,  -1) -0.2904   ( 4.111,  5.814, -2.014)  7.400 
J_iso: -0.2904 
----------------------------------------------------------------------------------------
   Fe1   Fe1   (  0,  -2,  -3) -0.2787   ( 4.111, -1.163, -6.042)  7.400 
J_iso: -0.2787 
----------------------------------------------------------------------------------------
   Fe1   Fe1   (  0,   2,   3) -0.2787   (-4.111,  1.163,  6.042)  7.400 
J_iso: -0.2787 
----------------------------------------------------------------------------------------
   Fe1   Fe1   ( -3,   0,  -2) -0.2787   (-5.755,  2.325, -4.028)  7.400 
J_iso: -0.2787 
----------------------------------------------------------------------------------------
   Fe1   Fe1   ( -2,   0,  -3) -0.2787   (-2.467,  3.488, -6.042)  7.400 
J_iso: -0.2787 
----------------------------------------------------------------------------------------
   Fe1   Fe1   (  0,  -3,  -2) -0.2788   ( 4.111, -4.651, -4.028)  7.400 
J_iso: -0.2788 
----------------------------------------------------------------------------------------
   Fe1   Fe1   (  0,   3,   2) -0.2788   (-4.111,  4.651,  4.028)  7.400 
J_iso: -0.2788 
----------------------------------------------------------------------------------------
   Fe1   Fe1   (  2,   0,   3) -0.2787   ( 2.467, -3.488,  6.042)  7.400 
J_iso: -0.2787 
----------------------------------------------------------------------------------------
   Fe1   Fe1   (  3,   0,   2) -0.2787   ( 5.755, -2.325,  4.028)  7.400 
J_iso: -0.2787 
----------------------------------------------------------------------------------------
   Fe1   Fe1   ( -3,  -2,   0) -0.2787   (-5.755, -4.651,  0.000)  7.400 
J_iso: -0.2787 
----------------------------------------------------------------------------------------
   Fe1   Fe1   ( -2,  -3,   0) -0.2787   (-2.467, -6.976,  0.000)  7.400 
J_iso: -0.2787 
----------------------------------------------------------------------------------------
   Fe1   Fe1   (  2,   3,   0) -0.2787   ( 2.467,  6.976,  0.000)  7.400 
J_iso: -0.2787 
----------------------------------------------------------------------------------------
   Fe1   Fe1   (  3,   2,   0) -0.2787   ( 5.755,  4.651,  0.000)  7.400 
J_iso: -0.2787 
----------------------------------------------------------------------------------------
   Fe1   Fe1   ( -1,  -3,  -3) -0.2794   ( 2.467, -3.488, -6.042)  7.400 
J_iso: -0.2794 
----------------------------------------------------------------------------------------
   Fe1   Fe1   (  1,   3,   3) -0.2794   (-2.467,  3.488,  6.042)  7.400 
J_iso: -0.2794 
----------------------------------------------------------------------------------------
   Fe1   Fe1   ( -3,  -3,  -1) -0.2794   (-4.111, -5.814, -2.014)  7.400 
J_iso: -0.2794 
----------------------------------------------------------------------------------------
   Fe1   Fe1   ( -3,  -1,  -3) -0.2794   (-4.111,  1.163, -6.042)  7.400 
J_iso: -0.2794 
----------------------------------------------------------------------------------------
   Fe1   Fe1   (  3,   1,   3) -0.2794   ( 4.111, -1.163,  6.042)  7.400 
J_iso: -0.2794 
----------------------------------------------------------------------------------------
   Fe1   Fe1   (  3,   3,   1) -0.2794   ( 4.111,  5.814,  2.014)  7.400 
J_iso: -0.2794 
----------------------------------------------------------------------------------------
   Fe1   Fe1   ( -3,  -3,  -3)  1.7466   (-2.467, -3.488, -6.042)  7.400 
J_iso:  1.7466 
----------------------------------------------------------------------------------------
   Fe1   Fe1   (  3,   3,   3)  1.7466   ( 2.467,  3.488,  6.042)  7.400 
J_iso:  1.7466 
----------------------------------------------------------------------------------------
   Fe1   Fe1   ( -2,   0,   2)  0.0560   (-6.577, -2.325,  4.028)  8.056 
J_iso:  0.0560 
----------------------------------------------------------------------------------------
   Fe1   Fe1   ( -2,   2,   0)  0.0560   (-6.577,  4.651,  0.000)  8.056 
J_iso:  0.0560 
----------------------------------------------------------------------------------------
   Fe1   Fe1   (  0,  -2,   2)  0.0560   ( 0.000, -6.976,  4.028)  8.056 
J_iso:  0.0560 
----------------------------------------------------------------------------------------
   Fe1   Fe1   (  0,   2,  -2)  0.0560   ( 0.000,  6.976, -4.028)  8.056 
J_iso:  0.0560 
----------------------------------------------------------------------------------------
   Fe1   Fe1   (  2,  -2,   0)  0.0560   ( 6.577, -4.651,  0.000)  8.056 
J_iso:  0.0560 
----------------------------------------------------------------------------------------
   Fe1   Fe1   (  2,   0,  -2)  0.0560   ( 6.577,  2.325, -4.028)  8.056 
J_iso:  0.0560 
----------------------------------------------------------------------------------------
   Fe1   Fe1   ( -2,  -1,   2) -0.1932   (-5.755, -4.651,  4.028)  8.425 
J_iso: -0.1932 
----------------------------------------------------------------------------------------
   Fe1   Fe1   ( -2,   1,   2) -0.1931   (-7.400,  0.000,  4.028)  8.425 
J_iso: -0.1931 
----------------------------------------------------------------------------------------
   Fe1   Fe1   ( -2,   2,  -1) -0.1932   (-5.755,  5.814, -2.014)  8.425 
J_iso: -0.1932 
----------------------------------------------------------------------------------------
   Fe1   Fe1   ( -2,   2,   1) -0.1931   (-7.400,  3.488,  2.014)  8.425 
J_iso: -0.1931 
----------------------------------------------------------------------------------------
   Fe1   Fe1   ( -1,  -2,   2) -0.1931   (-2.467, -6.976,  4.028)  8.425 
J_iso: -0.1931 
----------------------------------------------------------------------------------------
   Fe1   Fe1   ( -1,   2,  -2) -0.1931   (-2.467,  6.976, -4.028)  8.425 
J_iso: -0.1931 
----------------------------------------------------------------------------------------
   Fe1   Fe1   (  1,  -2,   2) -0.1931   ( 2.467, -6.976,  4.028)  8.425 
J_iso: -0.1931 
----------------------------------------------------------------------------------------
   Fe1   Fe1   (  1,   2,  -2) -0.1931   ( 2.467,  6.976, -4.028)  8.425 
J_iso: -0.1931 
----------------------------------------------------------------------------------------
   Fe1   Fe1   (  2,  -2,  -1) -0.1931   ( 7.400, -3.488, -2.014)  8.425 
J_iso: -0.1931 
----------------------------------------------------------------------------------------
   Fe1   Fe1   (  2,  -2,   1) -0.1932   ( 5.755, -5.814,  2.014)  8.425 
J_iso: -0.1932 
----------------------------------------------------------------------------------------
   Fe1   Fe1   (  2,  -1,  -2) -0.1931   ( 7.400, -0.000, -4.028)  8.425 
J_iso: -0.1931 
----------------------------------------------------------------------------------------
   Fe1   Fe1   (  2,   1,  -2) -0.1932   ( 5.755,  4.651, -4.028)  8.425 
J_iso: -0.1932 
----------------------------------------------------------------------------------------
   Fe1   Fe1   ( -3,  -1,   1) -0.1886   (-7.400, -3.488,  2.014)  8.425 
J_iso: -0.1886 
----------------------------------------------------------------------------------------
   Fe1   Fe1   ( -3,   1,  -1) -0.1886   (-7.400,  3.488, -2.014)  8.425 
J_iso: -0.1886 
----------------------------------------------------------------------------------------
   Fe1   Fe1   ( -1,  -3,   1) -0.1886   (-0.822, -8.139,  2.014)  8.425 
J_iso: -0.1886 
----------------------------------------------------------------------------------------
   Fe1   Fe1   ( -1,   1,   3) -0.1886   (-5.755, -1.163,  6.042)  8.425 
J_iso: -0.1886 
----------------------------------------------------------------------------------------
   Fe1   Fe1   (  1,  -1,  -3) -0.1886   ( 5.755,  1.163, -6.042)  8.425 
J_iso: -0.1886 
----------------------------------------------------------------------------------------
   Fe1   Fe1   (  1,   3,  -1) -0.1886   ( 0.822,  8.139, -2.014)  8.425 
J_iso: -0.1886 
----------------------------------------------------------------------------------------
   Fe1   Fe1   (  3,  -1,   1) -0.1886   ( 7.400, -3.488,  2.014)  8.425 
J_iso: -0.1886 
----------------------------------------------------------------------------------------
   Fe1   Fe1   (  3,   1,  -1) -0.1886   ( 7.400,  3.488, -2.014)  8.425 
J_iso: -0.1886 
----------------------------------------------------------------------------------------
   Fe1   Fe1   ( -1,   1,  -3) -0.1886   (-0.822,  5.814, -6.042)  8.425 
J_iso: -0.1886 
----------------------------------------------------------------------------------------
   Fe1   Fe1   ( -1,   3,   1) -0.1886   (-5.755,  5.814,  2.014)  8.425 
J_iso: -0.1886 
----------------------------------------------------------------------------------------
   Fe1   Fe1   (  1,  -3,  -1) -0.1886   ( 5.755, -5.814, -2.014)  8.425 
J_iso: -0.1886 
----------------------------------------------------------------------------------------
   Fe1   Fe1   (  1,  -1,   3) -0.1886   ( 0.822, -5.814,  6.042)  8.425 
J_iso: -0.1886 
----------------------------------------------------------------------------------------
   Fe1   Fe1   ( -3,   0,   1) -0.2244   (-8.222, -1.163,  2.014)  8.544 
J_iso: -0.2244 
----------------------------------------------------------------------------------------
   Fe1   Fe1   (  3,   0,  -1) -0.2244   ( 8.222,  1.163, -2.014)  8.544 
J_iso: -0.2244 
----------------------------------------------------------------------------------------
   Fe1   Fe1   ( -3,   1,   0) -0.2244   (-8.222,  2.325,  0.000)  8.544 
J_iso: -0.2244 
----------------------------------------------------------------------------------------
   Fe1   Fe1   ( -1,   0,   3) -0.2244   (-4.933, -3.488,  6.042)  8.544 
J_iso: -0.2244 
----------------------------------------------------------------------------------------
   Fe1   Fe1   (  0,  -3,   1) -0.2244   ( 1.644, -8.139,  2.014)  8.544 
J_iso: -0.2244 
----------------------------------------------------------------------------------------
   Fe1   Fe1   (  0,  -1,   3) -0.2244   (-1.644, -5.814,  6.042)  8.544 
J_iso: -0.2244 
----------------------------------------------------------------------------------------
   Fe1   Fe1   (  0,   1,  -3) -0.2244   ( 1.644,  5.814, -6.042)  8.544 
J_iso: -0.2244 
----------------------------------------------------------------------------------------
   Fe1   Fe1   (  0,   3,  -1) -0.2244   (-1.644,  8.139, -2.014)  8.544 
J_iso: -0.2244 
----------------------------------------------------------------------------------------
   Fe1   Fe1   (  1,   0,  -3) -0.2244   ( 4.933,  3.488, -6.042)  8.544 
J_iso: -0.2244 
----------------------------------------------------------------------------------------
   Fe1   Fe1   (  3,  -1,   0) -0.2244   ( 8.222, -2.325,  0.000)  8.544 
J_iso: -0.2244 
----------------------------------------------------------------------------------------
   Fe1   Fe1   ( -1,   3,   0) -0.2244   (-4.933,  6.976,  0.000)  8.544 
J_iso: -0.2244 
----------------------------------------------------------------------------------------
   Fe1   Fe1   (  1,  -3,   0) -0.2244   ( 4.933, -6.976,  0.000)  8.544 
J_iso: -0.2244 
----------------------------------------------------------------------------------------
   Fe1   Fe1   ( -3,  -3,   0) -0.3796   (-4.933, -6.976,  0.000)  8.544 
J_iso: -0.3796 
----------------------------------------------------------------------------------------
   Fe1   Fe1   ( -3,   0,  -3) -0.3796   (-4.933,  3.488, -6.042)  8.544 
J_iso: -0.3796 
----------------------------------------------------------------------------------------
   Fe1   Fe1   (  0,  -3,  -3) -0.3796   ( 4.933, -3.488, -6.042)  8.544 
J_iso: -0.3796 
----------------------------------------------------------------------------------------
   Fe1   Fe1   (  0,   3,   3) -0.3796   (-4.933,  3.488,  6.042)  8.544 
J_iso: -0.3796 
----------------------------------------------------------------------------------------
   Fe1   Fe1   (  3,   0,   3) -0.3796   ( 4.933, -3.488,  6.042)  8.544 
J_iso: -0.3796 
----------------------------------------------------------------------------------------
   Fe1   Fe1   (  3,   3,   0) -0.3796   ( 4.933,  6.976,  0.000)  8.544 
J_iso: -0.3796 
----------------------------------------------------------------------------------------
   Fe1   Fe1   ( -3,   1,  -2) -0.4196   (-6.577,  4.651, -4.028)  9.007 
J_iso: -0.4196 
----------------------------------------------------------------------------------------
   Fe1   Fe1   ( -1,   2,   3) -0.4196   (-6.577,  1.163,  6.042)  9.007 
J_iso: -0.4196 
----------------------------------------------------------------------------------------
   Fe1   Fe1   (  1,  -2,  -3) -0.4196   ( 6.577, -1.163, -6.042)  9.007 
J_iso: -0.4196 
----------------------------------------------------------------------------------------
   Fe1   Fe1   (  3,  -1,   2) -0.4196   ( 6.577, -4.651,  4.028)  9.007 
J_iso: -0.4196 
----------------------------------------------------------------------------------------
   Fe1   Fe1   ( -3,  -2,   1) -0.4196   (-6.577, -5.814,  2.014)  9.007 
J_iso: -0.4196 
----------------------------------------------------------------------------------------
   Fe1   Fe1   ( -2,  -3,   1) -0.4196   (-3.289, -8.139,  2.014)  9.007 
J_iso: -0.4196 
----------------------------------------------------------------------------------------
   Fe1   Fe1   ( -2,   1,  -3) -0.4196   (-3.289,  5.814, -6.042)  9.007 
J_iso: -0.4196 
----------------------------------------------------------------------------------------
   Fe1   Fe1   ( -1,   3,   2) -0.4196   (-6.577,  4.651,  4.028)  9.007 
J_iso: -0.4196 
----------------------------------------------------------------------------------------
   Fe1   Fe1   (  1,  -3,  -2) -0.4196   ( 6.577, -4.651, -4.028)  9.007 
J_iso: -0.4196 
----------------------------------------------------------------------------------------
   Fe1   Fe1   (  2,  -1,   3) -0.4196   ( 3.289, -5.814,  6.042)  9.007 
J_iso: -0.4196 
----------------------------------------------------------------------------------------
   Fe1   Fe1   (  2,   3,  -1) -0.4196   ( 3.289,  8.139, -2.014)  9.007 
J_iso: -0.4196 
----------------------------------------------------------------------------------------
   Fe1   Fe1   (  3,   2,  -1) -0.4196   ( 6.577,  5.814, -2.014)  9.007 
J_iso: -0.4196 
----------------------------------------------------------------------------------------
   Fe1   Fe1   ( -3,   1,   1) -0.2323   (-9.044,  1.163,  2.014)  9.338 
J_iso: -0.2323 
----------------------------------------------------------------------------------------
   Fe1   Fe1   (  3,  -1,  -1) -0.2323   ( 9.044, -1.163, -2.014)  9.338 
J_iso: -0.2323 
----------------------------------------------------------------------------------------
   Fe1   Fe1   ( -1,  -1,   3) -0.2323   (-4.111, -5.814,  6.042)  9.338 
J_iso: -0.2323 
----------------------------------------------------------------------------------------
   Fe1   Fe1   ( -1,   3,  -1) -0.2323   (-4.111,  8.139, -2.014)  9.338 
J_iso: -0.2323 
----------------------------------------------------------------------------------------
   Fe1   Fe1   (  1,  -3,   1) -0.2323   ( 4.111, -8.139,  2.014)  9.338 
J_iso: -0.2323 
----------------------------------------------------------------------------------------
   Fe1   Fe1   (  1,   1,  -3) -0.2323   ( 4.111,  5.814, -6.042)  9.338 
J_iso: -0.2323 
----------------------------------------------------------------------------------------
   Fe1   Fe1   ( -2,  -2,   2)  0.1499   (-4.933, -6.976,  4.028)  9.446 
J_iso:  0.1499 
----------------------------------------------------------------------------------------
   Fe1   Fe1   ( -2,   2,  -2)  0.1499   (-4.933,  6.976, -4.028)  9.446 
J_iso:  0.1499 
----------------------------------------------------------------------------------------
   Fe1   Fe1   ( -2,   2,   2)  0.1499   (-8.222,  2.325,  4.028)  9.446 
J_iso:  0.1499 
----------------------------------------------------------------------------------------
   Fe1   Fe1   (  2,  -2,  -2)  0.1499   ( 8.222, -2.325, -4.028)  9.446 
J_iso:  0.1499 
----------------------------------------------------------------------------------------
   Fe1   Fe1   (  2,  -2,   2)  0.1499   ( 4.933, -6.976,  4.028)  9.446 
J_iso:  0.1499 
----------------------------------------------------------------------------------------
   Fe1   Fe1   (  2,   2,  -2)  0.1499   ( 4.933,  6.976, -4.028)  9.446 
J_iso:  0.1499 
----------------------------------------------------------------------------------------
   Fe1   Fe1   ( -3,   0,   2)  0.1522   (-9.044, -2.325,  4.028) 10.170 
J_iso:  0.1522 
----------------------------------------------------------------------------------------
   Fe1   Fe1   ( -3,   2,   0)  0.1522   (-9.044,  4.651,  0.000) 10.170 
J_iso:  0.1522 
----------------------------------------------------------------------------------------
   Fe1   Fe1   ( -2,   0,   3)  0.1522   (-7.400, -3.488,  6.042) 10.170 
J_iso:  0.1522 
----------------------------------------------------------------------------------------
   Fe1   Fe1   ( -2,   3,   0)  0.1522   (-7.400,  6.976,  0.000) 10.170 
J_iso:  0.1522 
----------------------------------------------------------------------------------------
   Fe1   Fe1   (  0,  -3,   2)  0.1522   ( 0.822, -9.302,  4.028) 10.170 
J_iso:  0.1522 
----------------------------------------------------------------------------------------
   Fe1   Fe1   (  0,  -2,   3)  0.1522   (-0.822, -8.139,  6.042) 10.170 
J_iso:  0.1522 
----------------------------------------------------------------------------------------
   Fe1   Fe1   (  0,   2,  -3)  0.1522   ( 0.822,  8.139, -6.042) 10.170 
J_iso:  0.1522 
----------------------------------------------------------------------------------------
   Fe1   Fe1   (  0,   3,  -2)  0.1522   (-0.822,  9.302, -4.028) 10.170 
J_iso:  0.1522 
----------------------------------------------------------------------------------------
   Fe1   Fe1   (  2,  -3,   0)  0.1522   ( 7.400, -6.976,  0.000) 10.170 
J_iso:  0.1522 
----------------------------------------------------------------------------------------
   Fe1   Fe1   (  2,   0,  -3)  0.1522   ( 7.400,  3.488, -6.042) 10.170 
J_iso:  0.1522 
----------------------------------------------------------------------------------------
   Fe1   Fe1   (  3,  -2,   0)  0.1522   ( 9.044, -4.651,  0.000) 10.170 
J_iso:  0.1522 
----------------------------------------------------------------------------------------
   Fe1   Fe1   (  3,   0,  -2)  0.1522   ( 9.044,  2.325, -4.028) 10.170 
J_iso:  0.1522 
----------------------------------------------------------------------------------------
   Fe1   Fe1   ( -3,   1,  -3)  0.0467   (-5.755,  5.814, -6.042) 10.170 
J_iso:  0.0467 
----------------------------------------------------------------------------------------
   Fe1   Fe1   ( -1,   3,   3)  0.0467   (-7.400,  3.488,  6.042) 10.170 
J_iso:  0.0467 
----------------------------------------------------------------------------------------
   Fe1   Fe1   (  1,  -3,  -3)  0.0467   ( 7.400, -3.488, -6.042) 10.170 
J_iso:  0.0467 
----------------------------------------------------------------------------------------
   Fe1   Fe1   (  3,  -1,   3)  0.0467   ( 5.755, -5.814,  6.042) 10.170 
J_iso:  0.0467 
----------------------------------------------------------------------------------------
   Fe1   Fe1   ( -3,  -3,   1)  0.0467   (-5.755, -8.139,  2.014) 10.170 
J_iso:  0.0467 
----------------------------------------------------------------------------------------
   Fe1   Fe1   (  3,   3,  -1)  0.0467   ( 5.755,  8.139, -2.014) 10.170 
J_iso:  0.0467 
----------------------------------------------------------------------------------------
   Fe1   Fe1   ( -3,  -1,   2)  0.0505   (-8.222, -4.651,  4.028) 10.269 
J_iso:  0.0505 
----------------------------------------------------------------------------------------
   Fe1   Fe1   (  3,   1,  -2)  0.0505   ( 8.222,  4.651, -4.028) 10.269 
J_iso:  0.0505 
----------------------------------------------------------------------------------------
   Fe1   Fe1   ( -3,   2,  -1)  0.0505   (-8.222,  5.814, -2.014) 10.269 
J_iso:  0.0505 
----------------------------------------------------------------------------------------
   Fe1   Fe1   ( -2,   1,   3)  0.0505   (-8.222, -1.163,  6.042) 10.269 
J_iso:  0.0505 
----------------------------------------------------------------------------------------
   Fe1   Fe1   ( -2,   3,   1)  0.0505   (-8.222,  5.814,  2.014) 10.269 
J_iso:  0.0505 
----------------------------------------------------------------------------------------
   Fe1   Fe1   ( -1,  -3,   2)  0.0505   (-1.644, -9.302,  4.028) 10.269 
J_iso:  0.0505 
----------------------------------------------------------------------------------------
   Fe1   Fe1   ( -1,   2,  -3)  0.0505   (-1.644,  8.139, -6.042) 10.269 
J_iso:  0.0505 
----------------------------------------------------------------------------------------
   Fe1   Fe1   (  1,  -2,   3)  0.0505   ( 1.644, -8.139,  6.042) 10.269 
J_iso:  0.0505 
----------------------------------------------------------------------------------------
   Fe1   Fe1   (  1,   3,  -2)  0.0505   ( 1.644,  9.302, -4.028) 10.269 
J_iso:  0.0505 
----------------------------------------------------------------------------------------
   Fe1   Fe1   (  2,  -3,  -1)  0.0505   ( 8.222, -5.814, -2.014) 10.269 
J_iso:  0.0505 
----------------------------------------------------------------------------------------
   Fe1   Fe1   (  2,  -1,  -3)  0.0505   ( 8.222,  1.163, -6.042) 10.269 
J_iso:  0.0505 
----------------------------------------------------------------------------------------
   Fe1   Fe1   (  3,  -2,   1)  0.0505   ( 8.222, -5.814,  2.014) 10.269 
J_iso:  0.0505 
----------------------------------------------------------------------------------------
   Fe1   Fe1   ( -3,   1,   2) -0.1813   (-9.866,  0.000,  4.028) 10.657 
J_iso: -0.1813 
----------------------------------------------------------------------------------------
   Fe1   Fe1   ( -3,   2,   1) -0.1813   (-9.866,  3.488,  2.014) 10.657 
J_iso: -0.1813 
----------------------------------------------------------------------------------------
   Fe1   Fe1   (  3,  -2,  -1) -0.1813   ( 9.866, -3.488, -2.014) 10.657 
J_iso: -0.1813 
----------------------------------------------------------------------------------------
   Fe1   Fe1   (  3,  -1,  -2) -0.1813   ( 9.866, -0.000, -4.028) 10.657 
J_iso: -0.1813 
----------------------------------------------------------------------------------------
   Fe1   Fe1   ( -2,  -1,   3) -0.1813   (-6.577, -5.814,  6.042) 10.657 
J_iso: -0.1813 
----------------------------------------------------------------------------------------
   Fe1   Fe1   ( -2,   3,  -1) -0.1813   (-6.577,  8.139, -2.014) 10.657 
J_iso: -0.1813 
----------------------------------------------------------------------------------------
   Fe1   Fe1   ( -1,  -2,   3) -0.1813   (-3.289, -8.139,  6.042) 10.657 
J_iso: -0.1813 
----------------------------------------------------------------------------------------
   Fe1   Fe1   ( -1,   3,  -2) -0.1813   (-3.289,  9.302, -4.028) 10.657 
J_iso: -0.1813 
----------------------------------------------------------------------------------------
   Fe1   Fe1   (  1,  -3,   2) -0.1813   ( 3.289, -9.302,  4.028) 10.657 
J_iso: -0.1813 
----------------------------------------------------------------------------------------
   Fe1   Fe1   (  1,   2,  -3) -0.1813   ( 3.289,  8.139, -6.042) 10.657 
J_iso: -0.1813 
----------------------------------------------------------------------------------------
   Fe1   Fe1   (  2,  -3,   1) -0.1813   ( 6.577, -8.139,  2.014) 10.657 
J_iso: -0.1813 
----------------------------------------------------------------------------------------
   Fe1   Fe1   (  2,   1,  -3) -0.1813   ( 6.577,  5.814, -6.042) 10.657 
J_iso: -0.1813 
----------------------------------------------------------------------------------------
   Fe1   Fe1   ( -3,  -2,   2)  0.0427   (-7.400, -6.976,  4.028) 10.938 
J_iso:  0.0427 
----------------------------------------------------------------------------------------
   Fe1   Fe1   ( -3,   2,  -2)  0.0427   (-7.400,  6.976, -4.028) 10.938 
J_iso:  0.0427 
----------------------------------------------------------------------------------------
   Fe1   Fe1   ( -2,   2,  -3)  0.0427   (-4.111,  8.139, -6.042) 10.938 
J_iso:  0.0427 
----------------------------------------------------------------------------------------
   Fe1   Fe1   ( -2,   2,   3)  0.0427   (-9.044,  1.163,  6.042) 10.938 
J_iso:  0.0427 
----------------------------------------------------------------------------------------
   Fe1   Fe1   ( -2,   3,   2)  0.0427   (-9.044,  4.651,  4.028) 10.938 
J_iso:  0.0427 
----------------------------------------------------------------------------------------
   Fe1   Fe1   (  2,  -3,  -2)  0.0427   ( 9.044, -4.651, -4.028) 10.938 
J_iso:  0.0427 
----------------------------------------------------------------------------------------
   Fe1   Fe1   (  2,  -2,  -3)  0.0427   ( 9.044, -1.163, -6.042) 10.938 
J_iso:  0.0427 
----------------------------------------------------------------------------------------
   Fe1   Fe1   (  2,  -2,   3)  0.0427   ( 4.111, -8.139,  6.042) 10.938 
J_iso:  0.0427 
----------------------------------------------------------------------------------------
   Fe1   Fe1   (  3,  -2,   2)  0.0427   ( 7.400, -6.976,  4.028) 10.938 
J_iso:  0.0427 
----------------------------------------------------------------------------------------
   Fe1   Fe1   (  3,   2,  -2)  0.0427   ( 7.400,  6.976, -4.028) 10.938 
J_iso:  0.0427 
----------------------------------------------------------------------------------------
   Fe1   Fe1   ( -2,  -3,   2)  0.0427   (-4.111, -9.302,  4.028) 10.938 
J_iso:  0.0427 
----------------------------------------------------------------------------------------
   Fe1   Fe1   (  2,   3,  -2)  0.0427   ( 4.111,  9.302, -4.028) 10.938 
J_iso:  0.0427 
----------------------------------------------------------------------------------------
   Fe1   Fe1   ( -3,   2,   2)  0.0489   (-10.688,  2.325,  4.028) 11.656 
J_iso:  0.0489 
----------------------------------------------------------------------------------------
   Fe1   Fe1   (  3,  -2,  -2)  0.0489   (10.688, -2.325, -4.028) 11.656 
J_iso:  0.0489 
----------------------------------------------------------------------------------------
   Fe1   Fe1   ( -2,  -2,   3)  0.0489   (-5.755, -8.139,  6.042) 11.656 
J_iso:  0.0489 
----------------------------------------------------------------------------------------
   Fe1   Fe1   ( -2,   3,  -2)  0.0489   (-5.755,  9.302, -4.028) 11.656 
J_iso:  0.0489 
----------------------------------------------------------------------------------------
   Fe1   Fe1   (  2,  -3,   2)  0.0489   ( 5.755, -9.302,  4.028) 11.656 
J_iso:  0.0489 
----------------------------------------------------------------------------------------
   Fe1   Fe1   (  2,   2,  -3)  0.0489   ( 5.755,  8.139, -6.042) 11.656 
J_iso:  0.0489 
----------------------------------------------------------------------------------------
   Fe1   Fe1   ( -3,   0,   3)  0.0357   (-9.866, -3.488,  6.042) 12.084 
J_iso:  0.0357 
----------------------------------------------------------------------------------------
   Fe1   Fe1   ( -3,   3,   0)  0.0357   (-9.866,  6.976,  0.000) 12.084 
J_iso:  0.0357 
----------------------------------------------------------------------------------------
   Fe1   Fe1   (  0,  -3,   3)  0.0357   (-0.000, -10.465,  6.042) 12.084 
J_iso:  0.0357 
----------------------------------------------------------------------------------------
   Fe1   Fe1   (  0,   3,  -3)  0.0357   ( 0.000, 10.465, -6.042) 12.084 
J_iso:  0.0357 
----------------------------------------------------------------------------------------
   Fe1   Fe1   (  3,  -3,   0)  0.0357   ( 9.866, -6.976,  0.000) 12.084 
J_iso:  0.0357 
----------------------------------------------------------------------------------------
   Fe1   Fe1   (  3,   0,  -3)  0.0357   ( 9.866,  3.488, -6.042) 12.084 
J_iso:  0.0357 
----------------------------------------------------------------------------------------
   Fe1   Fe1   ( -2,   3,   3)  0.1473   (-9.866,  3.488,  6.042) 12.084 
J_iso:  0.1473 
----------------------------------------------------------------------------------------
   Fe1   Fe1   (  2,  -3,  -3)  0.1473   ( 9.866, -3.488, -6.042) 12.084 
J_iso:  0.1473 
----------------------------------------------------------------------------------------
   Fe1   Fe1   ( -3,  -3,   2)  0.1473   (-6.577, -9.302,  4.028) 12.084 
J_iso:  0.1473 
----------------------------------------------------------------------------------------
   Fe1   Fe1   ( -3,   2,  -3)  0.1473   (-6.577,  8.139, -6.042) 12.084 
J_iso:  0.1473 
----------------------------------------------------------------------------------------
   Fe1   Fe1   (  3,  -2,   3)  0.1473   ( 6.577, -8.139,  6.042) 12.084 
J_iso:  0.1473 
----------------------------------------------------------------------------------------
   Fe1   Fe1   (  3,   3,  -2)  0.1473   ( 6.577,  9.302, -4.028) 12.084 
J_iso:  0.1473 
----------------------------------------------------------------------------------------
   Fe1   Fe1   ( -3,   1,   3) -0.4207   (-10.688, -1.163,  6.042) 12.333 
J_iso: -0.4207 
----------------------------------------------------------------------------------------
   Fe1   Fe1   ( -3,   3,   1) -0.4207   (-10.688,  5.814,  2.014) 12.333 
J_iso: -0.4207 
----------------------------------------------------------------------------------------
   Fe1   Fe1   (  3,  -3,  -1) -0.4207   (10.688, -5.814, -2.014) 12.333 
J_iso: -0.4207 
----------------------------------------------------------------------------------------
   Fe1   Fe1   (  3,  -1,  -3) -0.4207   (10.688,  1.163, -6.042) 12.333 
J_iso: -0.4207 
----------------------------------------------------------------------------------------
   Fe1   Fe1   ( -3,  -1,   3) -0.4207   (-9.044, -5.814,  6.042) 12.333 
J_iso: -0.4207 
----------------------------------------------------------------------------------------
   Fe1   Fe1   ( -3,   3,  -1) -0.4207   (-9.044,  8.139, -2.014) 12.333 
J_iso: -0.4207 
----------------------------------------------------------------------------------------
   Fe1   Fe1   ( -1,  -3,   3) -0.4207   (-2.467, -10.465,  6.042) 12.333 
J_iso: -0.4207 
----------------------------------------------------------------------------------------
   Fe1   Fe1   ( -1,   3,  -3) -0.4207   (-2.467, 10.465, -6.042) 12.333 
J_iso: -0.4207 
----------------------------------------------------------------------------------------
   Fe1   Fe1   (  1,  -3,   3) -0.4207   ( 2.467, -10.465,  6.042) 12.333 
J_iso: -0.4207 
----------------------------------------------------------------------------------------
   Fe1   Fe1   (  1,   3,  -3) -0.4207   ( 2.467, 10.465, -6.042) 12.333 
J_iso: -0.4207 
----------------------------------------------------------------------------------------
   Fe1   Fe1   (  3,  -3,   1) -0.4207   ( 9.044, -8.139,  2.014) 12.333 
J_iso: -0.4207 
----------------------------------------------------------------------------------------
   Fe1   Fe1   (  3,   1,  -3) -0.4207   ( 9.044,  5.814, -6.042) 12.333 
J_iso: -0.4207 
----------------------------------------------------------------------------------------
   Fe1   Fe1   ( -3,   2,   3) -0.1834   (-11.511,  1.163,  6.042) 13.052 
J_iso: -0.1834 
----------------------------------------------------------------------------------------
   Fe1   Fe1   ( -3,   3,   2) -0.1834   (-11.511,  4.651,  4.028) 13.052 
J_iso: -0.1834 
----------------------------------------------------------------------------------------
   Fe1   Fe1   (  3,  -3,  -2) -0.1834   (11.511, -4.651, -4.028) 13.052 
J_iso: -0.1834 
----------------------------------------------------------------------------------------
   Fe1   Fe1   (  3,  -2,  -3) -0.1834   (11.511, -1.163, -6.042) 13.052 
J_iso: -0.1834 
----------------------------------------------------------------------------------------
   Fe1   Fe1   ( -3,  -2,   3) -0.1834   (-8.222, -8.139,  6.042) 13.052 
J_iso: -0.1834 
----------------------------------------------------------------------------------------
   Fe1   Fe1   ( -3,   3,  -2) -0.1834   (-8.222,  9.302, -4.028) 13.052 
J_iso: -0.1834 
----------------------------------------------------------------------------------------
   Fe1   Fe1   ( -2,  -3,   3) -0.1834   (-4.933, -10.465,  6.042) 13.052 
J_iso: -0.1834 
----------------------------------------------------------------------------------------
   Fe1   Fe1   ( -2,   3,  -3) -0.1834   (-4.933, 10.465, -6.042) 13.052 
J_iso: -0.1834 
----------------------------------------------------------------------------------------
   Fe1   Fe1   (  2,  -3,   3) -0.1834   ( 4.933, -10.465,  6.042) 13.052 
J_iso: -0.1834 
----------------------------------------------------------------------------------------
   Fe1   Fe1   (  2,   3,  -3) -0.1834   ( 4.933, 10.465, -6.042) 13.052 
J_iso: -0.1834 
----------------------------------------------------------------------------------------
   Fe1   Fe1   (  3,  -3,   2) -0.1834   ( 8.222, -9.302,  4.028) 13.052 
J_iso: -0.1834 
----------------------------------------------------------------------------------------
   Fe1   Fe1   (  3,   2,  -3) -0.1834   ( 8.222,  8.139, -6.042) 13.052 
J_iso: -0.1834 
----------------------------------------------------------------------------------------
   Fe1   Fe1   ( -3,   3,   3) -0.2023   (-12.333,  3.488,  6.042) 14.169 
J_iso: -0.2023 
----------------------------------------------------------------------------------------
   Fe1   Fe1   (  3,  -3,  -3) -0.2023   (12.333, -3.488, -6.042) 14.169 
J_iso: -0.2023 
----------------------------------------------------------------------------------------
   Fe1   Fe1   ( -3,   3,  -3) -0.2023   (-7.400, 10.465, -6.042) 14.169 
J_iso: -0.2023 
----------------------------------------------------------------------------------------
   Fe1   Fe1   (  3,  -3,   3) -0.2023   ( 7.400, -10.465,  6.042) 14.169 
J_iso: -0.2023 
----------------------------------------------------------------------------------------
   Fe1   Fe1   ( -3,  -3,   3) -0.2023   (-7.400, -10.465,  6.042) 14.169 
J_iso: -0.2023 
----------------------------------------------------------------------------------------
   Fe1   Fe1   (  3,   3,  -3) -0.2023   ( 7.400, 10.465, -6.042) 14.169 
J_iso: -0.2023 
