==========================================================================================
Information: 
Exchange parameters generated by TB2J 0.9.0.1
Generation time: 25/05/09 11:32:01
Calculated with TB2J.==========================================================================================
Cell (Angstrom):
2.46654077  0.00000000  0.00000000
-0.82218026  2.32547694  0.00000000
-0.82218026  -1.16273847  2.01392211

==========================================================================================
Atoms:  
(Note: charge and magmoms only count the wannier functions.)
Atom number        x             y             z       w_charge  w_magmom 
Fe1             0.00000000    0.00000000    0.00000000   16.0000    2.3207
Total                                                    16.0000    2.3207

==========================================================================================
Orbitals used in decomposition: 
The name of the orbitals for the decomposition: 
Fe1 : ('3dxy', '3dyz', '3dz2', '3dxz', '3dx2-y2')

==========================================================================================
Exchange: 
    i      j          R        J_iso(meV)          vector          distance(A) 
----------------------------------------------------------------------------------------
   Fe1   Fe1   ( -1,   0,   0) 18.8686   (-2.467,  0.000,  0.000)  2.467 
J_iso: 18.8686 
----------------------------------------------------------------------------------------
   Fe1   Fe1   (  0,  -1,   0) 18.8686   ( 0.822, -2.325,  0.000)  2.467 
J_iso: 18.8686 
----------------------------------------------------------------------------------------
   Fe1   Fe1   (  0,   0,  -1) 18.8686   ( 0.822,  1.163, -2.014)  2.467 
J_iso: 18.8686 
----------------------------------------------------------------------------------------
   Fe1   Fe1   (  0,   0,   1) 18.8686   (-0.822, -1.163,  2.014)  2.467 
J_iso: 18.8686 
----------------------------------------------------------------------------------------
   Fe1   Fe1   (  0,   1,   0) 18.8686   (-0.822,  2.325,  0.000)  2.467 
J_iso: 18.8686 
----------------------------------------------------------------------------------------
   Fe1   Fe1   (  1,   0,   0) 18.8686   ( 2.467,  0.000,  0.000)  2.467 
J_iso: 18.8686 
----------------------------------------------------------------------------------------
   Fe1   Fe1   ( -1,  -1,  -1) 18.8686   (-0.822, -1.163, -2.014)  2.467 
J_iso: 18.8686 
----------------------------------------------------------------------------------------
   Fe1   Fe1   (  1,   1,   1) 18.8686   ( 0.822,  1.163,  2.014)  2.467 
J_iso: 18.8686 
----------------------------------------------------------------------------------------
   Fe1   Fe1   (  0,  -1,  -1) 12.4484   ( 1.644, -1.163, -2.014)  2.848 
J_iso: 12.4484 
----------------------------------------------------------------------------------------
   Fe1   Fe1   (  0,   1,   1) 12.4484   (-1.644,  1.163,  2.014)  2.848 
J_iso: 12.4484 
----------------------------------------------------------------------------------------
   Fe1   Fe1   ( -1,  -1,   0) 12.4484   (-1.644, -2.325,  0.000)  2.848 
J_iso: 12.4484 
----------------------------------------------------------------------------------------
   Fe1   Fe1   ( -1,   0,  -1) 12.4484   (-1.644,  1.163, -2.014)  2.848 
J_iso: 12.4484 
----------------------------------------------------------------------------------------
   Fe1   Fe1   (  1,   0,   1) 12.4484   ( 1.644, -1.163,  2.014)  2.848 
J_iso: 12.4484 
----------------------------------------------------------------------------------------
   Fe1   Fe1   (  1,   1,   0) 12.4484   ( 1.644,  2.325,  0.000)  2.848 
J_iso: 12.4484 
----------------------------------------------------------------------------------------
   Fe1   Fe1   ( -1,   0,   1) -0.0643   (-3.289, -1.163,  2.014)  4.028 
J_iso: -0.0643 
----------------------------------------------------------------------------------------
   Fe1   Fe1   ( -1,   1,   0) -0.0643   (-3.289,  2.325,  0.000)  4.028 
J_iso: -0.0643 
----------------------------------------------------------------------------------------
   Fe1   Fe1   (  0,  -1,   1) -0.0643   ( 0.000, -3.488,  2.014)  4.028 
J_iso: -0.0643 
----------------------------------------------------------------------------------------
   Fe1   Fe1   (  0,   1,  -1) -0.0643   ( 0.000,  3.488, -2.014)  4.028 
J_iso: -0.0643 
----------------------------------------------------------------------------------------
   Fe1   Fe1   (  1,  -1,   0) -0.0643   ( 3.289, -2.325,  0.000)  4.028 
J_iso: -0.0643 
----------------------------------------------------------------------------------------
   Fe1   Fe1   (  1,   0,  -1) -0.0643   ( 3.289,  1.163, -2.014)  4.028 
J_iso: -0.0643 
----------------------------------------------------------------------------------------
   Fe1   Fe1   ( -2,  -1,  -1) -0.0643   (-3.289, -1.163, -2.014)  4.028 
J_iso: -0.0643 
----------------------------------------------------------------------------------------
   Fe1   Fe1   ( -1,  -2,  -1) -0.0643   (-0.000, -3.488, -2.014)  4.028 
J_iso: -0.0643 
----------------------------------------------------------------------------------------
   Fe1   Fe1   ( -1,  -1,  -2) -0.0643   (-0.000, -0.000, -4.028)  4.028 
J_iso: -0.0643 
----------------------------------------------------------------------------------------
   Fe1   Fe1   (  1,   1,   2) -0.0643   ( 0.000,  0.000,  4.028)  4.028 
J_iso: -0.0643 
----------------------------------------------------------------------------------------
   Fe1   Fe1   (  1,   2,   1) -0.0643   ( 0.000,  3.488,  2.014)  4.028 
J_iso: -0.0643 
----------------------------------------------------------------------------------------
   Fe1   Fe1   (  2,   1,   1) -0.0643   ( 3.289,  1.163,  2.014)  4.028 
J_iso: -0.0643 
----------------------------------------------------------------------------------------
   Fe1   Fe1   ( -1,  -1,   1) -0.0742   (-2.467, -3.488,  2.014)  4.723 
J_iso: -0.0742 
----------------------------------------------------------------------------------------
   Fe1   Fe1   ( -1,   1,  -1) -0.0742   (-2.467,  3.488, -2.014)  4.723 
J_iso: -0.0742 
----------------------------------------------------------------------------------------
   Fe1   Fe1   ( -1,   1,   1) -0.0742   (-4.111,  1.163,  2.014)  4.723 
J_iso: -0.0742 
----------------------------------------------------------------------------------------
   Fe1   Fe1   (  1,  -1,  -1) -0.0742   ( 4.111, -1.163, -2.014)  4.723 
J_iso: -0.0742 
----------------------------------------------------------------------------------------
   Fe1   Fe1   (  1,  -1,   1) -0.0742   ( 2.467, -3.488,  2.014)  4.723 
J_iso: -0.0742 
----------------------------------------------------------------------------------------
   Fe1   Fe1   (  1,   1,  -1) -0.0742   ( 2.467,  3.488, -2.014)  4.723 
J_iso: -0.0742 
----------------------------------------------------------------------------------------
   Fe1   Fe1   (  0,  -1,  -2) -0.0742   ( 2.467, -0.000, -4.028)  4.723 
J_iso: -0.0742 
----------------------------------------------------------------------------------------
   Fe1   Fe1   (  0,   1,   2) -0.0742   (-2.467,  0.000,  4.028)  4.723 
J_iso: -0.0742 
----------------------------------------------------------------------------------------
   Fe1   Fe1   ( -2,  -1,   0) -0.0742   (-4.111, -2.325,  0.000)  4.723 
J_iso: -0.0742 
----------------------------------------------------------------------------------------
   Fe1   Fe1   ( -2,   0,  -1) -0.0742   (-4.111,  1.163, -2.014)  4.723 
J_iso: -0.0742 
----------------------------------------------------------------------------------------
   Fe1   Fe1   ( -1,  -2,   0) -0.0742   (-0.822, -4.651,  0.000)  4.723 
J_iso: -0.0742 
----------------------------------------------------------------------------------------
   Fe1   Fe1   ( -1,   0,  -2) -0.0742   (-0.822,  2.325, -4.028)  4.723 
J_iso: -0.0742 
----------------------------------------------------------------------------------------
   Fe1   Fe1   (  0,  -2,  -1) -0.0742   ( 2.467, -3.488, -2.014)  4.723 
J_iso: -0.0742 
----------------------------------------------------------------------------------------
   Fe1   Fe1   (  0,   2,   1) -0.0742   (-2.467,  3.488,  2.014)  4.723 
J_iso: -0.0742 
----------------------------------------------------------------------------------------
   Fe1   Fe1   (  1,   0,   2) -0.0742   ( 0.822, -2.325,  4.028)  4.723 
J_iso: -0.0742 
----------------------------------------------------------------------------------------
   Fe1   Fe1   (  1,   2,   0) -0.0742   ( 0.822,  4.651,  0.000)  4.723 
J_iso: -0.0742 
----------------------------------------------------------------------------------------
   Fe1   Fe1   (  2,   0,   1) -0.0742   ( 4.111, -1.163,  2.014)  4.723 
J_iso: -0.0742 
----------------------------------------------------------------------------------------
   Fe1   Fe1   (  2,   1,   0) -0.0742   ( 4.111,  2.325,  0.000)  4.723 
J_iso: -0.0742 
----------------------------------------------------------------------------------------
   Fe1   Fe1   ( -2,  -2,  -1) -0.0742   (-2.467, -3.488, -2.014)  4.723 
J_iso: -0.0742 
----------------------------------------------------------------------------------------
   Fe1   Fe1   ( -2,  -1,  -2) -0.0742   (-2.467, -0.000, -4.028)  4.723 
J_iso: -0.0742 
----------------------------------------------------------------------------------------
   Fe1   Fe1   ( -1,  -2,  -2) -0.0742   ( 0.822, -2.325, -4.028)  4.723 
J_iso: -0.0742 
----------------------------------------------------------------------------------------
   Fe1   Fe1   (  1,   2,   2) -0.0742   (-0.822,  2.325,  4.028)  4.723 
J_iso: -0.0742 
----------------------------------------------------------------------------------------
   Fe1   Fe1   (  2,   1,   2) -0.0742   ( 2.467,  0.000,  4.028)  4.723 
J_iso: -0.0742 
----------------------------------------------------------------------------------------
   Fe1   Fe1   (  2,   2,   1) -0.0742   ( 2.467,  3.488,  2.014)  4.723 
J_iso: -0.0742 
----------------------------------------------------------------------------------------
   Fe1   Fe1   ( -2,   0,   0) -0.2884   (-4.933,  0.000,  0.000)  4.933 
J_iso: -0.2884 
----------------------------------------------------------------------------------------
   Fe1   Fe1   (  0,  -2,   0) -0.2884   ( 1.644, -4.651,  0.000)  4.933 
J_iso: -0.2884 
----------------------------------------------------------------------------------------
   Fe1   Fe1   (  0,   0,  -2) -0.2884   ( 1.644,  2.325, -4.028)  4.933 
J_iso: -0.2884 
----------------------------------------------------------------------------------------
   Fe1   Fe1   (  0,   0,   2) -0.2884   (-1.644, -2.325,  4.028)  4.933 
J_iso: -0.2884 
----------------------------------------------------------------------------------------
   Fe1   Fe1   (  0,   2,   0) -0.2884   (-1.644,  4.651,  0.000)  4.933 
J_iso: -0.2884 
----------------------------------------------------------------------------------------
   Fe1   Fe1   (  2,   0,   0) -0.2884   ( 4.933,  0.000,  0.000)  4.933 
J_iso: -0.2884 
----------------------------------------------------------------------------------------
   Fe1   Fe1   ( -2,  -2,  -2) -0.2884   (-1.644, -2.325, -4.028)  4.933 
J_iso: -0.2884 
----------------------------------------------------------------------------------------
   Fe1   Fe1   (  2,   2,   2) -0.2884   ( 1.644,  2.325,  4.028)  4.933 
J_iso: -0.2884 
----------------------------------------------------------------------------------------
   Fe1   Fe1   (  0,  -2,  -2)  0.5922   ( 3.289, -2.325, -4.028)  5.696 
J_iso:  0.5922 
----------------------------------------------------------------------------------------
   Fe1   Fe1   (  0,   2,   2)  0.5922   (-3.289,  2.325,  4.028)  5.696 
J_iso:  0.5922 
----------------------------------------------------------------------------------------
   Fe1   Fe1   ( -2,  -2,   0)  0.5922   (-3.289, -4.651,  0.000)  5.696 
J_iso:  0.5922 
----------------------------------------------------------------------------------------
   Fe1   Fe1   ( -2,   0,  -2)  0.5922   (-3.289,  2.325, -4.028)  5.696 
J_iso:  0.5922 
----------------------------------------------------------------------------------------
   Fe1   Fe1   (  2,   0,   2)  0.5922   ( 3.289, -2.325,  4.028)  5.696 
J_iso:  0.5922 
----------------------------------------------------------------------------------------
   Fe1   Fe1   (  2,   2,   0)  0.5922   ( 3.289,  4.651,  0.000)  5.696 
J_iso:  0.5922 
----------------------------------------------------------------------------------------
   Fe1   Fe1   ( -1,   0,   2) -0.6606   (-4.111, -2.325,  4.028)  6.207 
J_iso: -0.6606 
----------------------------------------------------------------------------------------
   Fe1   Fe1   (  1,   0,  -2) -0.6606   ( 4.111,  2.325, -4.028)  6.207 
J_iso: -0.6606 
----------------------------------------------------------------------------------------
   Fe1   Fe1   ( -2,   0,   1) -0.6606   (-5.755, -1.163,  2.014)  6.207 
J_iso: -0.6606 
----------------------------------------------------------------------------------------
   Fe1   Fe1   ( -2,   1,   0) -0.6606   (-5.755,  2.325,  0.000)  6.207 
J_iso: -0.6606 
----------------------------------------------------------------------------------------
   Fe1   Fe1   ( -1,   2,   0) -0.6606   (-4.111,  4.651,  0.000)  6.207 
J_iso: -0.6606 
----------------------------------------------------------------------------------------
   Fe1   Fe1   (  0,  -2,   1) -0.6606   ( 0.822, -5.814,  2.014)  6.207 
J_iso: -0.6606 
----------------------------------------------------------------------------------------
   Fe1   Fe1   (  0,  -1,   2) -0.6606   (-0.822, -4.651,  4.028)  6.207 
J_iso: -0.6606 
----------------------------------------------------------------------------------------
   Fe1   Fe1   (  0,   1,  -2) -0.6606   ( 0.822,  4.651, -4.028)  6.207 
J_iso: -0.6606 
----------------------------------------------------------------------------------------
   Fe1   Fe1   (  0,   2,  -1) -0.6606   (-0.822,  5.814, -2.014)  6.207 
J_iso: -0.6606 
----------------------------------------------------------------------------------------
   Fe1   Fe1   (  1,  -2,   0) -0.6606   ( 4.111, -4.651,  0.000)  6.207 
J_iso: -0.6606 
----------------------------------------------------------------------------------------
   Fe1   Fe1   (  2,  -1,   0) -0.6606   ( 5.755, -2.325,  0.000)  6.207 
J_iso: -0.6606 
----------------------------------------------------------------------------------------
   Fe1   Fe1   (  2,   0,  -1) -0.6606   ( 5.755,  1.163, -2.014)  6.207 
J_iso: -0.6606 
----------------------------------------------------------------------------------------
   Fe1   Fe1   ( -1,  -1,  -3) -0.6606   ( 0.822,  1.163, -6.042)  6.207 
J_iso: -0.6606 
----------------------------------------------------------------------------------------
   Fe1   Fe1   (  1,   1,   3) -0.6606   (-0.822, -1.163,  6.042)  6.207 
J_iso: -0.6606 
----------------------------------------------------------------------------------------
   Fe1   Fe1   ( -3,  -1,  -1) -0.6606   (-5.755, -1.163, -2.014)  6.207 
J_iso: -0.6606 
----------------------------------------------------------------------------------------
   Fe1   Fe1   ( -1,  -3,  -1) -0.6606   ( 0.822, -5.814, -2.014)  6.207 
J_iso: -0.6606 
----------------------------------------------------------------------------------------
   Fe1   Fe1   (  1,   3,   1) -0.6606   (-0.822,  5.814,  2.014)  6.207 
J_iso: -0.6606 
----------------------------------------------------------------------------------------
   Fe1   Fe1   (  3,   1,   1) -0.6606   ( 5.755,  1.163,  2.014)  6.207 
J_iso: -0.6606 
----------------------------------------------------------------------------------------
   Fe1   Fe1   ( -3,  -2,  -2) -0.6606   (-4.111, -2.325, -4.028)  6.207 
J_iso: -0.6606 
----------------------------------------------------------------------------------------
   Fe1   Fe1   ( -2,  -2,  -3) -0.6606   (-0.822, -1.163, -6.042)  6.207 
J_iso: -0.6606 
----------------------------------------------------------------------------------------
   Fe1   Fe1   (  2,   2,   3) -0.6606   ( 0.822,  1.163,  6.042)  6.207 
J_iso: -0.6606 
----------------------------------------------------------------------------------------
   Fe1   Fe1   (  3,   2,   2) -0.6606   ( 4.111,  2.325,  4.028)  6.207 
J_iso: -0.6606 
----------------------------------------------------------------------------------------
   Fe1   Fe1   ( -2,  -3,  -2) -0.6606   (-0.822, -4.651, -4.028)  6.207 
J_iso: -0.6606 
----------------------------------------------------------------------------------------
   Fe1   Fe1   (  2,   3,   2) -0.6606   ( 0.822,  4.651,  4.028)  6.207 
J_iso: -0.6606 
----------------------------------------------------------------------------------------
   Fe1   Fe1   ( -2,  -1,   1)  0.9072   (-4.933, -3.488,  2.014)  6.369 
J_iso:  0.9072 
----------------------------------------------------------------------------------------
   Fe1   Fe1   ( -2,   1,  -1)  0.9072   (-4.933,  3.488, -2.014)  6.369 
J_iso:  0.9072 
----------------------------------------------------------------------------------------
   Fe1   Fe1   (  2,  -1,   1)  0.9072   ( 4.933, -3.488,  2.014)  6.369 
J_iso:  0.9072 
----------------------------------------------------------------------------------------
   Fe1   Fe1   (  2,   1,  -1)  0.9072   ( 4.933,  3.488, -2.014)  6.369 
J_iso:  0.9072 
----------------------------------------------------------------------------------------
   Fe1   Fe1   ( -1,   1,  -2)  0.9072   (-1.644,  4.651, -4.028)  6.369 
J_iso:  0.9072 
----------------------------------------------------------------------------------------
   Fe1   Fe1   ( -1,   1,   2)  0.9072   (-4.933,  0.000,  4.028)  6.369 
J_iso:  0.9072 
----------------------------------------------------------------------------------------
   Fe1   Fe1   ( -1,   2,   1)  0.9072   (-4.933,  3.488,  2.014)  6.369 
J_iso:  0.9072 
----------------------------------------------------------------------------------------
   Fe1   Fe1   (  1,  -2,  -1)  0.9072   ( 4.933, -3.488, -2.014)  6.369 
J_iso:  0.9072 
----------------------------------------------------------------------------------------
   Fe1   Fe1   (  1,  -1,  -2)  0.9072   ( 4.933, -0.000, -4.028)  6.369 
J_iso:  0.9072 
----------------------------------------------------------------------------------------
   Fe1   Fe1   (  1,  -1,   2)  0.9072   ( 1.644, -4.651,  4.028)  6.369 
J_iso:  0.9072 
----------------------------------------------------------------------------------------
   Fe1   Fe1   ( -1,  -2,   1)  0.9072   (-1.644, -5.814,  2.014)  6.369 
J_iso:  0.9072 
----------------------------------------------------------------------------------------
   Fe1   Fe1   (  1,   2,  -1)  0.9072   ( 1.644,  5.814, -2.014)  6.369 
J_iso:  0.9072 
----------------------------------------------------------------------------------------
   Fe1   Fe1   ( -2,  -1,  -3)  0.9072   (-1.644,  1.163, -6.042)  6.369 
J_iso:  0.9072 
----------------------------------------------------------------------------------------
   Fe1   Fe1   ( -1,  -2,  -3)  0.9072   ( 1.644, -1.163, -6.042)  6.369 
J_iso:  0.9072 
----------------------------------------------------------------------------------------
   Fe1   Fe1   (  1,   2,   3)  0.9072   (-1.644,  1.163,  6.042)  6.369 
J_iso:  0.9072 
----------------------------------------------------------------------------------------
   Fe1   Fe1   (  2,   1,   3)  0.9072   ( 1.644, -1.163,  6.042)  6.369 
J_iso:  0.9072 
----------------------------------------------------------------------------------------
   Fe1   Fe1   ( -3,  -2,  -1)  0.9072   (-4.933, -3.488, -2.014)  6.369 
J_iso:  0.9072 
----------------------------------------------------------------------------------------
   Fe1   Fe1   ( -3,  -1,  -2)  0.9072   (-4.933, -0.000, -4.028)  6.369 
J_iso:  0.9072 
----------------------------------------------------------------------------------------
   Fe1   Fe1   ( -1,  -3,  -2)  0.9072   ( 1.644, -4.651, -4.028)  6.369 
J_iso:  0.9072 
----------------------------------------------------------------------------------------
   Fe1   Fe1   (  1,   3,   2)  0.9072   (-1.644,  4.651,  4.028)  6.369 
J_iso:  0.9072 
----------------------------------------------------------------------------------------
   Fe1   Fe1   (  3,   1,   2)  0.9072   ( 4.933,  0.000,  4.028)  6.369 
J_iso:  0.9072 
----------------------------------------------------------------------------------------
   Fe1   Fe1   (  3,   2,   1)  0.9072   ( 4.933,  3.488,  2.014)  6.369 
J_iso:  0.9072 
----------------------------------------------------------------------------------------
   Fe1   Fe1   ( -2,  -3,  -1)  0.9072   (-1.644, -5.814, -2.014)  6.369 
J_iso:  0.9072 
----------------------------------------------------------------------------------------
   Fe1   Fe1   (  2,   3,   1)  0.9072   ( 1.644,  5.814,  2.014)  6.369 
J_iso:  0.9072 
----------------------------------------------------------------------------------------
   Fe1   Fe1   ( -2,   1,   1) -0.2720   (-6.577,  1.163,  2.014)  6.976 
J_iso: -0.2720 
----------------------------------------------------------------------------------------
   Fe1   Fe1   ( -1,  -1,   2) -0.2720   (-3.289, -4.651,  4.028)  6.976 
J_iso: -0.2720 
----------------------------------------------------------------------------------------
   Fe1   Fe1   (  1,   1,  -2) -0.2720   ( 3.289,  4.651, -4.028)  6.976 
J_iso: -0.2720 
----------------------------------------------------------------------------------------
   Fe1   Fe1   (  2,  -1,  -1) -0.2720   ( 6.577, -1.163, -2.014)  6.976 
J_iso: -0.2720 
----------------------------------------------------------------------------------------
   Fe1   Fe1   ( -1,   2,  -1) -0.2720   (-3.289,  5.814, -2.014)  6.976 
J_iso: -0.2720 
----------------------------------------------------------------------------------------
   Fe1   Fe1   (  1,  -2,   1) -0.2720   ( 3.289, -5.814,  2.014)  6.976 
J_iso: -0.2720 
----------------------------------------------------------------------------------------
   Fe1   Fe1   (  0,  -1,  -3) -0.2720   ( 3.289,  1.163, -6.042)  6.976 
J_iso: -0.2720 
----------------------------------------------------------------------------------------
   Fe1   Fe1   (  0,   1,   3) -0.2720   (-3.289, -1.163,  6.042)  6.976 
J_iso: -0.2720 
----------------------------------------------------------------------------------------
   Fe1   Fe1   ( -3,  -1,   0) -0.2720   (-6.577, -2.325,  0.000)  6.976 
J_iso: -0.2720 
----------------------------------------------------------------------------------------
   Fe1   Fe1   ( -3,   0,  -1) -0.2720   (-6.577,  1.163, -2.014)  6.976 
J_iso: -0.2720 
----------------------------------------------------------------------------------------
   Fe1   Fe1   ( -1,   0,  -3) -0.2720   (-0.000,  3.488, -6.042)  6.976 
J_iso: -0.2720 
----------------------------------------------------------------------------------------
   Fe1   Fe1   (  0,  -3,  -1) -0.2720   ( 3.289, -5.814, -2.014)  6.976 
J_iso: -0.2720 
----------------------------------------------------------------------------------------
   Fe1   Fe1   (  0,   3,   1) -0.2720   (-3.289,  5.814,  2.014)  6.976 
J_iso: -0.2720 
----------------------------------------------------------------------------------------
   Fe1   Fe1   (  1,   0,   3) -0.2720   ( 0.000, -3.488,  6.042)  6.976 
J_iso: -0.2720 
----------------------------------------------------------------------------------------
   Fe1   Fe1   (  3,   0,   1) -0.2720   ( 6.577, -1.163,  2.014)  6.976 
J_iso: -0.2720 
----------------------------------------------------------------------------------------
   Fe1   Fe1   (  3,   1,   0) -0.2720   ( 6.577,  2.325,  0.000)  6.976 
J_iso: -0.2720 
----------------------------------------------------------------------------------------
   Fe1   Fe1   ( -1,  -3,   0) -0.2720   (-0.000, -6.976,  0.000)  6.976 
J_iso: -0.2720 
----------------------------------------------------------------------------------------
   Fe1   Fe1   (  1,   3,   0) -0.2720   ( 0.000,  6.976,  0.000)  6.976 
J_iso: -0.2720 
----------------------------------------------------------------------------------------
   Fe1   Fe1   ( -3,  -2,  -3) -0.2720   (-3.289, -1.163, -6.042)  6.976 
J_iso: -0.2720 
----------------------------------------------------------------------------------------
   Fe1   Fe1   (  3,   2,   3) -0.2720   ( 3.289,  1.163,  6.042)  6.976 
J_iso: -0.2720 
----------------------------------------------------------------------------------------
   Fe1   Fe1   ( -3,  -3,  -2) -0.2720   (-3.289, -4.651, -4.028)  6.976 
J_iso: -0.2720 
----------------------------------------------------------------------------------------
   Fe1   Fe1   ( -2,  -3,  -3) -0.2720   (-0.000, -3.488, -6.042)  6.976 
J_iso: -0.2720 
----------------------------------------------------------------------------------------
   Fe1   Fe1   (  2,   3,   3) -0.2720   ( 0.000,  3.488,  6.042)  6.976 
J_iso: -0.2720 
----------------------------------------------------------------------------------------
   Fe1   Fe1   (  3,   3,   2) -0.2720   ( 3.289,  4.651,  4.028)  6.976 
J_iso: -0.2720 
----------------------------------------------------------------------------------------
   Fe1   Fe1   (  0,   0,  -3)  0.2298   ( 2.467,  3.488, -6.042)  7.400 
J_iso:  0.2298 
----------------------------------------------------------------------------------------
   Fe1   Fe1   (  0,   0,   3)  0.2298   (-2.467, -3.488,  6.042)  7.400 
J_iso:  0.2298 
----------------------------------------------------------------------------------------
   Fe1   Fe1   ( -3,   0,   0)  0.2298   (-7.400,  0.000,  0.000)  7.400 
J_iso:  0.2298 
----------------------------------------------------------------------------------------
   Fe1   Fe1   ( -2,   1,  -2)  0.2298   (-4.111,  4.651, -4.028)  7.400 
J_iso:  0.2298 
----------------------------------------------------------------------------------------
   Fe1   Fe1   ( -1,   2,   2)  0.2298   (-5.755,  2.325,  4.028)  7.400 
J_iso:  0.2298 
----------------------------------------------------------------------------------------
   Fe1   Fe1   (  1,  -2,  -2)  0.2298   ( 5.755, -2.325, -4.028)  7.400 
J_iso:  0.2298 
----------------------------------------------------------------------------------------
   Fe1   Fe1   (  2,  -1,   2)  0.2298   ( 4.111, -4.651,  4.028)  7.400 
J_iso:  0.2298 
----------------------------------------------------------------------------------------
   Fe1   Fe1   (  3,   0,   0)  0.2298   ( 7.400,  0.000,  0.000)  7.400 
J_iso:  0.2298 
----------------------------------------------------------------------------------------
   Fe1   Fe1   ( -2,  -2,   1)  0.2298   (-4.111, -5.814,  2.014)  7.400 
J_iso:  0.2298 
----------------------------------------------------------------------------------------
   Fe1   Fe1   (  0,  -3,   0)  0.2298   ( 2.467, -6.976,  0.000)  7.400 
J_iso:  0.2298 
----------------------------------------------------------------------------------------
   Fe1   Fe1   (  0,   3,   0)  0.2298   (-2.467,  6.976,  0.000)  7.400 
J_iso:  0.2298 
----------------------------------------------------------------------------------------
   Fe1   Fe1   (  2,   2,  -1)  0.2298   ( 4.111,  5.814, -2.014)  7.400 
J_iso:  0.2298 
----------------------------------------------------------------------------------------
   Fe1   Fe1   (  0,  -2,  -3)  0.2298   ( 4.111, -1.163, -6.042)  7.400 
J_iso:  0.2298 
----------------------------------------------------------------------------------------
   Fe1   Fe1   (  0,   2,   3)  0.2298   (-4.111,  1.163,  6.042)  7.400 
J_iso:  0.2298 
----------------------------------------------------------------------------------------
   Fe1   Fe1   ( -3,   0,  -2)  0.2298   (-5.755,  2.325, -4.028)  7.400 
J_iso:  0.2298 
----------------------------------------------------------------------------------------
   Fe1   Fe1   ( -2,   0,  -3)  0.2298   (-2.467,  3.488, -6.042)  7.400 
J_iso:  0.2298 
----------------------------------------------------------------------------------------
   Fe1   Fe1   (  0,  -3,  -2)  0.2298   ( 4.111, -4.651, -4.028)  7.400 
J_iso:  0.2298 
----------------------------------------------------------------------------------------
   Fe1   Fe1   (  0,   3,   2)  0.2298   (-4.111,  4.651,  4.028)  7.400 
J_iso:  0.2298 
----------------------------------------------------------------------------------------
   Fe1   Fe1   (  2,   0,   3)  0.2298   ( 2.467, -3.488,  6.042)  7.400 
J_iso:  0.2298 
----------------------------------------------------------------------------------------
   Fe1   Fe1   (  3,   0,   2)  0.2298   ( 5.755, -2.325,  4.028)  7.400 
J_iso:  0.2298 
----------------------------------------------------------------------------------------
   Fe1   Fe1   ( -3,  -2,   0)  0.2298   (-5.755, -4.651,  0.000)  7.400 
J_iso:  0.2298 
----------------------------------------------------------------------------------------
   Fe1   Fe1   ( -2,  -3,   0)  0.2298   (-2.467, -6.976,  0.000)  7.400 
J_iso:  0.2298 
----------------------------------------------------------------------------------------
   Fe1   Fe1   (  2,   3,   0)  0.2298   ( 2.467,  6.976,  0.000)  7.400 
J_iso:  0.2298 
----------------------------------------------------------------------------------------
   Fe1   Fe1   (  3,   2,   0)  0.2298   ( 5.755,  4.651,  0.000)  7.400 
J_iso:  0.2298 
----------------------------------------------------------------------------------------
   Fe1   Fe1   ( -1,  -3,  -3)  0.2298   ( 2.467, -3.488, -6.042)  7.400 
J_iso:  0.2298 
----------------------------------------------------------------------------------------
   Fe1   Fe1   (  1,   3,   3)  0.2298   (-2.467,  3.488,  6.042)  7.400 
J_iso:  0.2298 
----------------------------------------------------------------------------------------
   Fe1   Fe1   ( -3,  -3,  -1)  0.2298   (-4.111, -5.814, -2.014)  7.400 
J_iso:  0.2298 
----------------------------------------------------------------------------------------
   Fe1   Fe1   ( -3,  -1,  -3)  0.2298   (-4.111,  1.163, -6.042)  7.400 
J_iso:  0.2298 
----------------------------------------------------------------------------------------
   Fe1   Fe1   (  3,   1,   3)  0.2298   ( 4.111, -1.163,  6.042)  7.400 
J_iso:  0.2298 
----------------------------------------------------------------------------------------
   Fe1   Fe1   (  3,   3,   1)  0.2298   ( 4.111,  5.814,  2.014)  7.400 
J_iso:  0.2298 
----------------------------------------------------------------------------------------
   Fe1   Fe1   ( -3,  -3,  -3)  0.2298   (-2.467, -3.488, -6.042)  7.400 
J_iso:  0.2298 
----------------------------------------------------------------------------------------
   Fe1   Fe1   (  3,   3,   3)  0.2298   ( 2.467,  3.488,  6.042)  7.400 
J_iso:  0.2298 
----------------------------------------------------------------------------------------
   Fe1   Fe1   ( -2,   0,   2)  0.0553   (-6.577, -2.325,  4.028)  8.056 
J_iso:  0.0553 
----------------------------------------------------------------------------------------
   Fe1   Fe1   ( -2,   2,   0)  0.0553   (-6.577,  4.651,  0.000)  8.056 
J_iso:  0.0553 
----------------------------------------------------------------------------------------
   Fe1   Fe1   (  0,  -2,   2)  0.0553   ( 0.000, -6.976,  4.028)  8.056 
J_iso:  0.0553 
----------------------------------------------------------------------------------------
   Fe1   Fe1   (  0,   2,  -2)  0.0553   ( 0.000,  6.976, -4.028)  8.056 
J_iso:  0.0553 
----------------------------------------------------------------------------------------
   Fe1   Fe1   (  2,  -2,   0)  0.0553   ( 6.577, -4.651,  0.000)  8.056 
J_iso:  0.0553 
----------------------------------------------------------------------------------------
   Fe1   Fe1   (  2,   0,  -2)  0.0553   ( 6.577,  2.325, -4.028)  8.056 
J_iso:  0.0553 
----------------------------------------------------------------------------------------
   Fe1   Fe1   ( -2,  -1,   2) -0.1910   (-5.755, -4.651,  4.028)  8.425 
J_iso: -0.1910 
----------------------------------------------------------------------------------------
   Fe1   Fe1   ( -2,   1,   2) -0.1910   (-7.400,  0.000,  4.028)  8.425 
J_iso: -0.1910 
----------------------------------------------------------------------------------------
   Fe1   Fe1   ( -2,   2,  -1) -0.1910   (-5.755,  5.814, -2.014)  8.425 
J_iso: -0.1910 
----------------------------------------------------------------------------------------
   Fe1   Fe1   ( -2,   2,   1) -0.1910   (-7.400,  3.488,  2.014)  8.425 
J_iso: -0.1910 
----------------------------------------------------------------------------------------
   Fe1   Fe1   ( -1,  -2,   2) -0.1910   (-2.467, -6.976,  4.028)  8.425 
J_iso: -0.1910 
----------------------------------------------------------------------------------------
   Fe1   Fe1   ( -1,   2,  -2) -0.1910   (-2.467,  6.976, -4.028)  8.425 
J_iso: -0.1910 
----------------------------------------------------------------------------------------
   Fe1   Fe1   (  1,  -2,   2) -0.1910   ( 2.467, -6.976,  4.028)  8.425 
J_iso: -0.1910 
----------------------------------------------------------------------------------------
   Fe1   Fe1   (  1,   2,  -2) -0.1910   ( 2.467,  6.976, -4.028)  8.425 
J_iso: -0.1910 
----------------------------------------------------------------------------------------
   Fe1   Fe1   (  2,  -2,  -1) -0.1910   ( 7.400, -3.488, -2.014)  8.425 
J_iso: -0.1910 
----------------------------------------------------------------------------------------
   Fe1   Fe1   (  2,  -2,   1) -0.1910   ( 5.755, -5.814,  2.014)  8.425 
J_iso: -0.1910 
----------------------------------------------------------------------------------------
   Fe1   Fe1   (  2,  -1,  -2) -0.1910   ( 7.400, -0.000, -4.028)  8.425 
J_iso: -0.1910 
----------------------------------------------------------------------------------------
   Fe1   Fe1   (  2,   1,  -2) -0.1910   ( 5.755,  4.651, -4.028)  8.425 
J_iso: -0.1910 
----------------------------------------------------------------------------------------
   Fe1   Fe1   ( -3,  -1,   1) -0.1910   (-7.400, -3.488,  2.014)  8.425 
J_iso: -0.1910 
----------------------------------------------------------------------------------------
   Fe1   Fe1   ( -3,   1,  -1) -0.1910   (-7.400,  3.488, -2.014)  8.425 
J_iso: -0.1910 
----------------------------------------------------------------------------------------
   Fe1   Fe1   ( -1,  -3,   1) -0.1910   (-0.822, -8.139,  2.014)  8.425 
J_iso: -0.1910 
----------------------------------------------------------------------------------------
   Fe1   Fe1   ( -1,   1,  -3) -0.1910   (-0.822,  5.814, -6.042)  8.425 
J_iso: -0.1910 
----------------------------------------------------------------------------------------
   Fe1   Fe1   ( -1,   1,   3) -0.1910   (-5.755, -1.163,  6.042)  8.425 
J_iso: -0.1910 
----------------------------------------------------------------------------------------
   Fe1   Fe1   (  1,  -1,  -3) -0.1910   ( 5.755,  1.163, -6.042)  8.425 
J_iso: -0.1910 
----------------------------------------------------------------------------------------
   Fe1   Fe1   (  1,  -1,   3) -0.1910   ( 0.822, -5.814,  6.042)  8.425 
J_iso: -0.1910 
----------------------------------------------------------------------------------------
   Fe1   Fe1   (  1,   3,  -1) -0.1910   ( 0.822,  8.139, -2.014)  8.425 
J_iso: -0.1910 
----------------------------------------------------------------------------------------
   Fe1   Fe1   (  3,  -1,   1) -0.1910   ( 7.400, -3.488,  2.014)  8.425 
J_iso: -0.1910 
----------------------------------------------------------------------------------------
   Fe1   Fe1   (  3,   1,  -1) -0.1910   ( 7.400,  3.488, -2.014)  8.425 
J_iso: -0.1910 
----------------------------------------------------------------------------------------
   Fe1   Fe1   ( -1,   3,   1) -0.1910   (-5.755,  5.814,  2.014)  8.425 
J_iso: -0.1910 
----------------------------------------------------------------------------------------
   Fe1   Fe1   (  1,  -3,  -1) -0.1910   ( 5.755, -5.814, -2.014)  8.425 
J_iso: -0.1910 
----------------------------------------------------------------------------------------
   Fe1   Fe1   ( -3,   0,   1) -0.2736   (-8.222, -1.163,  2.014)  8.544 
J_iso: -0.2736 
----------------------------------------------------------------------------------------
   Fe1   Fe1   (  3,   0,  -1) -0.2736   ( 8.222,  1.163, -2.014)  8.544 
J_iso: -0.2736 
----------------------------------------------------------------------------------------
   Fe1   Fe1   ( -3,   1,   0) -0.2736   (-8.222,  2.325,  0.000)  8.544 
J_iso: -0.2736 
----------------------------------------------------------------------------------------
   Fe1   Fe1   ( -1,   0,   3) -0.2736   (-4.933, -3.488,  6.042)  8.544 
J_iso: -0.2736 
----------------------------------------------------------------------------------------
   Fe1   Fe1   ( -1,   3,   0) -0.2736   (-4.933,  6.976,  0.000)  8.544 
J_iso: -0.2736 
----------------------------------------------------------------------------------------
   Fe1   Fe1   (  0,  -3,   1) -0.2736   ( 1.644, -8.139,  2.014)  8.544 
J_iso: -0.2736 
----------------------------------------------------------------------------------------
   Fe1   Fe1   (  0,  -1,   3) -0.2736   (-1.644, -5.814,  6.042)  8.544 
J_iso: -0.2736 
----------------------------------------------------------------------------------------
   Fe1   Fe1   (  0,   1,  -3) -0.2736   ( 1.644,  5.814, -6.042)  8.544 
J_iso: -0.2736 
----------------------------------------------------------------------------------------
   Fe1   Fe1   (  0,   3,  -1) -0.2736   (-1.644,  8.139, -2.014)  8.544 
J_iso: -0.2736 
----------------------------------------------------------------------------------------
   Fe1   Fe1   (  1,  -3,   0) -0.2736   ( 4.933, -6.976,  0.000)  8.544 
J_iso: -0.2736 
----------------------------------------------------------------------------------------
   Fe1   Fe1   (  1,   0,  -3) -0.2736   ( 4.933,  3.488, -6.042)  8.544 
J_iso: -0.2736 
----------------------------------------------------------------------------------------
   Fe1   Fe1   (  3,  -1,   0) -0.2736   ( 8.222, -2.325,  0.000)  8.544 
J_iso: -0.2736 
----------------------------------------------------------------------------------------
   Fe1   Fe1   ( -3,   0,  -3) -0.2736   (-4.933,  3.488, -6.042)  8.544 
J_iso: -0.2736 
----------------------------------------------------------------------------------------
   Fe1   Fe1   (  0,  -3,  -3) -0.2736   ( 4.933, -3.488, -6.042)  8.544 
J_iso: -0.2736 
----------------------------------------------------------------------------------------
   Fe1   Fe1   (  0,   3,   3) -0.2736   (-4.933,  3.488,  6.042)  8.544 
J_iso: -0.2736 
----------------------------------------------------------------------------------------
   Fe1   Fe1   (  3,   0,   3) -0.2736   ( 4.933, -3.488,  6.042)  8.544 
J_iso: -0.2736 
----------------------------------------------------------------------------------------
   Fe1   Fe1   ( -3,  -3,   0) -0.2736   (-4.933, -6.976,  0.000)  8.544 
J_iso: -0.2736 
----------------------------------------------------------------------------------------
   Fe1   Fe1   (  3,   3,   0) -0.2736   ( 4.933,  6.976,  0.000)  8.544 
J_iso: -0.2736 
----------------------------------------------------------------------------------------
   Fe1   Fe1   ( -3,  -2,   1) -0.4190   (-6.577, -5.814,  2.014)  9.007 
J_iso: -0.4190 
----------------------------------------------------------------------------------------
   Fe1   Fe1   ( -2,   1,  -3) -0.4190   (-3.289,  5.814, -6.042)  9.007 
J_iso: -0.4190 
----------------------------------------------------------------------------------------
   Fe1   Fe1   ( -1,   2,   3) -0.4190   (-6.577,  1.163,  6.042)  9.007 
J_iso: -0.4190 
----------------------------------------------------------------------------------------
   Fe1   Fe1   ( -1,   3,   2) -0.4190   (-6.577,  4.651,  4.028)  9.007 
J_iso: -0.4190 
----------------------------------------------------------------------------------------
   Fe1   Fe1   (  1,  -3,  -2) -0.4190   ( 6.577, -4.651, -4.028)  9.007 
J_iso: -0.4190 
----------------------------------------------------------------------------------------
   Fe1   Fe1   (  1,  -2,  -3) -0.4190   ( 6.577, -1.163, -6.042)  9.007 
J_iso: -0.4190 
----------------------------------------------------------------------------------------
   Fe1   Fe1   (  2,  -1,   3) -0.4190   ( 3.289, -5.814,  6.042)  9.007 
J_iso: -0.4190 
----------------------------------------------------------------------------------------
   Fe1   Fe1   (  3,   2,  -1) -0.4190   ( 6.577,  5.814, -2.014)  9.007 
J_iso: -0.4190 
----------------------------------------------------------------------------------------
   Fe1   Fe1   ( -3,   1,  -2) -0.4190   (-6.577,  4.651, -4.028)  9.007 
J_iso: -0.4190 
----------------------------------------------------------------------------------------
   Fe1   Fe1   ( -2,  -3,   1) -0.4190   (-3.289, -8.139,  2.014)  9.007 
J_iso: -0.4190 
----------------------------------------------------------------------------------------
   Fe1   Fe1   (  2,   3,  -1) -0.4190   ( 3.289,  8.139, -2.014)  9.007 
J_iso: -0.4190 
----------------------------------------------------------------------------------------
   Fe1   Fe1   (  3,  -1,   2) -0.4190   ( 6.577, -4.651,  4.028)  9.007 
J_iso: -0.4190 
----------------------------------------------------------------------------------------
   Fe1   Fe1   ( -3,   1,   1) -0.2307   (-9.044,  1.163,  2.014)  9.338 
J_iso: -0.2307 
----------------------------------------------------------------------------------------
   Fe1   Fe1   (  3,  -1,  -1) -0.2307   ( 9.044, -1.163, -2.014)  9.338 
J_iso: -0.2307 
----------------------------------------------------------------------------------------
   Fe1   Fe1   ( -1,  -1,   3) -0.2307   (-4.111, -5.814,  6.042)  9.338 
J_iso: -0.2307 
----------------------------------------------------------------------------------------
   Fe1   Fe1   ( -1,   3,  -1) -0.2307   (-4.111,  8.139, -2.014)  9.338 
J_iso: -0.2307 
----------------------------------------------------------------------------------------
   Fe1   Fe1   (  1,  -3,   1) -0.2307   ( 4.111, -8.139,  2.014)  9.338 
J_iso: -0.2307 
----------------------------------------------------------------------------------------
   Fe1   Fe1   (  1,   1,  -3) -0.2307   ( 4.111,  5.814, -6.042)  9.338 
J_iso: -0.2307 
----------------------------------------------------------------------------------------
   Fe1   Fe1   ( -2,  -2,   2)  0.1481   (-4.933, -6.976,  4.028)  9.446 
J_iso:  0.1481 
----------------------------------------------------------------------------------------
   Fe1   Fe1   ( -2,   2,  -2)  0.1481   (-4.933,  6.976, -4.028)  9.446 
J_iso:  0.1481 
----------------------------------------------------------------------------------------
   Fe1   Fe1   ( -2,   2,   2)  0.1481   (-8.222,  2.325,  4.028)  9.446 
J_iso:  0.1481 
----------------------------------------------------------------------------------------
   Fe1   Fe1   (  2,  -2,  -2)  0.1481   ( 8.222, -2.325, -4.028)  9.446 
J_iso:  0.1481 
----------------------------------------------------------------------------------------
   Fe1   Fe1   (  2,  -2,   2)  0.1481   ( 4.933, -6.976,  4.028)  9.446 
J_iso:  0.1481 
----------------------------------------------------------------------------------------
   Fe1   Fe1   (  2,   2,  -2)  0.1481   ( 4.933,  6.976, -4.028)  9.446 
J_iso:  0.1481 
----------------------------------------------------------------------------------------
   Fe1   Fe1   ( -3,   0,   2)  0.1158   (-9.044, -2.325,  4.028) 10.170 
J_iso:  0.1158 
----------------------------------------------------------------------------------------
   Fe1   Fe1   ( -3,   2,   0)  0.1158   (-9.044,  4.651,  0.000) 10.170 
J_iso:  0.1158 
----------------------------------------------------------------------------------------
   Fe1   Fe1   ( -2,   0,   3)  0.1158   (-7.400, -3.488,  6.042) 10.170 
J_iso:  0.1158 
----------------------------------------------------------------------------------------
   Fe1   Fe1   ( -2,   3,   0)  0.1158   (-7.400,  6.976,  0.000) 10.170 
J_iso:  0.1158 
----------------------------------------------------------------------------------------
   Fe1   Fe1   (  0,  -3,   2)  0.1158   ( 0.822, -9.302,  4.028) 10.170 
J_iso:  0.1158 
----------------------------------------------------------------------------------------
   Fe1   Fe1   (  0,  -2,   3)  0.1158   (-0.822, -8.139,  6.042) 10.170 
J_iso:  0.1158 
----------------------------------------------------------------------------------------
   Fe1   Fe1   (  0,   2,  -3)  0.1158   ( 0.822,  8.139, -6.042) 10.170 
J_iso:  0.1158 
----------------------------------------------------------------------------------------
   Fe1   Fe1   (  0,   3,  -2)  0.1158   (-0.822,  9.302, -4.028) 10.170 
J_iso:  0.1158 
----------------------------------------------------------------------------------------
   Fe1   Fe1   (  2,  -3,   0)  0.1158   ( 7.400, -6.976,  0.000) 10.170 
J_iso:  0.1158 
----------------------------------------------------------------------------------------
   Fe1   Fe1   (  2,   0,  -3)  0.1158   ( 7.400,  3.488, -6.042) 10.170 
J_iso:  0.1158 
----------------------------------------------------------------------------------------
   Fe1   Fe1   (  3,  -2,   0)  0.1158   ( 9.044, -4.651,  0.000) 10.170 
J_iso:  0.1158 
----------------------------------------------------------------------------------------
   Fe1   Fe1   (  3,   0,  -2)  0.1158   ( 9.044,  2.325, -4.028) 10.170 
J_iso:  0.1158 
----------------------------------------------------------------------------------------
   Fe1   Fe1   ( -3,   1,  -3)  0.1158   (-5.755,  5.814, -6.042) 10.170 
J_iso:  0.1158 
----------------------------------------------------------------------------------------
   Fe1   Fe1   ( -1,   3,   3)  0.1158   (-7.400,  3.488,  6.042) 10.170 
J_iso:  0.1158 
----------------------------------------------------------------------------------------
   Fe1   Fe1   (  1,  -3,  -3)  0.1158   ( 7.400, -3.488, -6.042) 10.170 
J_iso:  0.1158 
----------------------------------------------------------------------------------------
   Fe1   Fe1   (  3,  -1,   3)  0.1158   ( 5.755, -5.814,  6.042) 10.170 
J_iso:  0.1158 
----------------------------------------------------------------------------------------
   Fe1   Fe1   ( -3,  -3,   1)  0.1158   (-5.755, -8.139,  2.014) 10.170 
J_iso:  0.1158 
----------------------------------------------------------------------------------------
   Fe1   Fe1   (  3,   3,  -1)  0.1158   ( 5.755,  8.139, -2.014) 10.170 
J_iso:  0.1158 
----------------------------------------------------------------------------------------
   Fe1   Fe1   ( -3,   2,  -1)  0.0507   (-8.222,  5.814, -2.014) 10.269 
J_iso:  0.0507 
----------------------------------------------------------------------------------------
   Fe1   Fe1   (  3,  -2,   1)  0.0507   ( 8.222, -5.814,  2.014) 10.269 
J_iso:  0.0507 
----------------------------------------------------------------------------------------
   Fe1   Fe1   ( -3,  -1,   2)  0.0507   (-8.222, -4.651,  4.028) 10.269 
J_iso:  0.0507 
----------------------------------------------------------------------------------------
   Fe1   Fe1   ( -2,   1,   3)  0.0507   (-8.222, -1.163,  6.042) 10.269 
J_iso:  0.0507 
----------------------------------------------------------------------------------------
   Fe1   Fe1   ( -2,   3,   1)  0.0507   (-8.222,  5.814,  2.014) 10.269 
J_iso:  0.0507 
----------------------------------------------------------------------------------------
   Fe1   Fe1   ( -1,  -3,   2)  0.0507   (-1.644, -9.302,  4.028) 10.269 
J_iso:  0.0507 
----------------------------------------------------------------------------------------
   Fe1   Fe1   ( -1,   2,  -3)  0.0507   (-1.644,  8.139, -6.042) 10.269 
J_iso:  0.0507 
----------------------------------------------------------------------------------------
   Fe1   Fe1   (  1,  -2,   3)  0.0507   ( 1.644, -8.139,  6.042) 10.269 
J_iso:  0.0507 
----------------------------------------------------------------------------------------
   Fe1   Fe1   (  1,   3,  -2)  0.0507   ( 1.644,  9.302, -4.028) 10.269 
J_iso:  0.0507 
----------------------------------------------------------------------------------------
   Fe1   Fe1   (  2,  -3,  -1)  0.0507   ( 8.222, -5.814, -2.014) 10.269 
J_iso:  0.0507 
----------------------------------------------------------------------------------------
   Fe1   Fe1   (  2,  -1,  -3)  0.0507   ( 8.222,  1.163, -6.042) 10.269 
J_iso:  0.0507 
----------------------------------------------------------------------------------------
   Fe1   Fe1   (  3,   1,  -2)  0.0507   ( 8.222,  4.651, -4.028) 10.269 
J_iso:  0.0507 
----------------------------------------------------------------------------------------
   Fe1   Fe1   ( -3,   1,   2) -0.1813   (-9.866,  0.000,  4.028) 10.657 
J_iso: -0.1813 
----------------------------------------------------------------------------------------
   Fe1   Fe1   ( -3,   2,   1) -0.1813   (-9.866,  3.488,  2.014) 10.657 
J_iso: -0.1813 
----------------------------------------------------------------------------------------
   Fe1   Fe1   (  3,  -2,  -1) -0.1813   ( 9.866, -3.488, -2.014) 10.657 
J_iso: -0.1813 
----------------------------------------------------------------------------------------
   Fe1   Fe1   (  3,  -1,  -2) -0.1813   ( 9.866, -0.000, -4.028) 10.657 
J_iso: -0.1813 
----------------------------------------------------------------------------------------
   Fe1   Fe1   ( -2,  -1,   3) -0.1813   (-6.577, -5.814,  6.042) 10.657 
J_iso: -0.1813 
----------------------------------------------------------------------------------------
   Fe1   Fe1   ( -2,   3,  -1) -0.1813   (-6.577,  8.139, -2.014) 10.657 
J_iso: -0.1813 
----------------------------------------------------------------------------------------
   Fe1   Fe1   ( -1,  -2,   3) -0.1813   (-3.289, -8.139,  6.042) 10.657 
J_iso: -0.1813 
----------------------------------------------------------------------------------------
   Fe1   Fe1   ( -1,   3,  -2) -0.1813   (-3.289,  9.302, -4.028) 10.657 
J_iso: -0.1813 
----------------------------------------------------------------------------------------
   Fe1   Fe1   (  1,  -3,   2) -0.1813   ( 3.289, -9.302,  4.028) 10.657 
J_iso: -0.1813 
----------------------------------------------------------------------------------------
   Fe1   Fe1   (  1,   2,  -3) -0.1813   ( 3.289,  8.139, -6.042) 10.657 
J_iso: -0.1813 
----------------------------------------------------------------------------------------
   Fe1   Fe1   (  2,  -3,   1) -0.1813   ( 6.577, -8.139,  2.014) 10.657 
J_iso: -0.1813 
----------------------------------------------------------------------------------------
   Fe1   Fe1   (  2,   1,  -3) -0.1813   ( 6.577,  5.814, -6.042) 10.657 
J_iso: -0.1813 
----------------------------------------------------------------------------------------
   Fe1   Fe1   ( -3,  -2,   2)  0.0429   (-7.400, -6.976,  4.028) 10.938 
J_iso:  0.0429 
----------------------------------------------------------------------------------------
   Fe1   Fe1   ( -3,   2,  -2)  0.0429   (-7.400,  6.976, -4.028) 10.938 
J_iso:  0.0429 
----------------------------------------------------------------------------------------
   Fe1   Fe1   ( -2,   2,  -3)  0.0429   (-4.111,  8.139, -6.042) 10.938 
J_iso:  0.0429 
----------------------------------------------------------------------------------------
   Fe1   Fe1   ( -2,   2,   3)  0.0429   (-9.044,  1.163,  6.042) 10.938 
J_iso:  0.0429 
----------------------------------------------------------------------------------------
   Fe1   Fe1   ( -2,   3,   2)  0.0429   (-9.044,  4.651,  4.028) 10.938 
J_iso:  0.0429 
----------------------------------------------------------------------------------------
   Fe1   Fe1   (  2,  -3,  -2)  0.0429   ( 9.044, -4.651, -4.028) 10.938 
J_iso:  0.0429 
----------------------------------------------------------------------------------------
   Fe1   Fe1   (  2,  -2,  -3)  0.0429   ( 9.044, -1.163, -6.042) 10.938 
J_iso:  0.0429 
----------------------------------------------------------------------------------------
   Fe1   Fe1   (  2,  -2,   3)  0.0429   ( 4.111, -8.139,  6.042) 10.938 
J_iso:  0.0429 
----------------------------------------------------------------------------------------
   Fe1   Fe1   (  3,  -2,   2)  0.0429   ( 7.400, -6.976,  4.028) 10.938 
J_iso:  0.0429 
----------------------------------------------------------------------------------------
   Fe1   Fe1   (  3,   2,  -2)  0.0429   ( 7.400,  6.976, -4.028) 10.938 
J_iso:  0.0429 
----------------------------------------------------------------------------------------
   Fe1   Fe1   ( -2,  -3,   2)  0.0429   (-4.111, -9.302,  4.028) 10.938 
J_iso:  0.0429 
----------------------------------------------------------------------------------------
   Fe1   Fe1   (  2,   3,  -2)  0.0429   ( 4.111,  9.302, -4.028) 10.938 
J_iso:  0.0429 
----------------------------------------------------------------------------------------
   Fe1   Fe1   ( -3,   2,   2)  0.0484   (-10.688,  2.325,  4.028) 11.656 
J_iso:  0.0484 
----------------------------------------------------------------------------------------
   Fe1   Fe1   (  3,  -2,  -2)  0.0484   (10.688, -2.325, -4.028) 11.656 
J_iso:  0.0484 
----------------------------------------------------------------------------------------
   Fe1   Fe1   ( -2,  -2,   3)  0.0484   (-5.755, -8.139,  6.042) 11.656 
J_iso:  0.0484 
----------------------------------------------------------------------------------------
   Fe1   Fe1   ( -2,   3,  -2)  0.0484   (-5.755,  9.302, -4.028) 11.656 
J_iso:  0.0484 
----------------------------------------------------------------------------------------
   Fe1   Fe1   (  2,  -3,   2)  0.0484   ( 5.755, -9.302,  4.028) 11.656 
J_iso:  0.0484 
----------------------------------------------------------------------------------------
   Fe1   Fe1   (  2,   2,  -3)  0.0484   ( 5.755,  8.139, -6.042) 11.656 
J_iso:  0.0484 
----------------------------------------------------------------------------------------
   Fe1   Fe1   ( -3,   0,   3)  0.0904   (-9.866, -3.488,  6.042) 12.084 
J_iso:  0.0904 
----------------------------------------------------------------------------------------
   Fe1   Fe1   ( -3,   3,   0)  0.0904   (-9.866,  6.976,  0.000) 12.084 
J_iso:  0.0904 
----------------------------------------------------------------------------------------
   Fe1   Fe1   (  0,  -3,   3)  0.0904   ( 0.000, -10.465,  6.042) 12.084 
J_iso:  0.0904 
----------------------------------------------------------------------------------------
   Fe1   Fe1   (  0,   3,  -3)  0.0904   ( 0.000, 10.465, -6.042) 12.084 
J_iso:  0.0904 
----------------------------------------------------------------------------------------
   Fe1   Fe1   (  3,  -3,   0)  0.0904   ( 9.866, -6.976,  0.000) 12.084 
J_iso:  0.0904 
----------------------------------------------------------------------------------------
   Fe1   Fe1   (  3,   0,  -3)  0.0904   ( 9.866,  3.488, -6.042) 12.084 
J_iso:  0.0904 
----------------------------------------------------------------------------------------
   Fe1   Fe1   ( -3,   2,  -3)  0.0904   (-6.577,  8.139, -6.042) 12.084 
J_iso:  0.0904 
----------------------------------------------------------------------------------------
   Fe1   Fe1   ( -2,   3,   3)  0.0904   (-9.866,  3.488,  6.042) 12.084 
J_iso:  0.0904 
----------------------------------------------------------------------------------------
   Fe1   Fe1   (  2,  -3,  -3)  0.0904   ( 9.866, -3.488, -6.042) 12.084 
J_iso:  0.0904 
----------------------------------------------------------------------------------------
   Fe1   Fe1   (  3,  -2,   3)  0.0904   ( 6.577, -8.139,  6.042) 12.084 
J_iso:  0.0904 
----------------------------------------------------------------------------------------
   Fe1   Fe1   ( -3,  -3,   2)  0.0904   (-6.577, -9.302,  4.028) 12.084 
J_iso:  0.0904 
----------------------------------------------------------------------------------------
   Fe1   Fe1   (  3,   3,  -2)  0.0904   ( 6.577,  9.302, -4.028) 12.084 
J_iso:  0.0904 
----------------------------------------------------------------------------------------
   Fe1   Fe1   ( -3,   1,   3) -0.4202   (-10.688, -1.163,  6.042) 12.333 
J_iso: -0.4202 
----------------------------------------------------------------------------------------
   Fe1   Fe1   ( -3,   3,   1) -0.4202   (-10.688,  5.814,  2.014) 12.333 
J_iso: -0.4202 
----------------------------------------------------------------------------------------
   Fe1   Fe1   (  3,  -3,  -1) -0.4202   (10.688, -5.814, -2.014) 12.333 
J_iso: -0.4202 
----------------------------------------------------------------------------------------
   Fe1   Fe1   (  3,  -1,  -3) -0.4202   (10.688,  1.163, -6.042) 12.333 
J_iso: -0.4202 
----------------------------------------------------------------------------------------
   Fe1   Fe1   ( -3,  -1,   3) -0.4202   (-9.044, -5.814,  6.042) 12.333 
J_iso: -0.4202 
----------------------------------------------------------------------------------------
   Fe1   Fe1   (  3,   1,  -3) -0.4202   ( 9.044,  5.814, -6.042) 12.333 
J_iso: -0.4202 
----------------------------------------------------------------------------------------
   Fe1   Fe1   ( -3,   3,  -1) -0.4202   (-9.044,  8.139, -2.014) 12.333 
J_iso: -0.4202 
----------------------------------------------------------------------------------------
   Fe1   Fe1   ( -1,  -3,   3) -0.4202   (-2.467, -10.465,  6.042) 12.333 
J_iso: -0.4202 
----------------------------------------------------------------------------------------
   Fe1   Fe1   ( -1,   3,  -3) -0.4202   (-2.467, 10.465, -6.042) 12.333 
J_iso: -0.4202 
----------------------------------------------------------------------------------------
   Fe1   Fe1   (  1,  -3,   3) -0.4202   ( 2.467, -10.465,  6.042) 12.333 
J_iso: -0.4202 
----------------------------------------------------------------------------------------
   Fe1   Fe1   (  1,   3,  -3) -0.4202   ( 2.467, 10.465, -6.042) 12.333 
J_iso: -0.4202 
----------------------------------------------------------------------------------------
   Fe1   Fe1   (  3,  -3,   1) -0.4202   ( 9.044, -8.139,  2.014) 12.333 
J_iso: -0.4202 
----------------------------------------------------------------------------------------
   Fe1   Fe1   ( -3,  -2,   3) -0.1835   (-8.222, -8.139,  6.042) 13.052 
J_iso: -0.1835 
----------------------------------------------------------------------------------------
   Fe1   Fe1   ( -3,   2,   3) -0.1835   (-11.511,  1.163,  6.042) 13.052 
J_iso: -0.1835 
----------------------------------------------------------------------------------------
   Fe1   Fe1   ( -3,   3,   2) -0.1835   (-11.511,  4.651,  4.028) 13.052 
J_iso: -0.1835 
----------------------------------------------------------------------------------------
   Fe1   Fe1   (  3,  -3,  -2) -0.1835   (11.511, -4.651, -4.028) 13.052 
J_iso: -0.1835 
----------------------------------------------------------------------------------------
   Fe1   Fe1   (  3,  -2,  -3) -0.1835   (11.511, -1.163, -6.042) 13.052 
J_iso: -0.1835 
----------------------------------------------------------------------------------------
   Fe1   Fe1   (  3,   2,  -3) -0.1835   ( 8.222,  8.139, -6.042) 13.052 
J_iso: -0.1835 
----------------------------------------------------------------------------------------
   Fe1   Fe1   ( -3,   3,  -2) -0.1835   (-8.222,  9.302, -4.028) 13.052 
J_iso: -0.1835 
----------------------------------------------------------------------------------------
   Fe1   Fe1   ( -2,  -3,   3) -0.1835   (-4.933, -10.465,  6.042) 13.052 
J_iso: -0.1835 
----------------------------------------------------------------------------------------
   Fe1   Fe1   ( -2,   3,  -3) -0.1835   (-4.933, 10.465, -6.042) 13.052 
J_iso: -0.1835 
----------------------------------------------------------------------------------------
   Fe1   Fe1   (  2,  -3,   3) -0.1835   ( 4.933, -10.465,  6.042) 13.052 
J_iso: -0.1835 
----------------------------------------------------------------------------------------
   Fe1   Fe1   (  2,   3,  -3) -0.1835   ( 4.933, 10.465, -6.042) 13.052 
J_iso: -0.1835 
----------------------------------------------------------------------------------------
   Fe1   Fe1   (  3,  -3,   2) -0.1835   ( 8.222, -9.302,  4.028) 13.052 
J_iso: -0.1835 
----------------------------------------------------------------------------------------
   Fe1   Fe1   ( -3,   3,   3) -0.2008   (-12.333,  3.488,  6.042) 14.169 
J_iso: -0.2008 
----------------------------------------------------------------------------------------
   Fe1   Fe1   (  3,  -3,  -3) -0.2008   (12.333, -3.488, -6.042) 14.169 
J_iso: -0.2008 
----------------------------------------------------------------------------------------
   Fe1   Fe1   ( -3,  -3,   3) -0.2008   (-7.400, -10.465,  6.042) 14.169 
J_iso: -0.2008 
----------------------------------------------------------------------------------------
   Fe1   Fe1   ( -3,   3,  -3) -0.2008   (-7.400, 10.465, -6.042) 14.169 
J_iso: -0.2008 
----------------------------------------------------------------------------------------
   Fe1   Fe1   (  3,  -3,   3) -0.2008   ( 7.400, -10.465,  6.042) 14.169 
J_iso: -0.2008 
----------------------------------------------------------------------------------------
   Fe1   Fe1   (  3,   3,  -3) -0.2008   ( 7.400, 10.465, -6.042) 14.169 
J_iso: -0.2008 
